\BOOKMARK [0][-]{chapter*.1}{\376\377\000F\000i\000l\000o\000s\000o\000f\000i\000a\000\040\000y\000\040\000P\000r\000i\000n\000c\000i\000p\000i\000o\000s}{}% 1
\BOOKMARK [0][-]{chapter*.3}{\376\377\000G\000l\000o\000s\000a\000r\000i\000o\000\040\000d\000e\000\040\000I\000c\000o\000n\000o\000s}{}% 2
\BOOKMARK [-1][-]{part.1}{\376\377\000I\000\040\000F\000u\000n\000d\000a\000m\000e\000n\000t\000o\000s\000\040\000y\000\040\000P\000r\000i\000m\000e\000r\000o\000s\000\040\000P\000a\000s\000o\000s}{}% 3
\BOOKMARK [0][-]{chapter.1}{\376\377\000O\000n\000b\000o\000a\000r\000d\000i\000n\000g\000\040\000e\000\040\000I\000d\000e\000n\000t\000i\000d\000a\000d}{part.1}% 4
\BOOKMARK [1][-]{section.1.1}{\376\377\000C\000o\000n\000f\000i\000g\000u\000r\000a\000c\000i\000o\000n\000\040\000d\000e\000\040\000I\000d\000e\000n\000t\000i\000d\000a\000d}{chapter.1}% 5
\BOOKMARK [2][-]{subsection.1.1.1}{\376\377\000C\000a\000m\000p\000o\000s\000\040\000d\000e\000\040\000C\000o\000n\000f\000i\000g\000u\000r\000a\000c\000i\000o\000n}{section.1.1}% 6
\BOOKMARK [2][-]{subsection.1.1.2}{\376\377\000M\000e\000j\000o\000r\000e\000s\000\040\000P\000r\000a\000c\000t\000i\000c\000a\000s\000\040\000p\000a\000r\000a\000\040\000l\000a\000\040\000N\000o\000m\000e\000n\000c\000l\000a\000t\000u\000r\000a}{section.1.1}% 7
\BOOKMARK [1][-]{section.1.2}{\376\377\000V\000i\000n\000c\000u\000l\000a\000c\000i\000o\000n\000\040\000d\000e\000l\000\040\000N\000o\000d\000o}{chapter.1}% 8
\BOOKMARK [2][-]{subsection.1.2.1}{\376\377\000I\000n\000f\000o\000r\000m\000a\000c\000i\000o\000n\000\040\000D\000e\000t\000e\000c\000t\000a\000d\000a\000\040\000A\000u\000t\000o\000m\000a\000t\000i\000c\000a\000m\000e\000n\000t\000e}{section.1.2}% 9
\BOOKMARK [2][-]{subsection.1.2.2}{\376\377\000G\000e\000n\000e\000r\000a\000c\000i\000o\000n\000\040\000d\000e\000l\000\040\000C\000l\000i\000e\000n\000t\000\040\000I\000D}{section.1.2}% 10
\BOOKMARK [2][-]{subsection.1.2.3}{\376\377\000P\000r\000o\000c\000e\000s\000o\000\040\000d\000e\000\040\000V\000i\000n\000c\000u\000l\000a\000c\000i\000o\000n}{section.1.2}% 11
\BOOKMARK [1][-]{section.1.3}{\376\377\000P\000a\000n\000t\000a\000l\000l\000a\000\040\000d\000e\000\040\000B\000i\000e\000n\000v\000e\000n\000i\000d\000a}{chapter.1}% 12
\BOOKMARK [1][-]{section.1.4}{\376\377\000R\000e\000s\000u\000m\000e\000n\000\040\000d\000e\000l\000\040\000P\000r\000o\000c\000e\000s\000o\000\040\000d\000e\000\040\000O\000n\000b\000o\000a\000r\000d\000i\000n\000g}{chapter.1}% 13
\BOOKMARK [1][-]{section.1.5}{\376\377\000S\000o\000l\000u\000c\000i\000o\000n\000\040\000d\000e\000\040\000P\000r\000o\000b\000l\000e\000m\000a\000s\000\040\000C\000o\000m\000u\000n\000e\000s}{chapter.1}% 14
\BOOKMARK [1][-]{section.1.6}{\376\377\000E\000n\000t\000o\000r\000n\000o\000\040\000d\000e\000\040\000C\000r\000i\000p\000t\000o\000g\000r\000a\000f\000i\000a}{chapter.1}% 15
\BOOKMARK [2][-]{subsection.1.6.1}{\376\377\000D\000e\000v\000i\000c\000e\000\040\000S\000e\000c\000r\000e\000t\000:\000\040\000C\000l\000a\000v\000e\000\040\000U\000n\000i\000c\000a\000\040\000d\000e\000l\000\040\000D\000i\000s\000p\000o\000s\000i\000t\000i\000v\000o}{section.1.6}% 16
\BOOKMARK [2][-]{subsection.1.6.2}{\376\377\000A\000E\000S\000-\0002\0005\0006\000-\000G\000C\000M\000:\000\040\000C\000i\000f\000r\000a\000d\000o\000\040\000d\000e\000\040\000D\000a\000t\000o\000s}{section.1.6}% 17
\BOOKMARK [2][-]{subsection.1.6.3}{\376\377\000A\000r\000g\000o\000n\0002\000i\000d\000:\000\040\000P\000r\000o\000t\000e\000c\000c\000i\000o\000n\000\040\000d\000e\000\040\000C\000r\000e\000d\000e\000n\000c\000i\000a\000l\000e\000s}{section.1.6}% 18
\BOOKMARK [2][-]{subsection.1.6.4}{\376\377\000T\000L\000S\000\040\0001\000.\0003\000:\000\040\000C\000o\000m\000u\000n\000i\000c\000a\000c\000i\000o\000n\000e\000s\000\040\000S\000e\000g\000u\000r\000a\000s}{section.1.6}% 19
\BOOKMARK [2][-]{subsection.1.6.5}{\376\377\000F\000l\000u\000j\000o\000\040\000d\000e\000\040\000C\000i\000f\000r\000a\000d\000o\000\040\000C\000o\000m\000p\000l\000e\000t\000o}{section.1.6}% 20
\BOOKMARK [0][-]{chapter.2}{\376\377\000I\000n\000t\000e\000r\000f\000a\000z\000\040\000d\000e\000\040\000U\000s\000u\000a\000r\000i\000o\000\040\000y\000\040\000S\000a\000n\000d\000r\000a\000\040\000A\000I}{part.1}% 21
\BOOKMARK [1][-]{section.2.1}{\376\377\000E\000l\000\040\000D\000a\000s\000h\000b\000o\000a\000r\000d\000\040\000P\000r\000i\000n\000c\000i\000p\000a\000l}{chapter.2}% 22
\BOOKMARK [2][-]{subsection.2.1.1}{\376\377\000P\000a\000n\000e\000l\000\040\000d\000e\000\040\000M\000e\000t\000r\000i\000c\000a\000s\000\040\000d\000e\000l\000\040\000S\000i\000s\000t\000e\000m\000a}{section.2.1}% 23
\BOOKMARK [2][-]{subsection.2.1.2}{\376\377\000I\000n\000t\000e\000r\000p\000r\000e\000t\000a\000c\000i\000o\000n\000\040\000d\000e\000\040\000l\000a\000s\000\040\000M\000e\000t\000r\000i\000c\000a\000s}{section.2.1}% 24
\BOOKMARK [1][-]{section.2.2}{\376\377\000A\000s\000i\000s\000t\000e\000n\000t\000e\000\040\000S\000a\000n\000d\000r\000a\000\040\000A\000I}{chapter.2}% 25
\BOOKMARK [2][-]{subsection.2.2.1}{\376\377\000A\000c\000t\000i\000v\000a\000c\000i\000o\000n\000\040\000d\000e\000l\000\040\000A\000s\000i\000s\000t\000e\000n\000t\000e}{section.2.2}% 26
\BOOKMARK [2][-]{subsection.2.2.2}{\376\377\000T\000i\000p\000o\000s\000\040\000d\000e\000\040\000I\000n\000t\000e\000r\000a\000c\000c\000i\000o\000n}{section.2.2}% 27
\BOOKMARK [2][-]{subsection.2.2.3}{\376\377\000C\000o\000m\000a\000n\000d\000o\000s\000\040\000P\000r\000e\000d\000e\000f\000i\000n\000i\000d\000o\000s}{section.2.2}% 28
\BOOKMARK [1][-]{section.2.3}{\376\377\000N\000a\000v\000e\000g\000a\000c\000i\000o\000n\000\040\000P\000r\000i\000n\000c\000i\000p\000a\000l}{chapter.2}% 29
\BOOKMARK [2][-]{subsection.2.3.1}{\376\377\000A\000c\000c\000e\000s\000o\000s\000\040\000D\000i\000r\000e\000c\000t\000o\000s}{section.2.3}% 30
\BOOKMARK [1][-]{section.2.4}{\376\377\000P\000e\000r\000s\000o\000n\000a\000l\000i\000z\000a\000c\000i\000o\000n\000\040\000d\000e\000l\000\040\000D\000a\000s\000h\000b\000o\000a\000r\000d}{chapter.2}% 31
\BOOKMARK [2][-]{subsection.2.4.1}{\376\377\000T\000e\000m\000a\000s\000\040\000d\000e\000\040\000C\000o\000l\000o\000r}{section.2.4}% 32
\BOOKMARK [1][-]{section.2.5}{\376\377\000A\000r\000q\000u\000i\000t\000e\000c\000t\000u\000r\000a\000\040\000d\000e\000l\000\040\000S\000i\000s\000t\000e\000m\000a}{chapter.2}% 33
\BOOKMARK [2][-]{subsection.2.5.1}{\376\377\000A\000r\000q\000u\000i\000t\000e\000c\000t\000u\000r\000a\000\040\000M\000u\000l\000t\000i\000c\000a\000p\000a}{section.2.5}% 34
\BOOKMARK [2][-]{subsection.2.5.2}{\376\377\000C\000o\000m\000p\000o\000n\000e\000n\000t\000e\000s\000\040\000d\000e\000\040\000l\000a\000\040\000C\000a\000p\000a\000\040\000d\000e\000\040\000P\000r\000e\000s\000e\000n\000t\000a\000c\000i\000o\000n}{section.2.5}% 35
\BOOKMARK [2][-]{subsection.2.5.3}{\376\377\000C\000o\000m\000p\000o\000n\000e\000n\000t\000e\000s\000\040\000d\000e\000\040\000l\000a\000\040\000C\000a\000p\000a\000\040\000d\000e\000\040\000C\000o\000r\000e\000\040\000\050\000R\000u\000s\000t\000\051}{section.2.5}% 36
\BOOKMARK [2][-]{subsection.2.5.4}{\376\377\000C\000o\000m\000u\000n\000i\000c\000a\000c\000i\000o\000n\000\040\000e\000n\000t\000r\000e\000\040\000C\000a\000p\000a\000s}{section.2.5}% 37
\BOOKMARK [2][-]{subsection.2.5.5}{\376\377\000P\000r\000o\000t\000o\000c\000o\000l\000o\000\040\000S\000a\000n\000d\000r\000a\000-\000A\000p\000p}{section.2.5}% 38
\BOOKMARK [-1][-]{part.2}{\376\377\000I\000I\000\040\000G\000e\000s\000t\000i\000\363\000n\000\040\000y\000\040\000O\000p\000e\000r\000a\000c\000i\000o\000n\000e\000s}{}% 39
\BOOKMARK [0][-]{chapter.3}{\376\377\000G\000e\000s\000t\000i\000o\000n\000\040\000d\000e\000\040\000C\000o\000n\000e\000x\000i\000o\000n\000e\000s\000\040\000y\000\040\000A\000p\000l\000i\000c\000a\000c\000i\000o\000n\000e\000s}{part.2}% 40
\BOOKMARK [1][-]{section.3.1}{\376\377\000P\000e\000r\000f\000i\000l\000e\000s\000\040\000d\000e\000\040\000C\000o\000n\000e\000x\000i\000o\000n}{chapter.3}% 41
\BOOKMARK [2][-]{subsection.3.1.1}{\376\377\000C\000r\000e\000a\000c\000i\000o\000n\000\040\000d\000e\000\040\000N\000u\000e\000v\000a\000\040\000C\000o\000n\000e\000x\000i\000o\000n}{section.3.1}% 42
\BOOKMARK [2][-]{subsection.3.1.2}{\376\377\000P\000a\000r\000a\000m\000e\000t\000r\000o\000s\000\040\000d\000e\000\040\000C\000o\000n\000e\000x\000i\000o\000n}{section.3.1}% 43
\BOOKMARK [1][-]{section.3.2}{\376\377\000G\000e\000s\000t\000i\000o\000n\000\040\000d\000e\000\040\000A\000p\000l\000i\000c\000a\000c\000i\000o\000n\000e\000s}{chapter.3}% 44
\BOOKMARK [2][-]{subsection.3.2.1}{\376\377\000L\000i\000s\000t\000a\000\040\000d\000e\000\040\000A\000p\000l\000i\000c\000a\000c\000i\000o\000n\000e\000s}{section.3.2}% 45
\BOOKMARK [2][-]{subsection.3.2.2}{\376\377\000F\000o\000r\000m\000u\000l\000a\000r\000i\000o\000\040\000d\000e\000\040\000N\000u\000e\000v\000a\000\040\000A\000p\000l\000i\000c\000a\000c\000i\000o\000n}{section.3.2}% 46
\BOOKMARK [2][-]{subsection.3.2.3}{\376\377\000R\000e\000p\000o\000s\000i\000t\000o\000r\000i\000o\000\040\000F\000u\000e\000n\000t\000e}{section.3.2}% 47
\BOOKMARK [1][-]{section.3.3}{\376\377\000L\000i\000s\000t\000a\000\040\000d\000e\000\040\000C\000o\000n\000e\000x\000i\000o\000n\000e\000s\000\040\000A\000c\000t\000i\000v\000a\000s}{chapter.3}% 48
\BOOKMARK [2][-]{subsection.3.3.1}{\376\377\000I\000n\000f\000o\000r\000m\000a\000c\000i\000o\000n\000\040\000V\000i\000s\000u\000a\000l\000i\000z\000a\000d\000a}{section.3.3}% 49
\BOOKMARK [1][-]{section.3.4}{\376\377\000G\000e\000s\000t\000i\000o\000n\000\040\000d\000e\000l\000\040\000M\000o\000n\000i\000t\000o\000r\000\040\000d\000e\000l\000\040\000S\000i\000s\000t\000e\000m\000a}{chapter.3}% 50
\BOOKMARK [2][-]{subsection.3.4.1}{\376\377\000M\000e\000t\000r\000i\000c\000a\000s\000\040\000d\000e\000\040\000H\000a\000r\000d\000w\000a\000r\000e}{section.3.4}% 51
\BOOKMARK [2][-]{subsection.3.4.2}{\376\377\000I\000n\000s\000p\000e\000c\000t\000o\000r\000\040\000d\000e\000\040\000R\000e\000d}{section.3.4}% 52
\BOOKMARK [1][-]{section.3.5}{\376\377\000B\000u\000z\000o\000n\000\040\000d\000e\000\040\000S\000e\000g\000u\000r\000i\000d\000a\000d\000\040\000\050\000M\000a\000i\000l\000b\000o\000x\000\051}{chapter.3}% 53
\BOOKMARK [2][-]{subsection.3.5.1}{\376\377\000A\000r\000q\000u\000i\000t\000e\000c\000t\000u\000r\000a\000\040\000d\000e\000l\000\040\000M\000a\000i\000l\000b\000o\000x}{section.3.5}% 54
\BOOKMARK [2][-]{subsection.3.5.2}{\376\377\000O\000p\000t\000i\000m\000i\000z\000a\000c\000i\000o\000n\000\040\000d\000e\000\040\000R\000e\000n\000d\000i\000m\000i\000e\000n\000t\000o}{section.3.5}% 55
\BOOKMARK [2][-]{subsection.3.5.3}{\376\377\000C\000e\000r\000t\000i\000f\000i\000c\000a\000c\000i\000o\000n\000\040\000A\000u\000t\000o\000m\000a\000t\000i\000c\000a\000\040\000d\000e\000\040\000D\000e\000s\000c\000a\000r\000g\000a}{section.3.5}% 56
\BOOKMARK [2][-]{subsection.3.5.4}{\376\377\000M\000o\000d\000e\000l\000o\000\040\000d\000e\000\040\000S\000e\000g\000u\000r\000i\000d\000a\000d\000\040\000d\000e\000l\000\040\000M\000a\000i\000l\000b\000o\000x}{section.3.5}% 57
\BOOKMARK [1][-]{section.3.6}{\376\377\000I\000n\000t\000e\000r\000f\000a\000z\000\040\000d\000e\000l\000\040\000B\000u\000z\000o\000n\000\040\000d\000e\000\040\000S\000e\000g\000u\000r\000i\000d\000a\000d}{chapter.3}% 58
\BOOKMARK [2][-]{subsection.3.6.1}{\376\377\000N\000a\000v\000e\000g\000a\000c\000i\000o\000n\000\040\000p\000o\000r\000\040\000P\000e\000s\000t\000a\000n\000a\000s}{section.3.6}% 59
\BOOKMARK [2][-]{subsection.3.6.2}{\376\377\000C\000o\000m\000p\000o\000s\000i\000c\000i\000o\000n\000\040\000d\000e\000\040\000M\000e\000n\000s\000a\000j\000e\000s}{section.3.6}% 60
\BOOKMARK [2][-]{subsection.3.6.3}{\376\377\000G\000e\000s\000t\000i\000o\000n\000\040\000d\000e\000\040\000A\000r\000c\000h\000i\000v\000o\000s\000\040\000A\000d\000j\000u\000n\000t\000o\000s}{section.3.6}% 61
\BOOKMARK [2][-]{subsection.3.6.4}{\376\377\000N\000o\000t\000i\000f\000i\000c\000a\000c\000i\000o\000n\000e\000s\000\040\000y\000\040\000S\000e\000g\000u\000i\000m\000i\000e\000n\000t\000o}{section.3.6}% 62
\BOOKMARK [1][-]{section.3.7}{\376\377\000S\000a\000n\000d\000r\000a\000C\000h\000a\000t\000B\000o\000x}{chapter.3}% 63
\BOOKMARK [2][-]{subsection.3.7.1}{\376\377\000G\000e\000s\000t\000i\000o\000n\000\040\000d\000e\000\040\000H\000i\000s\000t\000o\000r\000i\000a\000l\000\040\000p\000o\000r\000\040\000S\000e\000s\000i\000o\000n\000e\000s}{section.3.7}% 64
\BOOKMARK [2][-]{subsection.3.7.2}{\376\377\000L\000i\000s\000t\000a\000\040\000d\000e\000\040\000C\000o\000n\000v\000e\000r\000s\000a\000c\000i\000o\000n\000e\000s}{section.3.7}% 65
\BOOKMARK [2][-]{subsection.3.7.3}{\376\377\000V\000i\000s\000t\000a\000\040\000d\000e\000\040\000C\000o\000n\000v\000e\000r\000s\000a\000c\000i\000o\000n}{section.3.7}% 66
\BOOKMARK [2][-]{subsection.3.7.4}{\376\377\000A\000g\000e\000n\000d\000a\000\040\000d\000e\000\040\000C\000o\000n\000t\000a\000c\000t\000o\000s}{section.3.7}% 67
\BOOKMARK [2][-]{subsection.3.7.5}{\376\377\000P\000e\000r\000f\000i\000l\000e\000s\000\040\000y\000\040\000C\000o\000n\000f\000i\000g\000u\000r\000a\000c\000i\000o\000n}{section.3.7}% 68
\BOOKMARK [2][-]{subsection.3.7.6}{\376\377\000E\000l\000i\000m\000i\000n\000a\000c\000i\000o\000n\000\040\000d\000e\000\040\000H\000i\000s\000t\000o\000r\000i\000a\000l}{section.3.7}% 69
\BOOKMARK [2][-]{subsection.3.7.7}{\376\377\000I\000n\000t\000e\000g\000r\000a\000c\000i\000o\000n\000\040\000c\000o\000n\000\040\000e\000l\000\040\000M\000o\000t\000o\000r\000\040\000d\000e\000\040\000S\000e\000g\000u\000r\000i\000d\000a\000d}{section.3.7}% 70
\BOOKMARK [0][-]{chapter.4}{\376\377\000S\000e\000g\000u\000r\000i\000d\000a\000d\000\040\000y\000\040\000P\000o\000l\000i\000t\000i\000c\000a\000s\000\040\000d\000e\000\040\000P\000r\000o\000t\000e\000c\000c\000i\000o\000n}{part.2}% 71
\BOOKMARK [1][-]{section.4.1}{\376\377\000C\000o\000n\000f\000i\000g\000u\000r\000a\000c\000i\000o\000n\000\040\000d\000e\000\040\000S\000e\000g\000u\000r\000i\000d\000a\000d}{chapter.4}% 72
\BOOKMARK [2][-]{subsection.4.1.1}{\376\377\000N\000i\000v\000e\000l\000e\000s\000\040\000d\000e\000\040\000S\000e\000g\000u\000r\000i\000d\000a\000d\000\040\000P\000r\000e\000d\000e\000f\000i\000n\000i\000d\000o\000s}{section.4.1}% 73
\BOOKMARK [1][-]{section.4.2}{\376\377\000P\000o\000l\000i\000t\000i\000c\000a\000s\000\040\000d\000e\000\040\000C\000o\000n\000t\000r\000a\000s\000e\000n\000a\000s}{chapter.4}% 74
\BOOKMARK [2][-]{subsection.4.2.1}{\376\377\000C\000o\000n\000f\000i\000g\000u\000r\000a\000c\000i\000o\000n\000\040\000d\000e\000\040\000R\000e\000g\000e\000x}{section.4.2}% 75
\BOOKMARK [2][-]{subsection.4.2.2}{\376\377\000A\000l\000g\000o\000r\000i\000t\000m\000o\000\040\000d\000e\000\040\000H\000a\000s\000h\000i\000n\000g}{section.4.2}% 76
\BOOKMARK [1][-]{section.4.3}{\376\377\000R\000u\000t\000a\000s\000\040\000P\000r\000o\000x\000y}{chapter.4}% 77
\BOOKMARK [2][-]{subsection.4.3.1}{\376\377\000C\000r\000e\000a\000c\000i\000o\000n\000\040\000d\000e\000\040\000R\000u\000t\000a\000s}{section.4.3}% 78
\BOOKMARK [2][-]{subsection.4.3.2}{\376\377\000C\000o\000d\000i\000g\000o\000\040\000I\000D\000\040\000d\000e\000\040\000S\000e\000g\000u\000r\000i\000d\000a\000d}{section.4.3}% 79
\BOOKMARK [2][-]{subsection.4.3.3}{\376\377\000P\000e\000r\000s\000i\000s\000t\000e\000n\000c\000i\000a\000\040\000d\000e\000\040\000T\000r\000a\000f\000i\000c\000o}{section.4.3}% 80
\BOOKMARK [1][-]{section.4.4}{\376\377\000A\000u\000d\000i\000t\000o\000r\000i\000a\000\040\000y\000\040\000L\000o\000g\000s}{chapter.4}% 81
\BOOKMARK [2][-]{subsection.4.4.1}{\376\377\000N\000i\000v\000e\000l\000e\000s\000\040\000d\000e\000\040\000A\000u\000d\000i\000t\000o\000r\000i\000a}{section.4.4}% 82
\BOOKMARK [2][-]{subsection.4.4.2}{\376\377\000E\000s\000t\000r\000u\000c\000t\000u\000r\000a\000\040\000d\000e\000\040\000L\000o\000g\000s}{section.4.4}% 83
\BOOKMARK [1][-]{section.4.5}{\376\377\000A\000r\000q\000u\000i\000t\000e\000c\000t\000u\000r\000a\000\040\000d\000e\000\040\000D\000e\000f\000e\000n\000s\000a\000\040\000e\000n\000\040\000P\000r\000o\000f\000u\000n\000d\000i\000d\000a\000d}{chapter.4}% 84
\BOOKMARK [1][-]{section.4.6}{\376\377\000M\000a\000r\000c\000o\000\040\000N\000o\000r\000m\000a\000t\000i\000v\000o\000\040\000I\000n\000t\000e\000r\000n\000a\000c\000i\000o\000n\000a\000l}{chapter.4}% 85
\BOOKMARK [2][-]{subsection.4.6.1}{\376\377\000I\000S\000O\000/\000I\000E\000C\000\040\0002\0007\0000\0000\0001\000:\000\040\000C\000o\000n\000t\000r\000o\000l\000\040\000d\000e\000\040\000C\000r\000i\000p\000t\000o\000g\000r\000a\000f\000i\000a}{section.4.6}% 86
\BOOKMARK [2][-]{subsection.4.6.2}{\376\377\000I\000S\000O\000/\000I\000E\000C\000\040\0002\0007\0000\0003\0004\000:\000\040\000S\000e\000g\000u\000r\000i\000d\000a\000d\000\040\000d\000e\000\040\000A\000p\000l\000i\000c\000a\000c\000i\000o\000n\000e\000s}{section.4.6}% 87
\BOOKMARK [2][-]{subsection.4.6.3}{\376\377\000I\000S\000O\000/\000I\000E\000C\000\040\0002\0007\0000\0003\0002\000:\000\040\000C\000i\000b\000e\000r\000s\000e\000g\000u\000r\000i\000d\000a\000d}{section.4.6}% 88
\BOOKMARK [2][-]{subsection.4.6.4}{\376\377\000C\000O\000B\000I\000T\000\040\0002\0000\0001\0009\000:\000\040\000G\000o\000b\000e\000r\000n\000a\000n\000z\000a\000\040\000d\000e\000\040\000T\000I}{section.4.6}% 89
\BOOKMARK [1][-]{section.4.7}{\376\377\000C\000e\000r\000t\000i\000f\000i\000c\000a\000c\000i\000o\000n\000e\000s\000\040\000y\000\040\000C\000u\000m\000p\000l\000i\000m\000i\000e\000n\000t\000o}{chapter.4}% 90
\BOOKMARK [-1][-]{part.3}{\376\377\000I\000I\000I\000\040\000S\000e\000g\000u\000r\000i\000d\000a\000d\000\040\000A\000v\000a\000n\000z\000a\000d\000a}{}% 91
\BOOKMARK [0][-]{chapter.5}{\376\377\000V\000i\000s\000o\000r\000\040\000d\000e\000\040\000D\000o\000c\000u\000m\000e\000n\000t\000o\000s\000\040\000S\000e\000g\000u\000r\000o}{part.3}% 92
\BOOKMARK [1][-]{section.5.1}{\376\377\000V\000i\000s\000o\000r\000\040\000S\000e\000g\000u\000r\000o\000\040\000d\000e\000\040\000S\000D\000C}{chapter.5}% 93
\BOOKMARK [2][-]{subsection.5.1.1}{\376\377\000P\000r\000i\000n\000c\000i\000p\000i\000o\000\040\000d\000e\000\040\000O\000p\000e\000r\000a\000c\000i\000o\000n}{section.5.1}% 94
\BOOKMARK [1][-]{section.5.2}{\376\377\000F\000o\000r\000m\000a\000t\000o\000s\000\040\000S\000o\000p\000o\000r\000t\000a\000d\000o\000s}{chapter.5}% 95
\BOOKMARK [1][-]{section.5.3}{\376\377\000L\000i\000s\000t\000a\000\040\000d\000e\000\040\000D\000o\000c\000u\000m\000e\000n\000t\000o\000s}{chapter.5}% 96
\BOOKMARK [2][-]{subsection.5.3.1}{\376\377\000I\000n\000f\000o\000r\000m\000a\000c\000i\000o\000n\000\040\000V\000i\000s\000u\000a\000l\000i\000z\000a\000d\000a}{section.5.3}% 97
\BOOKMARK [1][-]{section.5.4}{\376\377\000F\000l\000u\000j\000o\000\040\000d\000e\000\040\000E\000n\000c\000r\000i\000p\000t\000a\000c\000i\000o\000n\000\040\000G\000P\000G}{chapter.5}% 98
\BOOKMARK [2][-]{subsection.5.4.1}{\376\377\000H\000i\000s\000t\000o\000r\000i\000a\000\040\000y\000\040\000C\000o\000n\000t\000e\000x\000t\000o\000\040\000d\000e\000\040\000G\000P\000G}{section.5.4}% 99
\BOOKMARK [2][-]{subsection.5.4.2}{\376\377\000F\000u\000n\000d\000a\000m\000e\000n\000t\000o\000s\000\040\000C\000r\000i\000p\000t\000o\000g\000r\000a\000f\000i\000c\000o\000s}{section.5.4}% 100
\BOOKMARK [2][-]{subsection.5.4.3}{\376\377\000P\000r\000o\000c\000e\000s\000o\000\040\000d\000e\000\040\000E\000n\000c\000r\000i\000p\000t\000a\000c\000i\000o\000n\000\040\000e\000n\000\040\000S\000D\000C}{section.5.4}% 101
\BOOKMARK [2][-]{subsection.5.4.4}{\376\377\000R\000e\000l\000e\000v\000a\000n\000c\000i\000a\000\040\000p\000a\000r\000a\000\040\000S\000a\000n\000d\000r\000a\000D\000C}{section.5.4}% 102
\BOOKMARK [1][-]{section.5.5}{\376\377\000E\000x\000p\000o\000r\000t\000a\000c\000i\000o\000n\000\040\000y\000\040\000C\000o\000m\000p\000a\000r\000t\000i\000r}{chapter.5}% 103
\BOOKMARK [2][-]{subsection.5.5.1}{\376\377\000O\000p\000c\000i\000o\000n\000e\000s\000\040\000d\000e\000\040\000E\000x\000p\000o\000r\000t\000a\000c\000i\000o\000n}{section.5.5}% 104
\BOOKMARK [1][-]{section.5.6}{\376\377\000P\000r\000e\000v\000i\000s\000u\000a\000l\000i\000z\000a\000c\000i\000o\000n\000\040\000d\000e\000\040\000D\000o\000c\000u\000m\000e\000n\000t\000o\000s}{chapter.5}% 105
\BOOKMARK [2][-]{subsection.5.6.1}{\376\377\000D\000o\000c\000u\000m\000e\000n\000t\000o\000\040\000P\000r\000o\000t\000e\000g\000i\000d\000o}{section.5.6}% 106
\BOOKMARK [2][-]{subsection.5.6.2}{\376\377\000D\000e\000s\000b\000l\000o\000q\000u\000e\000o\000\040\000c\000o\000n\000\040\000C\000l\000a\000v\000e}{section.5.6}% 107
\BOOKMARK [2][-]{subsection.5.6.3}{\376\377\000V\000i\000s\000t\000a\000\040\000D\000e\000s\000b\000l\000o\000q\000u\000e\000a\000d\000a}{section.5.6}% 108
\BOOKMARK [1][-]{section.5.7}{\376\377\000C\000o\000n\000f\000i\000g\000u\000r\000a\000d\000o\000r\000\040\000d\000e\000l\000\040\000V\000i\000s\000o\000r}{chapter.5}% 109
\BOOKMARK [2][-]{subsection.5.7.1}{\376\377\000O\000p\000c\000i\000o\000n\000e\000s\000\040\000d\000e\000\040\000C\000o\000n\000f\000i\000g\000u\000r\000a\000c\000i\000o\000n}{section.5.7}% 110
\BOOKMARK [1][-]{section.5.8}{\376\377\000F\000l\000u\000j\000o\000\040\000d\000e\000\040\000S\000e\000g\000u\000r\000i\000d\000a\000d\000\040\000d\000e\000l\000\040\000V\000i\000s\000o\000r}{chapter.5}% 111
\BOOKMARK [1][-]{section.5.9}{\376\377\000M\000e\000j\000o\000r\000e\000s\000\040\000P\000r\000a\000c\000t\000i\000c\000a\000s}{chapter.5}% 112
\BOOKMARK [1][-]{section.5.10}{\376\377\000H\000u\000e\000l\000l\000a\000\040\000D\000i\000g\000i\000t\000a\000l\000\040\000y\000\040\000T\000r\000a\000z\000a\000b\000i\000l\000i\000d\000a\000d\000\040\000d\000e\000\040\000D\000o\000c\000u\000m\000e\000n\000t\000o\000s}{chapter.5}% 113
\BOOKMARK [2][-]{subsection.5.10.1}{\376\377\000S\000e\000l\000l\000o\000\040\000d\000e\000\040\000T\000r\000a\000z\000a\000b\000i\000l\000i\000d\000a\000d\000\040\000S\000D\000C\000-\000S\000e\000a\000l}{section.5.10}% 114
\BOOKMARK [2][-]{subsection.5.10.2}{\376\377\000H\000u\000e\000l\000l\000a\000\040\000D\000i\000g\000i\000t\000a\000l\000\040\000d\000e\000l\000\040\000D\000o\000c\000u\000m\000e\000n\000t\000o}{section.5.10}% 115
\BOOKMARK [2][-]{subsection.5.10.3}{\376\377\000E\000x\000p\000o\000r\000t\000a\000c\000i\000o\000n\000\040\000c\000o\000n\000\040\000P\000r\000o\000t\000e\000c\000c\000i\000o\000n\000\040\000S\000S\000E}{section.5.10}% 116
\BOOKMARK [1][-]{section.5.11}{\376\377\000P\000r\000e\000v\000i\000s\000u\000a\000l\000i\000z\000a\000c\000i\000o\000n\000\040\000d\000e\000\040\000A\000r\000c\000h\000i\000v\000o\000s\000\040\000C\000S\000V}{chapter.5}% 117
\BOOKMARK [2][-]{subsection.5.11.1}{\376\377\000F\000i\000l\000t\000r\000o\000s\000\040\000y\000\040\000B\000u\000s\000q\000u\000e\000d\000a}{section.5.11}% 118
\BOOKMARK [1][-]{section.5.12}{\376\377\000E\000l\000i\000m\000i\000n\000a\000c\000i\000o\000n\000\040\000d\000e\000\040\000D\000o\000c\000u\000m\000e\000n\000t\000o\000s}{chapter.5}% 119
\BOOKMARK [2][-]{subsection.5.12.1}{\376\377\000P\000r\000o\000c\000e\000s\000o\000\040\000d\000e\000\040\000E\000l\000i\000m\000i\000n\000a\000c\000i\000o\000n\000\040\000S\000e\000g\000u\000r\000a}{section.5.12}% 120
\BOOKMARK [1][-]{section.5.13}{\376\377\000E\000s\000t\000a\000d\000o\000s\000\040\000d\000e\000l\000\040\000V\000i\000s\000o\000r}{chapter.5}% 121
\BOOKMARK [2][-]{subsection.5.13.1}{\376\377\000E\000s\000t\000a\000d\000o\000:\000\040\000C\000a\000r\000g\000a\000n\000d\000o}{section.5.13}% 122
\BOOKMARK [2][-]{subsection.5.13.2}{\376\377\000E\000s\000t\000a\000d\000o\000:\000\040\000E\000n\000c\000r\000i\000p\000t\000a\000d\000o}{section.5.13}% 123
\BOOKMARK [1][-]{section.5.14}{\376\377\000E\000x\000p\000o\000r\000t\000a\000c\000i\000o\000n\000\040\000A\000v\000a\000n\000z\000a\000d\000a}{chapter.5}% 124
\BOOKMARK [2][-]{subsection.5.14.1}{\376\377\000E\000x\000p\000o\000r\000t\000a\000c\000i\000o\000n\000\040\000G\000P\000G}{section.5.14}% 125
\BOOKMARK [2][-]{subsection.5.14.2}{\376\377\000E\000x\000p\000o\000r\000t\000a\000c\000i\000o\000n\000\040\000S\000S\000E\000\040\000\050\000S\000e\000r\000v\000e\000r\000-\000S\000i\000d\000e\000\040\000E\000n\000c\000r\000y\000p\000t\000i\000o\000n\000\051}{section.5.14}% 126
\BOOKMARK [-1][-]{part.4}{\376\377\000I\000V\000\040\000I\000n\000t\000e\000l\000i\000g\000e\000n\000c\000i\000a\000\040\000A\000r\000t\000i\000f\000i\000c\000i\000a\000l}{}% 127
\BOOKMARK [0][-]{chapter.6}{\376\377\000C\000h\000a\000t\000\040\000d\000e\000\040\000S\000a\000n\000d\000r\000a\000\040\000A\000I}{part.4}% 128
\BOOKMARK [1][-]{section.6.1}{\376\377\000I\000n\000t\000e\000r\000f\000a\000z\000\040\000d\000e\000\040\000C\000o\000n\000v\000e\000r\000s\000a\000c\000i\000o\000n}{chapter.6}% 129
\BOOKMARK [2][-]{subsection.6.1.1}{\376\377\000C\000o\000m\000p\000o\000n\000e\000n\000t\000e\000s\000\040\000d\000e\000\040\000l\000a\000\040\000I\000n\000t\000e\000r\000f\000a\000z}{section.6.1}% 130
\BOOKMARK [2][-]{subsection.6.1.2}{\376\377\000H\000i\000s\000t\000o\000r\000i\000a\000l\000\040\000d\000e\000\040\000C\000o\000n\000v\000e\000r\000s\000a\000c\000i\000o\000n\000e\000s}{section.6.1}% 131
\BOOKMARK [1][-]{section.6.2}{\376\377\000C\000o\000m\000a\000n\000d\000o\000s\000\040\000y\000\040\000C\000o\000n\000s\000u\000l\000t\000a\000s}{chapter.6}% 132
\BOOKMARK [2][-]{subsection.6.2.1}{\376\377\000C\000o\000n\000s\000u\000l\000t\000a\000s\000\040\000d\000e\000\040\000I\000n\000f\000o\000r\000m\000a\000c\000i\000o\000n}{section.6.2}% 133
\BOOKMARK [2][-]{subsection.6.2.2}{\376\377\000C\000o\000m\000a\000n\000d\000o\000s\000\040\000O\000p\000e\000r\000a\000t\000i\000v\000o\000s}{section.6.2}% 134
\BOOKMARK [2][-]{subsection.6.2.3}{\376\377\000A\000s\000i\000s\000t\000e\000n\000c\000i\000a\000\040\000C\000o\000n\000t\000e\000x\000t\000u\000a\000l}{section.6.2}% 135
\BOOKMARK [1][-]{section.6.3}{\376\377\000F\000u\000n\000c\000i\000o\000n\000e\000s\000\040\000A\000v\000a\000n\000z\000a\000d\000a\000s}{chapter.6}% 136
\BOOKMARK [2][-]{subsection.6.3.1}{\376\377\000P\000r\000o\000c\000e\000s\000a\000m\000i\000e\000n\000t\000o\000\040\000d\000e\000\040\000L\000e\000n\000g\000u\000a\000j\000e\000\040\000N\000a\000t\000u\000r\000a\000l}{section.6.3}% 137
\BOOKMARK [2][-]{subsection.6.3.2}{\376\377\000A\000u\000t\000o\000m\000a\000t\000i\000z\000a\000c\000i\000o\000n\000\040\000d\000e\000\040\000T\000a\000r\000e\000a\000s}{section.6.3}% 138
\BOOKMARK [2][-]{subsection.6.3.3}{\376\377\000I\000n\000t\000e\000g\000r\000a\000c\000i\000o\000n\000\040\000c\000o\000n\000\040\000e\000l\000\040\000S\000i\000s\000t\000e\000m\000a}{section.6.3}% 139
\BOOKMARK [1][-]{section.6.4}{\376\377\000M\000e\000j\000o\000r\000e\000s\000\040\000P\000r\000a\000c\000t\000i\000c\000a\000s}{chapter.6}% 140
\BOOKMARK [1][-]{section.6.5}{\376\377\000S\000o\000l\000u\000c\000i\000o\000n\000\040\000d\000e\000\040\000P\000r\000o\000b\000l\000e\000m\000a\000s}{chapter.6}% 141
\BOOKMARK [1][-]{section.6.6}{\376\377\000G\000e\000s\000t\000i\000o\000n\000\040\000d\000e\000\040\000S\000e\000s\000i\000o\000n\000e\000s\000\040\000y\000\040\000S\000e\000g\000u\000r\000i\000d\000a\000d\000\040\000d\000e\000l\000\040\000C\000h\000a\000t}{chapter.6}% 142
\BOOKMARK [2][-]{subsection.6.6.1}{\376\377\000A\000g\000r\000u\000p\000a\000c\000i\000o\000n\000\040\000T\000e\000m\000p\000o\000r\000a\000l\000\040\000d\000e\000\040\000M\000e\000n\000s\000a\000j\000e\000s}{section.6.6}% 143
\BOOKMARK [2][-]{subsection.6.6.2}{\376\377\000P\000e\000r\000s\000i\000s\000t\000e\000n\000c\000i\000a\000\040\000d\000e\000\040\000S\000e\000s\000i\000o\000n}{section.6.6}% 144
\BOOKMARK [2][-]{subsection.6.6.3}{\376\377\000S\000c\000r\000o\000l\000l\000\040\000I\000n\000t\000e\000l\000i\000g\000e\000n\000t\000e}{section.6.6}% 145
\BOOKMARK [2][-]{subsection.6.6.4}{\376\377\000I\000n\000y\000e\000c\000c\000i\000o\000n\000\040\000d\000e\000\040\000I\000d\000e\000n\000t\000i\000d\000a\000d\000\040\000e\000n\000\040\000M\000e\000n\000s\000a\000j\000e\000s}{section.6.6}% 146
\BOOKMARK [2][-]{subsection.6.6.5}{\376\377\000F\000i\000l\000t\000r\000o\000\040\000d\000e\000\040\000C\000o\000n\000t\000e\000n\000i\000d\000o}{section.6.6}% 147
\BOOKMARK [2][-]{subsection.6.6.6}{\376\377\000H\000i\000s\000t\000o\000r\000i\000a\000l\000\040\000y\000\040\000A\000u\000d\000i\000t\000o\000r\000i\000a}{section.6.6}% 148
\BOOKMARK [-1][-]{part.5}{\376\377\000V\000\040\000C\000o\000n\000f\000i\000g\000u\000r\000a\000c\000i\000\363\000n\000\040\000A\000v\000a\000n\000z\000a\000d\000a}{}% 149
\BOOKMARK [0][-]{chapter.7}{\376\377\000C\000o\000n\000f\000i\000g\000u\000r\000a\000c\000i\000o\000n\000\040\000A\000v\000a\000n\000z\000a\000d\000a}{part.5}% 150
\BOOKMARK [1][-]{section.7.1}{\376\377\000T\000e\000m\000a\000s\000\040\000V\000i\000s\000u\000a\000l\000e\000s}{chapter.7}% 151
\BOOKMARK [2][-]{subsection.7.1.1}{\376\377\000T\000e\000m\000a\000s\000\040\000D\000i\000s\000p\000o\000n\000i\000b\000l\000e\000s}{section.7.1}% 152
\BOOKMARK [2][-]{subsection.7.1.2}{\376\377\000A\000j\000u\000s\000t\000e\000s\000\040\000d\000e\000\040\000P\000e\000r\000s\000o\000n\000a\000l\000i\000z\000a\000c\000i\000o\000n}{section.7.1}% 153
\BOOKMARK [1][-]{section.7.2}{\376\377\000C\000o\000n\000f\000i\000g\000u\000r\000a\000c\000i\000o\000n\000\040\000d\000e\000\040\000R\000e\000d}{chapter.7}% 154
\BOOKMARK [2][-]{subsection.7.2.1}{\376\377\000P\000a\000r\000a\000m\000e\000t\000r\000o\000s\000\040\000d\000e\000\040\000C\000o\000n\000e\000x\000i\000o\000n}{section.7.2}% 155
\BOOKMARK [2][-]{subsection.7.2.2}{\376\377\000C\000o\000n\000f\000i\000g\000u\000r\000a\000c\000i\000o\000n\000\040\000d\000e\000\040\000P\000r\000o\000x\000y}{section.7.2}% 156
\BOOKMARK [2][-]{subsection.7.2.3}{\376\377\000P\000o\000l\000i\000t\000i\000c\000a\000s\000\040\000d\000e\000\040\000D\000N\000S}{section.7.2}% 157
\BOOKMARK [1][-]{section.7.3}{\376\377\000C\000o\000n\000t\000r\000o\000l\000\040\000d\000e\000\040\000A\000c\000c\000e\000s\000o}{chapter.7}% 158
\BOOKMARK [2][-]{subsection.7.3.1}{\376\377\000N\000i\000v\000e\000l\000e\000s\000\040\000d\000e\000\040\000P\000e\000r\000m\000i\000s\000o\000s}{section.7.3}% 159
\BOOKMARK [2][-]{subsection.7.3.2}{\376\377\000A\000u\000t\000e\000n\000t\000i\000c\000a\000c\000i\000o\000n\000\040\000M\000u\000l\000t\000i\000f\000a\000c\000t\000o\000r}{section.7.3}% 160
\BOOKMARK [1][-]{section.7.4}{\376\377\000S\000i\000s\000t\000e\000m\000a\000\040\000d\000e\000\040\000A\000c\000t\000u\000a\000l\000i\000z\000a\000c\000i\000o\000n\000e\000s}{chapter.7}% 161
\BOOKMARK [2][-]{subsection.7.4.1}{\376\377\000C\000a\000n\000a\000l\000e\000s\000\040\000d\000e\000\040\000A\000c\000t\000u\000a\000l\000i\000z\000a\000c\000i\000o\000n}{section.7.4}% 162
\BOOKMARK [2][-]{subsection.7.4.2}{\376\377\000T\000i\000p\000o\000s\000\040\000d\000e\000\040\000A\000c\000t\000u\000a\000l\000i\000z\000a\000c\000i\000o\000n}{section.7.4}% 163
\BOOKMARK [1][-]{section.7.5}{\376\377\000I\000n\000f\000o\000r\000m\000a\000c\000i\000o\000n\000\040\000d\000e\000l\000\040\000S\000i\000s\000t\000e\000m\000a}{chapter.7}% 164
\BOOKMARK [2][-]{subsection.7.5.1}{\376\377\000D\000a\000t\000o\000s\000\040\000T\000e\000c\000n\000i\000c\000o\000s\000\040\000M\000o\000s\000t\000r\000a\000d\000o\000s}{section.7.5}% 165
\BOOKMARK [2][-]{subsection.7.5.2}{\376\377\000E\000x\000p\000o\000r\000t\000a\000c\000i\000o\000n\000\040\000d\000e\000\040\000D\000i\000a\000g\000n\000o\000s\000t\000i\000c\000o}{section.7.5}% 166
\BOOKMARK [1][-]{section.7.6}{\376\377\000C\000i\000e\000r\000r\000e\000\040\000d\000e\000l\000\040\000S\000i\000s\000t\000e\000m\000a}{chapter.7}% 167
\BOOKMARK [2][-]{subsection.7.6.1}{\376\377\000P\000r\000o\000c\000e\000d\000i\000m\000i\000e\000n\000t\000o\000\040\000d\000e\000\040\000C\000i\000e\000r\000r\000e}{section.7.6}% 168
\BOOKMARK [2][-]{subsection.7.6.2}{\376\377\000O\000p\000c\000i\000o\000n\000e\000s\000\040\000d\000e\000\040\000C\000i\000e\000r\000r\000e}{section.7.6}% 169
\BOOKMARK [1][-]{section.7.7}{\376\377\000M\000e\000j\000o\000r\000e\000s\000\040\000P\000r\000a\000c\000t\000i\000c\000a\000s\000\040\000d\000e\000\040\000C\000o\000n\000f\000i\000g\000u\000r\000a\000c\000i\000o\000n}{chapter.7}% 170
\BOOKMARK [-1][-]{part.6}{\376\377\000V\000I\000\040\000A\000l\000q\000u\000i\000m\000i\000a\000\040\000I\000n\000v\000i\000s\000i\000b\000l\000e}{}% 171
\BOOKMARK [0][-]{chapter.8}{\376\377\000A\000l\000q\000u\000i\000m\000i\000a\000\040\000I\000n\000v\000i\000s\000i\000b\000l\000e\000:\000\040\000P\000r\000o\000t\000o\000c\000o\000l\000o\000\040\000d\000e\000\040\000T\000r\000a\000z\000a\000b\000i\000l\000i\000d\000a\000d\000\040\000y\000\040\000S\000e\000g\000u\000r\000i\000d\000a\000d}{part.6}% 172
\BOOKMARK [1][-]{section.8.1}{\376\377\000R\000e\000s\000u\000m\000e\000n\000\040\000E\000j\000e\000c\000u\000t\000i\000v\000o}{chapter.8}% 173
\BOOKMARK [2][-]{subsection.8.1.1}{\376\377\000O\000b\000j\000e\000t\000i\000v\000o\000s\000\040\000d\000e\000l\000\040\000P\000r\000o\000t\000o\000c\000o\000l\000o}{section.8.1}% 174
\BOOKMARK [2][-]{subsection.8.1.2}{\376\377\000C\000a\000s\000o\000\040\000d\000e\000\040\000U\000s\000o\000\040\000E\000m\000p\000r\000e\000s\000a\000r\000i\000a\000l}{section.8.1}% 175
\BOOKMARK [1][-]{section.8.2}{\376\377\000M\000a\000r\000c\000o\000\040\000N\000o\000r\000m\000a\000t\000i\000v\000o\000\040\000y\000\040\000E\000s\000t\000\341\000n\000d\000a\000r\000e\000s\000\040\000I\000n\000t\000e\000r\000n\000a\000c\000i\000o\000n\000a\000l\000e\000s}{chapter.8}% 176
\BOOKMARK [2][-]{subsection.8.2.1}{\376\377\000I\000S\000O\000/\000I\000E\000C\000\040\0002\0007\0000\0000\0001\000:\0002\0000\0002\0002}{section.8.2}% 177
\BOOKMARK [2][-]{subsection.8.2.2}{\376\377\000I\000S\000O\000/\000I\000E\000C\000\040\0002\0004\0007\0006\0000\000-\0001\000:\0002\0000\0001\0009}{section.8.2}% 178
\BOOKMARK [2][-]{subsection.8.2.3}{\376\377\000E\000s\000t\000\341\000n\000d\000a\000r\000\040\000U\000n\000i\000c\000o\000d\000e}{section.8.2}% 179
\BOOKMARK [2][-]{subsection.8.2.4}{\376\377\000C\000O\000B\000I\000T\000\040\0002\0000\0001\0009}{section.8.2}% 180
\BOOKMARK [1][-]{section.8.3}{\376\377\000E\000s\000t\000r\000a\000t\000e\000g\000i\000a\000s\000\040\000d\000e\000\040\000I\000n\000y\000e\000c\000c\000i\000\363\000n\000\040\000p\000o\000r\000\040\000A\000r\000q\000u\000i\000t\000e\000c\000t\000u\000r\000a\000\040\000d\000e\000\040\000A\000r\000c\000h\000i\000v\000o}{chapter.8}% 181
\BOOKMARK [2][-]{subsection.8.3.1}{\376\377\000A\000l\000q\000u\000i\000m\000i\000a\000\040\000p\000a\000r\000a\000\040\000D\000o\000c\000u\000m\000e\000n\000t\000o\000s\000\040\000E\000s\000t\000r\000u\000c\000t\000u\000r\000a\000d\000o\000s\000\040\000\050\000P\000D\000F\000\051}{section.8.3}% 182
\BOOKMARK [2][-]{subsection.8.3.2}{\376\377\000A\000l\000q\000u\000i\000m\000i\000a\000\040\000E\000s\000t\000e\000g\000a\000n\000o\000g\000r\000\341\000f\000i\000c\000a\000\040\000p\000a\000r\000a\000\040\000T\000e\000x\000t\000o\000\040\000P\000l\000a\000n\000o}{section.8.3}% 183
\BOOKMARK [1][-]{section.8.4}{\376\377\000E\000s\000p\000e\000c\000i\000f\000i\000c\000a\000c\000i\000o\000n\000e\000s\000\040\000d\000e\000\040\000S\000e\000g\000u\000r\000i\000d\000a\000d\000\040\000d\000e\000\040\000l\000a\000\040\000C\000a\000p\000a}{chapter.8}% 184
\BOOKMARK [2][-]{subsection.8.4.1}{\376\377\000I\000n\000t\000e\000g\000r\000i\000d\000a\000d\000\040\000m\000e\000d\000i\000a\000n\000t\000e\000\040\000H\000a\000s\000h\000i\000n\000g}{section.8.4}% 185
\BOOKMARK [2][-]{subsection.8.4.2}{\376\377\000R\000e\000s\000i\000s\000t\000e\000n\000c\000i\000a\000\040\000a\000\040\000l\000a\000\040\000D\000e\000t\000e\000c\000c\000i\000\363\000n}{section.8.4}% 186
\BOOKMARK [2][-]{subsection.8.4.3}{\376\377\000N\000o\000\040\000R\000e\000p\000u\000d\000i\000a\000c\000i\000\363\000n\000\040\000G\000l\000o\000b\000a\000l}{section.8.4}% 187
\BOOKMARK [2][-]{subsection.8.4.4}{\376\377\000F\000a\000l\000l\000b\000a\000c\000k\000\040\000d\000e\000\040\000D\000e\000s\000c\000i\000f\000r\000a\000d\000o\000\040\000D\000u\000a\000l\000-\000K\000e\000y}{section.8.4}% 188
\BOOKMARK [1][-]{section.8.5}{\376\377\000G\000u\000\355\000a\000\040\000d\000e\000\040\000A\000u\000d\000i\000t\000o\000r\000\355\000a\000\040\000F\000o\000r\000e\000n\000s\000e\000\040\000D\000i\000g\000i\000t\000a\000l}{chapter.8}% 189
\BOOKMARK [2][-]{subsection.8.5.1}{\376\377\000M\000\351\000t\000o\000d\000o\000\040\000d\000e\000\040\000E\000x\000t\000r\000a\000c\000c\000i\000\363\000n\000\040\000H\000e\000x\000a\000d\000e\000c\000i\000m\000a\000l}{section.8.5}% 190
\BOOKMARK [2][-]{subsection.8.5.2}{\376\377\000C\000o\000m\000a\000n\000d\000o\000\040\000B\000a\000s\000h\000\040\000d\000e\000\040\000A\000u\000d\000i\000t\000o\000r\000\355\000a}{section.8.5}% 191
\BOOKMARK [2][-]{subsection.8.5.3}{\376\377\000V\000a\000l\000i\000d\000a\000c\000i\000\363\000n\000\040\000M\000a\000n\000u\000a\000l\000\040\000P\000a\000s\000o\000\040\000a\000\040\000P\000a\000s\000o}{section.8.5}% 192
\BOOKMARK [2][-]{subsection.8.5.4}{\376\377\000C\000a\000s\000o\000s\000\040\000d\000e\000\040\000P\000r\000u\000e\000b\000a\000\040\000p\000a\000r\000a\000\040\000V\000a\000l\000i\000d\000a\000c\000i\000\363\000n}{section.8.5}% 193
\BOOKMARK [1][-]{section.8.6}{\376\377\000C\000a\000s\000o\000s\000\040\000d\000e\000\040\000U\000s\000o\000\040\000y\000\040\000E\000j\000e\000m\000p\000l\000o\000s\000\040\000R\000e\000a\000l\000e\000s}{chapter.8}% 194
\BOOKMARK [2][-]{subsection.8.6.1}{\376\377\000C\000a\000s\000o\000\040\000d\000e\000\040\000U\000s\000o\000\040\0001\000:\000\040\000S\000e\000g\000u\000i\000m\000i\000e\000n\000t\000o\000\040\000d\000e\000\040\000D\000o\000c\000u\000m\000e\000n\000t\000o\000s\000\040\000O\000f\000f\000i\000c\000i\000a\000l\000e\000s}{section.8.6}% 195
\BOOKMARK [2][-]{subsection.8.6.2}{\376\377\000C\000a\000s\000o\000\040\000d\000e\000\040\000U\000s\000o\000\040\0002\000:\000\040\000A\000u\000d\000i\000t\000o\000r\000\355\000a\000\040\000d\000e\000\040\000E\000x\000p\000o\000r\000t\000a\000c\000i\000o\000n\000e\000s}{section.8.6}% 196
\BOOKMARK [2][-]{subsection.8.6.3}{\376\377\000C\000a\000s\000o\000\040\000d\000e\000\040\000U\000s\000o\000\040\0003\000:\000\040\000T\000r\000a\000z\000a\000b\000i\000l\000i\000d\000a\000d\000\040\000d\000e\000\040\000D\000a\000t\000o\000s\000\040\000S\000e\000n\000s\000i\000b\000l\000e\000s}{section.8.6}% 197
\BOOKMARK [1][-]{section.8.7}{\376\377\000I\000n\000t\000e\000g\000r\000a\000c\000i\000\363\000n\000\040\000c\000o\000n\000\040\000e\000l\000\040\000V\000i\000s\000o\000r\000\040\000d\000e\000\040\000D\000o\000c\000u\000m\000e\000n\000t\000o\000s}{chapter.8}% 198
\BOOKMARK [2][-]{subsection.8.7.1}{\376\377\000H\000u\000e\000l\000l\000a\000\040\000D\000i\000g\000i\000t\000a\000l\000\040\000d\000e\000l\000\040\000D\000o\000c\000u\000m\000e\000n\000t\000o}{section.8.7}% 199
\BOOKMARK [1][-]{section.8.8}{\376\377\000C\000o\000n\000c\000l\000u\000s\000i\000o\000n\000e\000s\000\040\000d\000e\000l\000\040\000C\000a\000p\000\355\000t\000u\000l\000o}{chapter.8}% 200
\BOOKMARK [-1][-]{part.7}{\376\377\000V\000I\000I\000\040\000A\000n\000e\000x\000o\000s\000\040\000T\000\351\000c\000n\000i\000c\000o\000s}{}% 201
\BOOKMARK [0][-]{appendix.Alph1}{\376\377\000A\000n\000e\000x\000o\000s\000\040\000T\000e\000c\000n\000i\000c\000o\000s}{part.7}% 202
\BOOKMARK [1][-]{section.Alph1.1}{\376\377\000A\000r\000q\000u\000i\000t\000e\000c\000t\000u\000r\000a\000\040\000d\000e\000\040\000S\000o\000f\000t\000w\000a\000r\000e\000\040\000S\000D\000C}{appendix.Alph1}% 203
\BOOKMARK [1][-]{section.Alph1.2}{\376\377\000C\000i\000c\000l\000o\000\040\000d\000e\000\040\000V\000i\000d\000a\000\040\000d\000e\000\040\000u\000n\000\040\000C\000o\000n\000t\000e\000n\000e\000d\000o\000r}{appendix.Alph1}% 204
\BOOKMARK [1][-]{section.Alph1.3}{\376\377\000F\000l\000u\000j\000o\000\040\000d\000e\000\040\000C\000i\000f\000r\000a\000d\000o\000\040\000d\000e\000\040\000D\000a\000t\000o\000s}{appendix.Alph1}% 205
\BOOKMARK [1][-]{section.Alph1.4}{\376\377\000T\000o\000p\000o\000l\000o\000g\000i\000a\000\040\000d\000e\000\040\000R\000e\000d}{appendix.Alph1}% 206
\BOOKMARK [1][-]{section.Alph1.5}{\376\377\000T\000a\000b\000l\000a\000s\000\040\000d\000e\000\040\000R\000e\000f\000e\000r\000e\000n\000c\000i\000a\000\040\000R\000a\000p\000i\000d\000a}{appendix.Alph1}% 207
\BOOKMARK [2][-]{subsection.Alph1.5.1}{\376\377\000P\000u\000e\000r\000t\000o\000s\000\040\000y\000\040\000P\000r\000o\000t\000o\000c\000o\000l\000o\000s}{section.Alph1.5}% 208
\BOOKMARK [2][-]{subsection.Alph1.5.2}{\376\377\000A\000l\000g\000o\000r\000i\000t\000m\000o\000s\000\040\000C\000r\000i\000p\000t\000o\000g\000r\000a\000f\000i\000c\000o\000s}{section.Alph1.5}% 209
\BOOKMARK [2][-]{subsection.Alph1.5.3}{\376\377\000C\000o\000d\000i\000g\000o\000s\000\040\000d\000e\000\040\000E\000r\000r\000o\000r}{section.Alph1.5}% 210
\BOOKMARK [1][-]{section.Alph1.6}{\376\377\000G\000l\000o\000s\000a\000r\000i\000o\000\040\000d\000e\000\040\000T\000e\000r\000m\000i\000n\000o\000s\000\040\000T\000e\000c\000n\000i\000c\000o\000s\000\040\000E\000x\000t\000e\000n\000d\000i\000d\000o}{appendix.Alph1}% 211
