This is XeTeX, Version 3.141592653-2.6-0.999997 (TeX Live 2025) (preloaded format=xelatex 2025.3.8)  1 APR 2026 21:05
entering extended mode
 \write18 enabled.
 %&-line parsing enabled.
**main.tex
(./main.tex
LaTeX2e <2024-11-01> patch level 2
L3 programming layer <2025-01-18>
(/usr/local/texlive/2025/texmf-dist/tex/latex/base/book.cls
Document Class: book 2024/06/29 v1.4n Standard LaTeX document class
(/usr/local/texlive/2025/texmf-dist/tex/latex/base/bk11.clo
File: bk11.clo 2024/06/29 v1.4n Standard LaTeX file (size option)
)
\c@part=\count192
\c@chapter=\count193
\c@section=\count194
\c@subsection=\count195
\c@subsubsection=\count196
\c@paragraph=\count197
\c@subparagraph=\count198
\c@figure=\count199
\c@table=\count266
\abovecaptionskip=\skip49
\belowcaptionskip=\skip50
\bibindent=\dimen141
)
(/usr/local/texlive/2025/texmf-dist/tex/generic/iftex/iftex.sty
Package: iftex 2024/12/12 v1.0g TeX engine tests
)
(/usr/local/texlive/2025/texmf-dist/tex/latex/fontspec/fontspec.sty
(/usr/local/texlive/2025/texmf-dist/tex/latex/l3packages/xparse/xparse.sty
(/usr/local/texlive/2025/texmf-dist/tex/latex/l3kernel/expl3.sty
Package: expl3 2025-01-18 L3 programming layer (loader) 

(/usr/local/texlive/2025/texmf-dist/tex/latex/l3backend/l3backend-xetex.def
File: l3backend-xetex.def 2024-05-08 L3 backend support: XeTeX
\g__graphics_track_int=\count267
\l__pdf_internal_box=\box52
\g__pdf_backend_annotation_int=\count268
\g__pdf_backend_link_int=\count269
))
Package: xparse 2024-08-16 L3 Experimental document command parser
)
Package: fontspec 2024/05/11 v2.9e Font selection for XeLaTeX and LuaLaTeX

(/usr/local/texlive/2025/texmf-dist/tex/latex/fontspec/fontspec-xetex.sty
Package: fontspec-xetex 2024/05/11 v2.9e Font selection for XeLaTeX and LuaLaTe
X
\l__fontspec_script_int=\count270
\l__fontspec_language_int=\count271
\l__fontspec_strnum_int=\count272
\l__fontspec_tmp_int=\count273
\l__fontspec_tmpa_int=\count274
\l__fontspec_tmpb_int=\count275
\l__fontspec_tmpc_int=\count276
\l__fontspec_em_int=\count277
\l__fontspec_emdef_int=\count278
\l__fontspec_strong_int=\count279
\l__fontspec_strongdef_int=\count280
\l__fontspec_tmpa_dim=\dimen142
\l__fontspec_tmpb_dim=\dimen143
\l__fontspec_tmpc_dim=\dimen144

(/usr/local/texlive/2025/texmf-dist/tex/latex/base/fontenc.sty
Package: fontenc 2021/04/29 v2.0v Standard LaTeX package
)
(/usr/local/texlive/2025/texmf-dist/tex/latex/fontspec/fontspec.cfg)))
(/usr/local/texlive/2025/texmf-dist/tex/latex/geometry/geometry.sty
Package: geometry 2020/01/02 v5.9 Page Geometry

(/usr/local/texlive/2025/texmf-dist/tex/latex/graphics/keyval.sty
Package: keyval 2022/05/29 v1.15 key=value parser (DPC)
\KV@toks@=\toks17
)
(/usr/local/texlive/2025/texmf-dist/tex/generic/iftex/ifvtex.sty
Package: ifvtex 2019/10/25 v1.7 ifvtex legacy package. Use iftex instead.
)
\Gm@cnth=\count281
\Gm@cntv=\count282
\c@Gm@tempcnt=\count283
\Gm@bindingoffset=\dimen145
\Gm@wd@mp=\dimen146
\Gm@odd@mp=\dimen147
\Gm@even@mp=\dimen148
\Gm@layoutwidth=\dimen149
\Gm@layoutheight=\dimen150
\Gm@layouthoffset=\dimen151
\Gm@layoutvoffset=\dimen152
\Gm@dimlist=\toks18
)
(/usr/local/texlive/2025/texmf-dist/tex/latex/graphics/graphicx.sty
Package: graphicx 2021/09/16 v1.2d Enhanced LaTeX Graphics (DPC,SPQR)

(/usr/local/texlive/2025/texmf-dist/tex/latex/graphics/graphics.sty
Package: graphics 2024/08/06 v1.4g Standard LaTeX Graphics (DPC,SPQR)

(/usr/local/texlive/2025/texmf-dist/tex/latex/graphics/trig.sty
Package: trig 2023/12/02 v1.11 sin cos tan (DPC)
)
(/usr/local/texlive/2025/texmf-dist/tex/latex/graphics-cfg/graphics.cfg
File: graphics.cfg 2016/06/04 v1.11 sample graphics configuration
)
Package graphics Info: Driver file: xetex.def on input line 106.

(/usr/local/texlive/2025/texmf-dist/tex/latex/graphics-def/xetex.def
File: xetex.def 2022/09/22 v5.0n Graphics/color driver for xetex
))
\Gin@req@height=\dimen153
\Gin@req@width=\dimen154
)
(/usr/local/texlive/2025/texmf-dist/tex/latex/fontawesome5/fontawesome5.sty
Package: fontawesome5 2022/05/02 v5.15.4 Font Awesome 5

(/usr/local/texlive/2025/texmf-dist/tex/latex/l3packages/l3keys2e/l3keys2e.sty
Package: l3keys2e 2024-08-16 LaTeX2e option processing using LaTeX3 keys
)
(/usr/local/texlive/2025/texmf-dist/tex/latex/fontawesome5/fontawesome5-utex-he
lper.sty
Package: fontawesome5-utex-helper 2022/05/02 v5.15.4 uTeX helper for fontawesom
e5
LaTeX Font Info:    Trying to load font information for TU+fontawesomefree on i
nput line 69.

(/usr/local/texlive/2025/texmf-dist/tex/latex/fontawesome5/tufontawesomefree.fd
)
LaTeX Font Info:    Trying to load font information for TU+fontawesomebrands on
 input line 70.

(/usr/local/texlive/2025/texmf-dist/tex/latex/fontawesome5/tufontawesomebrands.
fd))) (/usr/local/texlive/2025/texmf-dist/tex/latex/wrapfig/wrapfig.sty
\wrapoverhang=\dimen155
\WF@size=\dimen156
\c@WF@wrappedlines=\count284
\WF@box=\box53
\WF@everypar=\toks19
Package: wrapfig 2003/01/31  v 3.6
)
(/usr/local/texlive/2025/texmf-dist/tex/latex/fancyhdr/fancyhdr.sty
Package: fancyhdr 2025/02/07 v5.2 Extensive control of page headers and footers

\f@nch@headwidth=\skip51
\f@nch@offset@elh=\skip52
\f@nch@offset@erh=\skip53
\f@nch@offset@olh=\skip54
\f@nch@offset@orh=\skip55
\f@nch@offset@elf=\skip56
\f@nch@offset@erf=\skip57
\f@nch@offset@olf=\skip58
\f@nch@offset@orf=\skip59
\f@nch@height=\skip60
\f@nch@footalignment=\skip61
\f@nch@widthL=\skip62
\f@nch@widthC=\skip63
\f@nch@widthR=\skip64
\@temptokenb=\toks20
)
(/usr/local/texlive/2025/texmf-dist/tex/latex/emptypage/emptypage.sty
Package: emptypage 2010/05/30 v1.2 Suppress page numbers and headings on empty 
pages
)
(/usr/local/texlive/2025/texmf-dist/tex/latex/titlesec/titlesec.sty
Package: titlesec 2025/01/04 v2.17 Sectioning titles
\ttl@box=\box54
\beforetitleunit=\skip65
\aftertitleunit=\skip66
\ttl@plus=\dimen157
\ttl@minus=\dimen158
\ttl@toksa=\toks21
\titlewidth=\dimen159
\titlewidthlast=\dimen160
\titlewidthfirst=\dimen161
)
(/usr/local/texlive/2025/texmf-dist/tex/latex/titlesec/titletoc.sty
Package: titletoc 2025/01/04 v2.17 TOC entries
\ttl@leftsep=\dimen162
)
(/usr/local/texlive/2025/texmf-dist/tex/latex/base/makeidx.sty
Package: makeidx 2021/10/04 v1.0m Standard LaTeX package
)
(/usr/local/texlive/2025/texmf-dist/tex/latex/setspace/setspace.sty
Package: setspace 2022/12/04 v6.7b set line spacing
)
(/usr/local/texlive/2025/texmf-dist/tex/latex/tools/multicol.sty
Package: multicol 2024/09/14 v1.9i multicolumn formatting (FMi)
\c@tracingmulticols=\count285
\mult@box=\box55
\multicol@leftmargin=\dimen163
\c@unbalance=\count286
\c@collectmore=\count287
\doublecol@number=\count288
\multicoltolerance=\count289
\multicolpretolerance=\count290
\full@width=\dimen164
\page@free=\dimen165
\premulticols=\dimen166
\postmulticols=\dimen167
\multicolsep=\skip67
\multicolbaselineskip=\skip68
\partial@page=\box56
\last@line=\box57
\mc@boxedresult=\box58
\maxbalancingoverflow=\dimen168
\mult@rightbox=\box59
\mult@grightbox=\box60
\mult@firstbox=\box61
\mult@gfirstbox=\box62
\@tempa=\box63
\@tempa=\box64
\@tempa=\box65
\@tempa=\box66
\@tempa=\box67
\@tempa=\box68
\@tempa=\box69
\@tempa=\box70
\@tempa=\box71
\@tempa=\box72
\@tempa=\box73
\@tempa=\box74
\@tempa=\box75
\@tempa=\box76
\@tempa=\box77
\@tempa=\box78
\@tempa=\box79
\@tempa=\box80
\@tempa=\box81
\@tempa=\box82
\@tempa=\box83
\@tempa=\box84
\@tempa=\box85
\@tempa=\box86
\@tempa=\box87
\@tempa=\box88
\@tempa=\box89
\@tempa=\box90
\@tempa=\box91
\@tempa=\box92
\@tempa=\box93
\@tempa=\box94
\@tempa=\box95
\@tempa=\box96
\@tempa=\box97
\@tempa=\box98
\c@minrows=\count291
\c@columnbadness=\count292
\c@finalcolumnbadness=\count293
\last@try=\dimen169
\multicolovershoot=\dimen170
\multicolundershoot=\dimen171
\mult@nat@firstbox=\box99
\colbreak@box=\box100
\mc@col@check@num=\count294
)
(/usr/local/texlive/2025/texmf-dist/tex/latex/tools/longtable.sty
Package: longtable 2024-10-27 v4.22 Multi-page Table package (DPC)
\LTleft=\skip69
\LTright=\skip70
\LTpre=\skip71
\LTpost=\skip72
\LTchunksize=\count295
\LTcapwidth=\dimen172
\LT@head=\box101
\LT@firsthead=\box102
\LT@foot=\box103
\LT@lastfoot=\box104
\LT@gbox=\box105
\LT@cols=\count296
\LT@rows=\count297
\c@LT@tables=\count298
\c@LT@chunks=\count299
\LT@p@ftn=\toks22
)
(/usr/local/texlive/2025/texmf-dist/tex/latex/tools/array.sty
Package: array 2024/10/17 v2.6g Tabular extension package (FMi)
\col@sep=\dimen173
\ar@mcellbox=\box106
\extrarowheight=\dimen174
\NC@list=\toks23
\extratabsurround=\skip73
\backup@length=\skip74
\ar@cellbox=\box107
)
(/usr/local/texlive/2025/texmf-dist/tex/latex/booktabs/booktabs.sty
Package: booktabs 2020/01/12 v1.61803398 Publication quality tables
\heavyrulewidth=\dimen175
\lightrulewidth=\dimen176
\cmidrulewidth=\dimen177
\belowrulesep=\dimen178
\belowbottomsep=\dimen179
\aboverulesep=\dimen180
\abovetopsep=\dimen181
\cmidrulesep=\dimen182
\cmidrulekern=\dimen183
\defaultaddspace=\dimen184
\@cmidla=\count300
\@cmidlb=\count301
\@aboverulesep=\dimen185
\@belowrulesep=\dimen186
\@thisruleclass=\count302
\@lastruleclass=\count303
\@thisrulewidth=\dimen187
)
(/usr/local/texlive/2025/texmf-dist/tex/latex/caption/caption.sty
Package: caption 2023/08/05 v3.6o Customizing captions (AR)

(/usr/local/texlive/2025/texmf-dist/tex/latex/caption/caption3.sty
Package: caption3 2023/07/31 v2.4d caption3 kernel (AR)
\caption@tempdima=\dimen188
\captionmargin=\dimen189
\caption@leftmargin=\dimen190
\caption@rightmargin=\dimen191
\caption@width=\dimen192
\caption@indent=\dimen193
\caption@parindent=\dimen194
\caption@hangindent=\dimen195
Package caption Info: Standard document class detected.
)
\c@caption@flags=\count304
\c@continuedfloat=\count305
Package caption Info: longtable package is loaded.

(/usr/local/texlive/2025/texmf-dist/tex/latex/caption/ltcaption.sty
Package: ltcaption 2021/01/08 v1.4c longtable captions (AR)
)
Package caption Info: wrapfig package is loaded.
)
(/usr/local/texlive/2025/texmf-dist/tex/latex/caption/subcaption.sty
Package: subcaption 2023/07/28 v1.6b Sub-captions (AR)
Package caption Info: New subtype `subfigure' on input line 238.
\c@subfigure=\count306
Package caption Info: New subtype `subtable' on input line 238.
\c@subtable=\count307
)
(/usr/local/texlive/2025/texmf-dist/tex/latex/enumitem/enumitem.sty
Package: enumitem 2025/02/06 v3.11 Customized lists
\labelindent=\skip75
\enit@outerparindent=\dimen196
\enit@toks=\toks24
\enit@inbox=\box108
\enit@count@id=\count308
\enitdp@description=\count309
)
(/usr/local/texlive/2025/texmf-dist/tex/latex/float/float.sty
Package: float 2001/11/08 v1.3d Float enhancements (AL)
\c@float@type=\count310
\float@exts=\toks25
\float@box=\box109
\@float@everytoks=\toks26
\@floatcapt=\box110
)
(/usr/local/texlive/2025/texmf-dist/tex/latex/tcolorbox/tcolorbox.sty
Package: tcolorbox 2024/10/22 version 6.4.1 text color boxes

(/usr/local/texlive/2025/texmf-dist/tex/latex/pgf/frontendlayer/tikz.sty
(/usr/local/texlive/2025/texmf-dist/tex/latex/pgf/basiclayer/pgf.sty
(/usr/local/texlive/2025/texmf-dist/tex/latex/pgf/utilities/pgfrcs.sty
(/usr/local/texlive/2025/texmf-dist/tex/generic/pgf/utilities/pgfutil-common.te
x
\pgfutil@everybye=\toks27
\pgfutil@tempdima=\dimen197
\pgfutil@tempdimb=\dimen198
)
(/usr/local/texlive/2025/texmf-dist/tex/generic/pgf/utilities/pgfutil-latex.def
\pgfutil@abb=\box111
) (/usr/local/texlive/2025/texmf-dist/tex/generic/pgf/utilities/pgfrcs.code.tex
(/usr/local/texlive/2025/texmf-dist/tex/generic/pgf/pgf.revision.tex)
Package: pgfrcs 2023-01-15 v3.1.10 (3.1.10)
))
Package: pgf 2023-01-15 v3.1.10 (3.1.10)

(/usr/local/texlive/2025/texmf-dist/tex/latex/pgf/basiclayer/pgfcore.sty
(/usr/local/texlive/2025/texmf-dist/tex/latex/pgf/systemlayer/pgfsys.sty
(/usr/local/texlive/2025/texmf-dist/tex/generic/pgf/systemlayer/pgfsys.code.tex
Package: pgfsys 2023-01-15 v3.1.10 (3.1.10)
(/usr/local/texlive/2025/texmf-dist/tex/generic/pgf/utilities/pgfkeys.code.tex
\pgfkeys@pathtoks=\toks28
\pgfkeys@temptoks=\toks29

(/usr/local/texlive/2025/texmf-dist/tex/generic/pgf/utilities/pgfkeyslibraryfil
tered.code.tex
\pgfkeys@tmptoks=\toks30
))
\pgf@x=\dimen199
\pgf@y=\dimen256
\pgf@xa=\dimen257
\pgf@ya=\dimen258
\pgf@xb=\dimen259
\pgf@yb=\dimen260
\pgf@xc=\dimen261
\pgf@yc=\dimen262
\pgf@xd=\dimen263
\pgf@yd=\dimen264
\w@pgf@writea=\write3
\r@pgf@reada=\read2
\c@pgf@counta=\count311
\c@pgf@countb=\count312
\c@pgf@countc=\count313
\c@pgf@countd=\count314
\t@pgf@toka=\toks31
\t@pgf@tokb=\toks32
\t@pgf@tokc=\toks33
\pgf@sys@id@count=\count315

(/usr/local/texlive/2025/texmf-dist/tex/generic/pgf/systemlayer/pgf.cfg
File: pgf.cfg 2023-01-15 v3.1.10 (3.1.10)
)
Driver file for pgf: pgfsys-xetex.def

(/usr/local/texlive/2025/texmf-dist/tex/generic/pgf/systemlayer/pgfsys-xetex.de
f
File: pgfsys-xetex.def 2023-01-15 v3.1.10 (3.1.10)

(/usr/local/texlive/2025/texmf-dist/tex/generic/pgf/systemlayer/pgfsys-dvipdfmx
.def
File: pgfsys-dvipdfmx.def 2023-01-15 v3.1.10 (3.1.10)

(/usr/local/texlive/2025/texmf-dist/tex/generic/pgf/systemlayer/pgfsys-common-p
df.def
File: pgfsys-common-pdf.def 2023-01-15 v3.1.10 (3.1.10)
)
\pgfsys@objnum=\count316
)))
(/usr/local/texlive/2025/texmf-dist/tex/generic/pgf/systemlayer/pgfsyssoftpath.
code.tex
File: pgfsyssoftpath.code.tex 2023-01-15 v3.1.10 (3.1.10)
\pgfsyssoftpath@smallbuffer@items=\count317
\pgfsyssoftpath@bigbuffer@items=\count318
)
(/usr/local/texlive/2025/texmf-dist/tex/generic/pgf/systemlayer/pgfsysprotocol.
code.tex
File: pgfsysprotocol.code.tex 2023-01-15 v3.1.10 (3.1.10)
)) (/usr/local/texlive/2025/texmf-dist/tex/latex/xcolor/xcolor.sty
Package: xcolor 2024/09/29 v3.02 LaTeX color extensions (UK)

(/usr/local/texlive/2025/texmf-dist/tex/latex/graphics-cfg/color.cfg
File: color.cfg 2016/01/02 v1.6 sample color configuration
)
Package xcolor Info: Driver file: xetex.def on input line 274.

(/usr/local/texlive/2025/texmf-dist/tex/latex/graphics/mathcolor.ltx)
Package xcolor Info: Model `cmy' substituted by `cmy0' on input line 1349.
Package xcolor Info: Model `RGB' extended on input line 1365.
Package xcolor Info: Model `HTML' substituted by `rgb' on input line 1367.
Package xcolor Info: Model `Hsb' substituted by `hsb' on input line 1368.
Package xcolor Info: Model `tHsb' substituted by `hsb' on input line 1369.
Package xcolor Info: Model `HSB' substituted by `hsb' on input line 1370.
Package xcolor Info: Model `Gray' substituted by `gray' on input line 1371.
Package xcolor Info: Model `wave' substituted by `hsb' on input line 1372.
)
(/usr/local/texlive/2025/texmf-dist/tex/generic/pgf/basiclayer/pgfcore.code.tex
Package: pgfcore 2023-01-15 v3.1.10 (3.1.10)
(/usr/local/texlive/2025/texmf-dist/tex/generic/pgf/math/pgfmath.code.tex
(/usr/local/texlive/2025/texmf-dist/tex/generic/pgf/math/pgfmathutil.code.tex)
(/usr/local/texlive/2025/texmf-dist/tex/generic/pgf/math/pgfmathparser.code.tex
\pgfmath@dimen=\dimen265
\pgfmath@count=\count319
\pgfmath@box=\box112
\pgfmath@toks=\toks34
\pgfmath@stack@operand=\toks35
\pgfmath@stack@operation=\toks36
)
(/usr/local/texlive/2025/texmf-dist/tex/generic/pgf/math/pgfmathfunctions.code.
tex)
(/usr/local/texlive/2025/texmf-dist/tex/generic/pgf/math/pgfmathfunctions.basic
.code.tex)
(/usr/local/texlive/2025/texmf-dist/tex/generic/pgf/math/pgfmathfunctions.trigo
nometric.code.tex)
(/usr/local/texlive/2025/texmf-dist/tex/generic/pgf/math/pgfmathfunctions.rando
m.code.tex)
(/usr/local/texlive/2025/texmf-dist/tex/generic/pgf/math/pgfmathfunctions.compa
rison.code.tex)
(/usr/local/texlive/2025/texmf-dist/tex/generic/pgf/math/pgfmathfunctions.base.
code.tex)
(/usr/local/texlive/2025/texmf-dist/tex/generic/pgf/math/pgfmathfunctions.round
.code.tex)
(/usr/local/texlive/2025/texmf-dist/tex/generic/pgf/math/pgfmathfunctions.misc.
code.tex)
(/usr/local/texlive/2025/texmf-dist/tex/generic/pgf/math/pgfmathfunctions.integ
erarithmetics.code.tex)
(/usr/local/texlive/2025/texmf-dist/tex/generic/pgf/math/pgfmathcalc.code.tex)
(/usr/local/texlive/2025/texmf-dist/tex/generic/pgf/math/pgfmathfloat.code.tex
\c@pgfmathroundto@lastzeros=\count320
)) (/usr/local/texlive/2025/texmf-dist/tex/generic/pgf/math/pgfint.code.tex)
(/usr/local/texlive/2025/texmf-dist/tex/generic/pgf/basiclayer/pgfcorepoints.co
de.tex
File: pgfcorepoints.code.tex 2023-01-15 v3.1.10 (3.1.10)
\pgf@picminx=\dimen266
\pgf@picmaxx=\dimen267
\pgf@picminy=\dimen268
\pgf@picmaxy=\dimen269
\pgf@pathminx=\dimen270
\pgf@pathmaxx=\dimen271
\pgf@pathminy=\dimen272
\pgf@pathmaxy=\dimen273
\pgf@xx=\dimen274
\pgf@xy=\dimen275
\pgf@yx=\dimen276
\pgf@yy=\dimen277
\pgf@zx=\dimen278
\pgf@zy=\dimen279
)
(/usr/local/texlive/2025/texmf-dist/tex/generic/pgf/basiclayer/pgfcorepathconst
ruct.code.tex
File: pgfcorepathconstruct.code.tex 2023-01-15 v3.1.10 (3.1.10)
\pgf@path@lastx=\dimen280
\pgf@path@lasty=\dimen281
)
(/usr/local/texlive/2025/texmf-dist/tex/generic/pgf/basiclayer/pgfcorepathusage
.code.tex
File: pgfcorepathusage.code.tex 2023-01-15 v3.1.10 (3.1.10)
\pgf@shorten@end@additional=\dimen282
\pgf@shorten@start@additional=\dimen283
)
(/usr/local/texlive/2025/texmf-dist/tex/generic/pgf/basiclayer/pgfcorescopes.co
de.tex
File: pgfcorescopes.code.tex 2023-01-15 v3.1.10 (3.1.10)
\pgfpic=\box113
\pgf@hbox=\box114
\pgf@layerbox@main=\box115
\pgf@picture@serial@count=\count321
)
(/usr/local/texlive/2025/texmf-dist/tex/generic/pgf/basiclayer/pgfcoregraphicst
ate.code.tex
File: pgfcoregraphicstate.code.tex 2023-01-15 v3.1.10 (3.1.10)
\pgflinewidth=\dimen284
)
(/usr/local/texlive/2025/texmf-dist/tex/generic/pgf/basiclayer/pgfcoretransform
ations.code.tex
File: pgfcoretransformations.code.tex 2023-01-15 v3.1.10 (3.1.10)
\pgf@pt@x=\dimen285
\pgf@pt@y=\dimen286
\pgf@pt@temp=\dimen287
)
(/usr/local/texlive/2025/texmf-dist/tex/generic/pgf/basiclayer/pgfcorequick.cod
e.tex
File: pgfcorequick.code.tex 2023-01-15 v3.1.10 (3.1.10)
)
(/usr/local/texlive/2025/texmf-dist/tex/generic/pgf/basiclayer/pgfcoreobjects.c
ode.tex
File: pgfcoreobjects.code.tex 2023-01-15 v3.1.10 (3.1.10)
)
(/usr/local/texlive/2025/texmf-dist/tex/generic/pgf/basiclayer/pgfcorepathproce
ssing.code.tex
File: pgfcorepathprocessing.code.tex 2023-01-15 v3.1.10 (3.1.10)
)
(/usr/local/texlive/2025/texmf-dist/tex/generic/pgf/basiclayer/pgfcorearrows.co
de.tex
File: pgfcorearrows.code.tex 2023-01-15 v3.1.10 (3.1.10)
\pgfarrowsep=\dimen288
)
(/usr/local/texlive/2025/texmf-dist/tex/generic/pgf/basiclayer/pgfcoreshade.cod
e.tex
File: pgfcoreshade.code.tex 2023-01-15 v3.1.10 (3.1.10)
\pgf@max=\dimen289
\pgf@sys@shading@range@num=\count322
\pgf@shadingcount=\count323
)
(/usr/local/texlive/2025/texmf-dist/tex/generic/pgf/basiclayer/pgfcoreimage.cod
e.tex
File: pgfcoreimage.code.tex 2023-01-15 v3.1.10 (3.1.10)
)
(/usr/local/texlive/2025/texmf-dist/tex/generic/pgf/basiclayer/pgfcoreexternal.
code.tex
File: pgfcoreexternal.code.tex 2023-01-15 v3.1.10 (3.1.10)
\pgfexternal@startupbox=\box116
)
(/usr/local/texlive/2025/texmf-dist/tex/generic/pgf/basiclayer/pgfcorelayers.co
de.tex
File: pgfcorelayers.code.tex 2023-01-15 v3.1.10 (3.1.10)
)
(/usr/local/texlive/2025/texmf-dist/tex/generic/pgf/basiclayer/pgfcoretranspare
ncy.code.tex
File: pgfcoretransparency.code.tex 2023-01-15 v3.1.10 (3.1.10)
)
(/usr/local/texlive/2025/texmf-dist/tex/generic/pgf/basiclayer/pgfcorepatterns.
code.tex
File: pgfcorepatterns.code.tex 2023-01-15 v3.1.10 (3.1.10)
)
(/usr/local/texlive/2025/texmf-dist/tex/generic/pgf/basiclayer/pgfcorerdf.code.
tex
File: pgfcorerdf.code.tex 2023-01-15 v3.1.10 (3.1.10)
)))
(/usr/local/texlive/2025/texmf-dist/tex/generic/pgf/modules/pgfmoduleshapes.cod
e.tex
File: pgfmoduleshapes.code.tex 2023-01-15 v3.1.10 (3.1.10)
\pgfnodeparttextbox=\box117
)
(/usr/local/texlive/2025/texmf-dist/tex/generic/pgf/modules/pgfmoduleplot.code.
tex
File: pgfmoduleplot.code.tex 2023-01-15 v3.1.10 (3.1.10)
)
(/usr/local/texlive/2025/texmf-dist/tex/latex/pgf/compatibility/pgfcomp-version
-0-65.sty
Package: pgfcomp-version-0-65 2023-01-15 v3.1.10 (3.1.10)
\pgf@nodesepstart=\dimen290
\pgf@nodesepend=\dimen291
)
(/usr/local/texlive/2025/texmf-dist/tex/latex/pgf/compatibility/pgfcomp-version
-1-18.sty
Package: pgfcomp-version-1-18 2023-01-15 v3.1.10 (3.1.10)
))
(/usr/local/texlive/2025/texmf-dist/tex/latex/pgf/utilities/pgffor.sty
(/usr/local/texlive/2025/texmf-dist/tex/latex/pgf/utilities/pgfkeys.sty
(/usr/local/texlive/2025/texmf-dist/tex/generic/pgf/utilities/pgfkeys.code.tex)
) (/usr/local/texlive/2025/texmf-dist/tex/latex/pgf/math/pgfmath.sty
(/usr/local/texlive/2025/texmf-dist/tex/generic/pgf/math/pgfmath.code.tex))
(/usr/local/texlive/2025/texmf-dist/tex/generic/pgf/utilities/pgffor.code.tex
Package: pgffor 2023-01-15 v3.1.10 (3.1.10)
\pgffor@iter=\dimen292
\pgffor@skip=\dimen293
\pgffor@stack=\toks37
\pgffor@toks=\toks38
))
(/usr/local/texlive/2025/texmf-dist/tex/generic/pgf/frontendlayer/tikz/tikz.cod
e.tex
Package: tikz 2023-01-15 v3.1.10 (3.1.10)

(/usr/local/texlive/2025/texmf-dist/tex/generic/pgf/libraries/pgflibraryplothan
dlers.code.tex
File: pgflibraryplothandlers.code.tex 2023-01-15 v3.1.10 (3.1.10)
\pgf@plot@mark@count=\count324
\pgfplotmarksize=\dimen294
)
\tikz@lastx=\dimen295
\tikz@lasty=\dimen296
\tikz@lastxsaved=\dimen297
\tikz@lastysaved=\dimen298
\tikz@lastmovetox=\dimen299
\tikz@lastmovetoy=\dimen300
\tikzleveldistance=\dimen301
\tikzsiblingdistance=\dimen302
\tikz@figbox=\box118
\tikz@figbox@bg=\box119
\tikz@tempbox=\box120
\tikz@tempbox@bg=\box121
\tikztreelevel=\count325
\tikznumberofchildren=\count326
\tikznumberofcurrentchild=\count327
\tikz@fig@count=\count328

(/usr/local/texlive/2025/texmf-dist/tex/generic/pgf/modules/pgfmodulematrix.cod
e.tex
File: pgfmodulematrix.code.tex 2023-01-15 v3.1.10 (3.1.10)
\pgfmatrixcurrentrow=\count329
\pgfmatrixcurrentcolumn=\count330
\pgf@matrix@numberofcolumns=\count331
)
\tikz@expandcount=\count332

(/usr/local/texlive/2025/texmf-dist/tex/generic/pgf/frontendlayer/tikz/librarie
s/tikzlibrarytopaths.code.tex
File: tikzlibrarytopaths.code.tex 2023-01-15 v3.1.10 (3.1.10)
)))
(/usr/local/texlive/2025/texmf-dist/tex/latex/tools/verbatim.sty
Package: verbatim 2024-01-22 v1.5x LaTeX2e package for verbatim enhancements
\every@verbatim=\toks39
\verbatim@line=\toks40
\verbatim@in@stream=\read3
)
(/usr/local/texlive/2025/texmf-dist/tex/latex/environ/environ.sty
Package: environ 2014/05/04 v0.3 A new way to define environments

(/usr/local/texlive/2025/texmf-dist/tex/latex/trimspaces/trimspaces.sty
Package: trimspaces 2009/09/17 v1.1 Trim spaces around a token list
)
\@envbody=\toks41
)
(/usr/local/texlive/2025/texmf-dist/tex/latex/etoolbox/etoolbox.sty
Package: etoolbox 2025/02/11 v2.5l e-TeX tools for LaTeX (JAW)
\etb@tempcnta=\count333
)
\tcb@titlebox=\box122
\tcb@upperbox=\box123
\tcb@lowerbox=\box124
\tcb@phantombox=\box125
\c@tcbbreakpart=\count334
\c@tcblayer=\count335
\c@tcolorbox@number=\count336
\l__tcobox_tmpa_box=\box126
\l__tcobox_tmpa_dim=\dimen303
\tcb@temp=\box127
\tcb@temp=\box128
\tcb@temp=\box129
\tcb@temp=\box130
)
(/usr/local/texlive/2025/texmf-dist/tex/latex/listings/listings.sty
\lst@mode=\count337
\lst@gtempboxa=\box131
\lst@token=\toks42
\lst@length=\count338
\lst@currlwidth=\dimen304
\lst@column=\count339
\lst@pos=\count340
\lst@lostspace=\dimen305
\lst@width=\dimen306
\lst@newlines=\count341
\lst@lineno=\count342
\lst@maxwidth=\dimen307

(/usr/local/texlive/2025/texmf-dist/tex/latex/listings/lstpatch.sty
File: lstpatch.sty 2024/09/23 1.10c (Carsten Heinz)
)
(/usr/local/texlive/2025/texmf-dist/tex/latex/listings/lstmisc.sty
File: lstmisc.sty 2024/09/23 1.10c (Carsten Heinz)
\c@lstnumber=\count343
\lst@skipnumbers=\count344
\lst@framebox=\box132
)
(/usr/local/texlive/2025/texmf-dist/tex/latex/listings/listings.cfg
File: listings.cfg 2024/09/23 1.10c listings configuration
))
Package: listings 2024/09/23 1.10c (Carsten Heinz)

(/usr/local/texlive/2025/texmf-dist/tex/latex/colortbl/colortbl.sty
Package: colortbl 2024/07/06 v1.0i Color table columns (DPC)
\everycr=\toks43
\minrowclearance=\skip76
\rownum=\count345
)
(/usr/local/texlive/2025/texmf-dist/tex/latex/lettrine/lettrine.sty
File: lettrine.sty 2025-01-30 v2.80 (Daniel Flipo)

(/usr/local/texlive/2025/texmf-dist/tex/latex/l3packages/xfp/xfp.sty
Package: xfp 2024-08-16 L3 Floating point unit
)
\c@DefaultLines=\count346
\c@DefaultDepth=\count347
\DefaultFindent=\dimen308
\DefaultNindent=\dimen309
\DefaultSlope=\dimen310
\DiscardVskip=\dimen311
\L@lettrine=\box133
\L@lbox=\box134
\L@tbox=\box135
\c@L@lines=\count348
\c@L@depth=\count349
\L@Pindent=\dimen312
\L@Findent=\dimen313
\L@Nindent=\dimen314
\L@lraise=\dimen315
\L@first=\dimen316
\L@next=\dimen317
\L@slope=\dimen318
\L@height=\dimen319
\L@novskip=\dimen320
\L@target@ht=\dimen321
\L@target@dp=\dimen322
\L@target@tht=\dimen323
\LettrineWidth=\dimen324
\LettrineHeight=\dimen325
\LettrineDepth=\dimen326
\L@finalht=\dimen327
\L@finaldp=\dimen328

Loading lettrine.cfg
(/usr/local/texlive/2025/texmf-dist/tex/latex/lettrine/lettrine.cfg)
\Lettrine@tweaks=\toks44
\Llist@everypar=\toks45
)
(/usr/local/texlive/2025/texmf-dist/tex/latex/microtype/microtype.sty
Package: microtype 2025/02/11 v3.2a Micro-typographical refinements (RS)
\MT@toks=\toks46
\MT@tempbox=\box136
\MT@count=\count350
LaTeX Info: Redefining \noprotrusionifhmode on input line 1087.
LaTeX Info: Redefining \leftprotrusion on input line 1088.
\MT@prot@toks=\toks47
LaTeX Info: Redefining \rightprotrusion on input line 1107.
LaTeX Info: Redefining \textls on input line 1449.
\MT@outer@kern=\dimen329
LaTeX Info: Redefining \microtypecontext on input line 2053.
LaTeX Info: Redefining \textmicrotypecontext on input line 2070.
\MT@listname@count=\count351

(/usr/local/texlive/2025/texmf-dist/tex/latex/microtype/microtype-xetex.def
File: microtype-xetex.def 2025/02/11 v3.2a Definitions specific to xetex (RS)
LaTeX Info: Redefining \lsstyle on input line 443.
LaTeX Info: Redefining \lslig on input line 451.
\MT@outer@space=\skip77
)
Package microtype Info: Loading configuration file microtype.cfg.

(/usr/local/texlive/2025/texmf-dist/tex/latex/microtype/microtype.cfg
File: microtype.cfg 2025/02/11 v3.2a microtype main configuration file (RS)
)
LaTeX Info: Redefining \microtypesetup on input line 3065.
)
(/usr/local/texlive/2025/texmf-dist/tex/latex/eso-pic/eso-pic.sty
Package: eso-pic 2023/05/03 v3.0c eso-pic (RN)
\ESO@tempdima=\dimen330
\ESO@tempdimb=\dimen331
)
(/usr/local/texlive/2025/texmf-dist/tex/generic/pgf/frontendlayer/tikz/librarie
s/tikzlibrarycalc.code.tex
File: tikzlibrarycalc.code.tex 2023-01-15 v3.1.10 (3.1.10)
)
(/usr/local/texlive/2025/texmf-dist/tex/generic/pgf/frontendlayer/tikz/librarie
s/tikzlibraryshapes.geometric.code.tex
File: tikzlibraryshapes.geometric.code.tex 2023-01-15 v3.1.10 (3.1.10)

(/usr/local/texlive/2025/texmf-dist/tex/generic/pgf/libraries/shapes/pgflibrary
shapes.geometric.code.tex
File: pgflibraryshapes.geometric.code.tex 2023-01-15 v3.1.10 (3.1.10)
))
(/usr/local/texlive/2025/texmf-dist/tex/generic/pgf/frontendlayer/tikz/librarie
s/tikzlibrarybackgrounds.code.tex
File: tikzlibrarybackgrounds.code.tex 2023-01-15 v3.1.10 (3.1.10)
\pgf@layerbox@background=\box137
\pgf@layerboxsaved@background=\box138
)
(/usr/local/texlive/2025/texmf-dist/tex/latex/pgf-blur/tikzlibraryshadows.blur.
code.tex  v1.02, 2012/12/09
(/usr/local/texlive/2025/texmf-dist/tex/generic/pgf/frontendlayer/tikz/librarie
s/tikzlibraryshadows.code.tex
File: tikzlibraryshadows.code.tex 2023-01-15 v3.1.10 (3.1.10)

(/usr/local/texlive/2025/texmf-dist/tex/generic/pgf/frontendlayer/tikz/librarie
s/tikzlibraryfadings.code.tex
File: tikzlibraryfadings.code.tex 2023-01-15 v3.1.10 (3.1.10)

(/usr/local/texlive/2025/texmf-dist/tex/generic/pgf/libraries/pgflibraryfadings
.code.tex
File: pgflibraryfadings.code.tex 2023-01-15 v3.1.10 (3.1.10)
)))
\pgfbs@fading@count=\count352
)
(/usr/local/texlive/2025/texmf-dist/tex/generic/pgf/frontendlayer/tikz/librarie
s/tikzlibrarypositioning.code.tex
File: tikzlibrarypositioning.code.tex 2023-01-15 v3.1.10 (3.1.10)
)
(/usr/local/texlive/2025/texmf-dist/tex/generic/pgf/libraries/pgflibraryarrows.
meta.code.tex
File: pgflibraryarrows.meta.code.tex 2023-01-15 v3.1.10 (3.1.10)
\pgfarrowinset=\dimen332
\pgfarrowlength=\dimen333
\pgfarrowwidth=\dimen334
\pgfarrowlinewidth=\dimen335
)

Package fontspec Info: 
(fontspec)             Font family 'HelveticaNeue(0)' created for font
(fontspec)             'Helvetica Neue' with options
(fontspec)             [Ligatures=TeX,UprightFont = *,BoldFont = *
(fontspec)             Bold,ItalicFont = * Italic,BoldItalicFont = * Bold
(fontspec)             Italic].
(fontspec)              
(fontspec)              This font family consists of the following NFSS
(fontspec)             series/shapes:
(fontspec)              
(fontspec)             - 'normal' (m/n) with NFSS spec.: <->"Helvetica
(fontspec)             Neue/AAT:mapping=tex-text;"
(fontspec)             - 'bold' (b/n) with NFSS spec.: <->"Helvetica Neue
(fontspec)             Bold/AAT:mapping=tex-text;"
(fontspec)             - 'italic' (m/it) with NFSS spec.: <->"Helvetica Neue
(fontspec)             Italic/AAT:mapping=tex-text;"
(fontspec)             - 'bold italic' (b/it) with NFSS spec.: <->"Helvetica
(fontspec)             Neue Bold Italic/AAT:mapping=tex-text;"


(/usr/local/texlive/2025/texmf-dist/tex/latex/hyperref/hyperref.sty
Package: hyperref 2024-11-05 v7.01l Hypertext links for LaTeX

(/usr/local/texlive/2025/texmf-dist/tex/latex/kvsetkeys/kvsetkeys.sty
Package: kvsetkeys 2022-10-05 v1.19 Key value parser (HO)
)
(/usr/local/texlive/2025/texmf-dist/tex/generic/kvdefinekeys/kvdefinekeys.sty
Package: kvdefinekeys 2019-12-19 v1.6 Define keys (HO)
)
(/usr/local/texlive/2025/texmf-dist/tex/generic/pdfescape/pdfescape.sty
Package: pdfescape 2019/12/09 v1.15 Implements pdfTeX's escape features (HO)

(/usr/local/texlive/2025/texmf-dist/tex/generic/ltxcmds/ltxcmds.sty
Package: ltxcmds 2023-12-04 v1.26 LaTeX kernel commands for general use (HO)
)
(/usr/local/texlive/2025/texmf-dist/tex/generic/pdftexcmds/pdftexcmds.sty
Package: pdftexcmds 2020-06-27 v0.33 Utility functions of pdfTeX for LuaTeX (HO
)

(/usr/local/texlive/2025/texmf-dist/tex/generic/infwarerr/infwarerr.sty
Package: infwarerr 2019/12/03 v1.5 Providing info/warning/error messages (HO)
)
Package pdftexcmds Info: \pdf@primitive is available.
Package pdftexcmds Info: \pdf@ifprimitive is available.
Package pdftexcmds Info: \pdfdraftmode not found.
))
(/usr/local/texlive/2025/texmf-dist/tex/latex/hycolor/hycolor.sty
Package: hycolor 2020-01-27 v1.10 Color options for hyperref/bookmark (HO)
)
(/usr/local/texlive/2025/texmf-dist/tex/latex/hyperref/nameref.sty
Package: nameref 2023-11-26 v2.56 Cross-referencing by name of section

(/usr/local/texlive/2025/texmf-dist/tex/latex/refcount/refcount.sty
Package: refcount 2019/12/15 v3.6 Data extraction from label references (HO)
)
(/usr/local/texlive/2025/texmf-dist/tex/generic/gettitlestring/gettitlestring.s
ty
Package: gettitlestring 2019/12/15 v1.6 Cleanup title references (HO)
 (/usr/local/texlive/2025/texmf-dist/tex/latex/kvoptions/kvoptions.sty
Package: kvoptions 2022-06-15 v3.15 Key value format for package options (HO)
))
\c@section@level=\count353
)
(/usr/local/texlive/2025/texmf-dist/tex/generic/stringenc/stringenc.sty
Package: stringenc 2019/11/29 v1.12 Convert strings between diff. encodings (HO
)
)
\@linkdim=\dimen336
\Hy@linkcounter=\count354
\Hy@pagecounter=\count355

(/usr/local/texlive/2025/texmf-dist/tex/latex/hyperref/pd1enc.def
File: pd1enc.def 2024-11-05 v7.01l Hyperref: PDFDocEncoding definition (HO)
)
(/usr/local/texlive/2025/texmf-dist/tex/generic/intcalc/intcalc.sty
Package: intcalc 2019/12/15 v1.3 Expandable calculations with integers (HO)
)
\Hy@SavedSpaceFactor=\count356

(/usr/local/texlive/2025/texmf-dist/tex/latex/hyperref/puenc.def
File: puenc.def 2024-11-05 v7.01l Hyperref: PDF Unicode definition (HO)
)
Package hyperref Info: Option `bookmarks' set `true' on input line 4040.
Package hyperref Info: Option `colorlinks' set `true' on input line 4040.
Package hyperref Info: Hyper figures OFF on input line 4157.
Package hyperref Info: Link nesting OFF on input line 4162.
Package hyperref Info: Hyper index ON on input line 4165.
Package hyperref Info: Plain pages OFF on input line 4172.
Package hyperref Info: Backreferencing OFF on input line 4177.
Package hyperref Info: Implicit mode ON; LaTeX internals redefined.
Package hyperref Info: Bookmarks ON on input line 4424.
\c@Hy@tempcnt=\count357

(/usr/local/texlive/2025/texmf-dist/tex/latex/url/url.sty
\Urlmuskip=\muskip17
Package: url 2013/09/16  ver 3.4  Verb mode for urls, etc.
)
LaTeX Info: Redefining \url on input line 4763.
\XeTeXLinkMargin=\dimen337

(/usr/local/texlive/2025/texmf-dist/tex/generic/bitset/bitset.sty
Package: bitset 2019/12/09 v1.3 Handle bit-vector datatype (HO)

(/usr/local/texlive/2025/texmf-dist/tex/generic/bigintcalc/bigintcalc.sty
Package: bigintcalc 2019/12/15 v1.5 Expandable calculations on big integers (HO
)
))
\Fld@menulength=\count358
\Field@Width=\dimen338
\Fld@charsize=\dimen339
Package hyperref Info: Hyper figures OFF on input line 6042.
Package hyperref Info: Link nesting OFF on input line 6047.
Package hyperref Info: Hyper index ON on input line 6050.
Package hyperref Info: backreferencing OFF on input line 6057.
Package hyperref Info: Link coloring ON on input line 6060.
Package hyperref Info: Link coloring with OCG OFF on input line 6067.
Package hyperref Info: PDF/A mode OFF on input line 6072.

(/usr/local/texlive/2025/texmf-dist/tex/latex/base/atbegshi-ltx.sty
Package: atbegshi-ltx 2021/01/10 v1.0c Emulation of the original atbegshi
package with kernel methods
)
\Hy@abspage=\count359
\c@Item=\count360
\c@Hfootnote=\count361
)
Package hyperref Info: Driver (autodetected): hxetex.

(/usr/local/texlive/2025/texmf-dist/tex/latex/hyperref/hxetex.def
File: hxetex.def 2024-11-05 v7.01l Hyperref driver for XeTeX
\pdfm@box=\box139
\c@Hy@AnnotLevel=\count362
\HyField@AnnotCount=\count363
\Fld@listcount=\count364
\c@bookmark@seq@number=\count365

(/usr/local/texlive/2025/texmf-dist/tex/latex/rerunfilecheck/rerunfilecheck.sty
Package: rerunfilecheck 2022-07-10 v1.10 Rerun checks for auxiliary files (HO)
(/usr/local/texlive/2025/texmf-dist/tex/latex/base/atveryend-ltx.sty
Package: atveryend-ltx 2020/08/19 v1.0a Emulation of the original atveryend pac
kage
with kernel methods
)
(/usr/local/texlive/2025/texmf-dist/tex/generic/uniquecounter/uniquecounter.sty
Package: uniquecounter 2019/12/15 v1.4 Provide unlimited unique counter (HO)
)
Package uniquecounter Info: New unique counter `rerunfilecheck' on input line 2
85.
)
\Hy@SectionHShift=\skip78
) (/usr/local/texlive/2025/texmf-dist/tex/generic/babel/babel.sty
Package: babel 2025/02/14 v25.4 The multilingual framework for pdfLaTeX, LuaLaT
eX and XeLaTeX
\babel@savecnt=\count366
\U@D=\dimen340
\l@unhyphenated=\language90

(/usr/local/texlive/2025/texmf-dist/tex/generic/babel/xebabel.def)
\bbl@readstream=\read4
\bbl@dirlevel=\count367

(/usr/local/texlive/2025/texmf-dist/tex/generic/babel-spanish/spanish.ldf
Language: spanish.ldf 2021/05/27 v5.0q Spanish support from the babel system
\es@quottoks=\toks48
\es@quotdepth=\count368
Package babel Info: Making " an active character on input line 570.
Package babel Info: Making . an active character on input line 675.
Package babel Info: Making < an active character on input line 722.
Package babel Info: Making > an active character on input line 722.
))
(/usr/local/texlive/2025/texmf-dist/tex/generic/babel/locale/es/babel-spanish.t
ex
Package babel Info: Importing font and identification data for spanish
(babel)             from babel-es.ini. Reported on input line 11.
)
\@indexfile=\write4
\openout4 = `main.idx'.


Writing index file main.idx
(./main.aux
LaTeX Info: Redefining \. on input line 11.
LaTeX Info: Redefining \% on input line 11.


LaTeX Warning: Label `fig:chat-perfiles' multiply defined.


LaTeX Warning: Label `fig:visor-huella' multiply defined.

)
\openout1 = `main.aux'.

LaTeX Font Info:    Checking defaults for OML/cmm/m/it on input line 208.
LaTeX Font Info:    ... okay on input line 208.
LaTeX Font Info:    Checking defaults for OMS/cmsy/m/n on input line 208.
LaTeX Font Info:    ... okay on input line 208.
LaTeX Font Info:    Checking defaults for OT1/cmr/m/n on input line 208.
LaTeX Font Info:    ... okay on input line 208.
LaTeX Font Info:    Checking defaults for T1/cmr/m/n on input line 208.
LaTeX Font Info:    ... okay on input line 208.
LaTeX Font Info:    Checking defaults for TS1/cmr/m/n on input line 208.
LaTeX Font Info:    ... okay on input line 208.
LaTeX Font Info:    Checking defaults for TU/lmr/m/n on input line 208.
LaTeX Font Info:    ... okay on input line 208.
LaTeX Font Info:    Checking defaults for OMX/cmex/m/n on input line 208.
LaTeX Font Info:    ... okay on input line 208.
LaTeX Font Info:    Checking defaults for U/cmr/m/n on input line 208.
LaTeX Font Info:    ... okay on input line 208.
LaTeX Font Info:    Checking defaults for PD1/pdf/m/n on input line 208.
LaTeX Font Info:    ... okay on input line 208.
LaTeX Font Info:    Checking defaults for PU/pdf/m/n on input line 208.
LaTeX Font Info:    ... okay on input line 208.

Package fontspec Info: 
(fontspec)             Adjusting the maths setup (use [no-math] to avoid
(fontspec)             this).

\symlegacymaths=\mathgroup4
LaTeX Font Info:    Overwriting symbol font `legacymaths' in version `bold'
(Font)                  OT1/cmr/m/n --> OT1/cmr/bx/n on input line 208.
LaTeX Font Info:    Redeclaring math accent \acute on input line 208.
LaTeX Font Info:    Redeclaring math accent \grave on input line 208.
LaTeX Font Info:    Redeclaring math accent \ddot on input line 208.
LaTeX Font Info:    Redeclaring math accent \tilde on input line 208.
LaTeX Font Info:    Redeclaring math accent \bar on input line 208.
LaTeX Font Info:    Redeclaring math accent \breve on input line 208.
LaTeX Font Info:    Redeclaring math accent \check on input line 208.
LaTeX Font Info:    Redeclaring math accent \hat on input line 208.
LaTeX Font Info:    Redeclaring math accent \dot on input line 208.
LaTeX Font Info:    Redeclaring math accent \mathring on input line 208.
LaTeX Font Info:    Redeclaring math symbol \colon on input line 208.
LaTeX Font Info:    Redeclaring math symbol \Gamma on input line 208.
LaTeX Font Info:    Redeclaring math symbol \Delta on input line 208.
LaTeX Font Info:    Redeclaring math symbol \Theta on input line 208.
LaTeX Font Info:    Redeclaring math symbol \Lambda on input line 208.
LaTeX Font Info:    Redeclaring math symbol \Xi on input line 208.
LaTeX Font Info:    Redeclaring math symbol \Pi on input line 208.
LaTeX Font Info:    Redeclaring math symbol \Sigma on input line 208.
LaTeX Font Info:    Redeclaring math symbol \Upsilon on input line 208.
LaTeX Font Info:    Redeclaring math symbol \Phi on input line 208.
LaTeX Font Info:    Redeclaring math symbol \Psi on input line 208.
LaTeX Font Info:    Redeclaring math symbol \Omega on input line 208.
LaTeX Font Info:    Redeclaring math symbol \mathdollar on input line 208.
LaTeX Font Info:    Redeclaring symbol font `operators' on input line 208.
LaTeX Font Info:    Encoding `OT1' has changed to `TU' for symbol font
(Font)              `operators' in the math version `normal' on input line 208.

LaTeX Font Info:    Overwriting symbol font `operators' in version `normal'
(Font)                  OT1/cmr/m/n --> TU/HelveticaNeue(0)/m/n on input line 2
08.
LaTeX Font Info:    Encoding `OT1' has changed to `TU' for symbol font
(Font)              `operators' in the math version `bold' on input line 208.
LaTeX Font Info:    Overwriting symbol font `operators' in version `bold'
(Font)                  OT1/cmr/bx/n --> TU/HelveticaNeue(0)/m/n on input line 
208.
LaTeX Font Info:    Overwriting symbol font `operators' in version `normal'
(Font)                  TU/HelveticaNeue(0)/m/n --> TU/HelveticaNeue(0)/m/n on 
input line 208.
LaTeX Font Info:    Overwriting math alphabet `\mathit' in version `normal'
(Font)                  OT1/cmr/m/it --> TU/HelveticaNeue(0)/m/it on input line
 208.
LaTeX Font Info:    Overwriting math alphabet `\mathbf' in version `normal'
(Font)                  OT1/cmr/bx/n --> TU/HelveticaNeue(0)/b/n on input line 
208.
LaTeX Font Info:    Overwriting math alphabet `\mathsf' in version `normal'
(Font)                  OT1/cmss/m/n --> TU/lmss/m/n on input line 208.
LaTeX Font Info:    Overwriting math alphabet `\mathtt' in version `normal'
(Font)                  OT1/cmtt/m/n --> TU/lmtt/m/n on input line 208.
LaTeX Font Info:    Overwriting symbol font `operators' in version `bold'
(Font)                  TU/HelveticaNeue(0)/m/n --> TU/HelveticaNeue(0)/b/n on 
input line 208.
LaTeX Font Info:    Overwriting math alphabet `\mathit' in version `bold'
(Font)                  OT1/cmr/bx/it --> TU/HelveticaNeue(0)/b/it on input lin
e 208.
LaTeX Font Info:    Overwriting math alphabet `\mathsf' in version `bold'
(Font)                  OT1/cmss/bx/n --> TU/lmss/b/n on input line 208.
LaTeX Font Info:    Overwriting math alphabet `\mathtt' in version `bold'
(Font)                  OT1/cmtt/m/n --> TU/lmtt/b/n on input line 208.

*geometry* driver: auto-detecting
*geometry* detected driver: xetex
*geometry* verbose mode - [ preamble ] result:
* driver: xetex
* paper: a4paper
* layout: <same size as paper>
* layoutoffset:(h,v)=(0.0pt,0.0pt)
* modes: 
* h-part:(L,W,R)=(71.13188pt, 455.24411pt, 71.13188pt)
* v-part:(T,H,B)=(71.13188pt, 702.78308pt, 71.13188pt)
* \paperwidth=597.50787pt
* \paperheight=845.04684pt
* \textwidth=455.24411pt
* \textheight=702.78308pt
* \oddsidemargin=-1.1381pt
* \evensidemargin=-1.1381pt
* \topmargin=-44.59085pt
* \headheight=15.0pt
* \headsep=28.45274pt
* \topskip=11.0pt
* \footskip=34.14322pt
* \marginparwidth=53.0pt
* \marginparsep=7.0pt
* \columnsep=10.0pt
* \skip\footins=10.0pt plus 4.0pt minus 2.0pt
* \hoffset=0.0pt
* \voffset=0.0pt
* \mag=1000
* \@twocolumnfalse
* \@twosidefalse
* \@mparswitchfalse
* \@reversemarginfalse
* (1in=72.27pt=25.4mm, 1cm=28.453pt)

Package caption Info: Begin \AtBeginDocument code.
Package caption Info: float package is loaded.
Package caption Info: hyperref package is loaded.
Package caption Info: listings package is loaded.
Package caption Info: End \AtBeginDocument code.
\c@lstlisting=\count369
LaTeX Info: Redefining \microtypecontext on input line 208.
Package microtype Info: Applying patch `item' on input line 208.
Package microtype Info: Applying patch `toc' on input line 208.
Package microtype Info: Applying patch `eqnum' on input line 208.
Package microtype Info: Applying patch `footnote' on input line 208.
Package microtype Info: Applying patch `verbatim' on input line 208.
LaTeX Info: Redefining \microtypesetup on input line 208.
Package microtype Info: Character protrusion enabled (level 2).
Package microtype Info: Using default protrusion set `alltext'.
Package microtype Info: No adjustment of tracking.
Package microtype Info: No adjustment of spacing.
Package microtype Info: No adjustment of kerning.
Package microtype Info: Loading generic protrusion settings for font family
(microtype)             `HelveticaNeue' (encoding: TU).
(microtype)             For optimal results, create family-specific settings.
(microtype)             See the microtype manual for details.
Package hyperref Info: Link coloring ON on input line 208.
(./main.out) (./main.out)
\@outlinefile=\write5
\openout5 = `main.out'.

LaTeX Info: Redefining \. on input line 208.
LaTeX Info: Redefining \% on input line 208.
 (./portada.tex
*geometry* verbose mode - [ newgeometry ] result:
* driver: xetex
* paper: a4paper
* layout: <same size as paper>
* layoutoffset:(h,v)=(0.0pt,0.0pt)
* modes: 
* h-part:(L,W,R)=(0.0pt, 597.50787pt, 0.0pt)
* v-part:(T,H,B)=(0.0pt, 845.04684pt, 0.0pt)
* \paperwidth=597.50787pt
* \paperheight=845.04684pt
* \textwidth=597.50787pt
* \textheight=845.04684pt
* \oddsidemargin=-72.26999pt
* \evensidemargin=-72.26999pt
* \topmargin=-115.72273pt
* \headheight=15.0pt
* \headsep=28.45274pt
* \topskip=11.0pt
* \footskip=34.14322pt
* \marginparwidth=53.0pt
* \marginparsep=7.0pt
* \columnsep=10.0pt
* \skip\footins=10.0pt plus 4.0pt minus 2.0pt
* \hoffset=0.0pt
* \voffset=0.0pt
* \mag=1000
* \@twocolumnfalse
* \@twosidefalse
* \@mparswitchfalse
* \@reversemarginfalse
* (1in=72.27pt=25.4mm, 1cm=28.453pt)

File: ../../assets/logos/sandra.png Graphic file (type bmp)
<../../assets/logos/sandra.png>


LaTeX Font Warning: Font shape `TU/HelveticaNeue(0)/b/sc' undefined
(Font)              using `TU/HelveticaNeue(0)/b/n' instead on input line 54.


LaTeX Font Warning: Font shape `TU/HelveticaNeue(0)/m/sc' undefined
(Font)              using `TU/HelveticaNeue(0)/m/n' instead on input line 79.



[1


]) (./preambulo/pagina_inicio.tex
LaTeX Font Info:    External font `cmex10' loaded for size
(Font)              <10.95> on input line 21.
LaTeX Font Info:    External font `cmex10' loaded for size
(Font)              <8> on input line 21.
LaTeX Font Info:    External font `cmex10' loaded for size
(Font)              <6> on input line 21.

(/usr/local/texlive/2025/texmf-dist/tex/latex/microtype/mt-cmr.cfg
File: mt-cmr.cfg 2013/05/19 v2.2 microtype config. file: Computer Modern Roman 
(RS)
)

[1


]


Package spanish Warning: Replacing `TU/HelveticaNeue(0)/m/sc' by 
(spanish)                faked small caps on input line 57.

[2]) (./preambulo/filosofia.tex


Package spanish Warning: Replacing `TU/HelveticaNeue(0)/m/sc' by 
(spanish)                faked small caps on input line 35.

[3

]
Overfull \hbox (3.09447pt too wide) in paragraph at lines 43--58
 [][] 
 []



LaTeX Info: Redefining \. on input line 81.
LaTeX Info: Redefining \% on input line 81.

Package spanish Warning: Replacing `TU/HelveticaNeue(0)/m/sc' by 
(spanish)                faked small caps on input line 81.

[4]) (./preambulo/glosario.tex

LaTeX Info: Redefining \. on input line 7.
LaTeX Info: Redefining \% on input line 7.

Package spanish Warning: Replacing `TU/HelveticaNeue(0)/m/sc' by 
(spanish)                faked small caps on input line 7.

[5] (/usr/local/texlive/2025/texmf-dist/tex/latex/microtype/mt-TU-empty.cfg
File: mt-TU-empty.cfg 2021/06/22 v1.1 microtype config. file: fonts with nonsta
ndard glyph set (RS)
)


Package spanish Warning: Replacing `TU/HelveticaNeue(0)/m/sc' by 
(spanish)                faked small caps on input line 54.

[6

]

LaTeX Info: Redefining \. on input line 162.
LaTeX Info: Redefining \% on input line 162.

Package spanish Warning: Replacing `TU/HelveticaNeue(0)/m/sc' by 
(spanish)                faked small caps on input line 162.

[7]
LaTeX Info: Redefining \. on input line 162.
LaTeX Info: Redefining \% on input line 162.


Package spanish Warning: Replacing `TU/HelveticaNeue(0)/m/sc' by 
(spanish)                faked small caps on input line 162.

[8]
Overfull \hbox (2.66876pt too wide) in paragraph at lines 216--216
[]|\TU/HelveticaNeue(0)/b/n/10.95 CPU/Procesador| 
 []

LaTeX Info: Redefining \. on input line 224.
LaTeX Info: Redefining \% on input line 224.

Package spanish Warning: Replacing `TU/HelveticaNeue(0)/m/sc' by 
(spanish)                faked small caps on input line 224.

[9]
Underfull \hbox (badness 10000) in paragraph at lines 266--267
[]|\TU/HelveticaNeue(0)/m/sc/10.95 Advertencia, atencion requerida,
 []



LaTeX Info: Redefining \. on input line 278.
LaTeX Info: Redefining \% on input line 278.

Package spanish Warning: Replacing `TU/HelveticaNeue(0)/m/sc' by 
(spanish)                faked small caps on input line 278.

[10]
LaTeX Info: Redefining \. on input line 311.
LaTeX Info: Redefining \% on input line 311.


Package spanish Warning: Replacing `TU/HelveticaNeue(0)/m/sc' by 
(spanish)                faked small caps on input line 311.

[11])

LaTeX Info: Redefining \. on input line 228.
LaTeX Info: Redefining \% on input line 228.

Package spanish Warning: Replacing `TU/HelveticaNeue(0)/m/sc' by 
(spanish)                faked small caps on input line 228.

[12] (./main.toc
LaTeX Info: Redefining \. on input line 1.
LaTeX Info: Redefining \% on input line 1.


Package spanish Warning: Replacing `TU/HelveticaNeue(0)/b/sc' by 
(spanish)                faked small caps on input line 2.


Package spanish Warning: Replacing `TU/HelveticaNeue(0)/b/sc' by 
(spanish)                faked small caps on input line 3.




Package spanish Warning: Replacing `TU/HelveticaNeue(0)/m/sc' by 
(spanish)                faked small caps on input line 30.

[13

]

LaTeX Info: Redefining \. on input line 67.
LaTeX Info: Redefining \% on input line 67.

Package spanish Warning: Replacing `TU/HelveticaNeue(0)/m/sc' by 
(spanish)                faked small caps on input line 67.

[14]

LaTeX Info: Redefining \. on input line 101.
LaTeX Info: Redefining \% on input line 101.

Package spanish Warning: Replacing `TU/HelveticaNeue(0)/m/sc' by 
(spanish)                faked small caps on input line 101.

[15]

LaTeX Info: Redefining \. on input line 136.
LaTeX Info: Redefining \% on input line 136.

Package spanish Warning: Replacing `TU/HelveticaNeue(0)/m/sc' by 
(spanish)                faked small caps on input line 136.

[16]

LaTeX Info: Redefining \. on input line 171.
LaTeX Info: Redefining \% on input line 171.

Package spanish Warning: Replacing `TU/HelveticaNeue(0)/m/sc' by 
(spanish)                faked small caps on input line 171.

[17]
Overfull \hbox (1.29207pt too wide) detected at line 198
 []\TU/HelveticaNeue(0)/m/sc/10.95 101
 []


Overfull \hbox (1.29207pt too wide) detected at line 199
 []\TU/HelveticaNeue(0)/m/sc/10.95 101
 []


Overfull \hbox (1.29207pt too wide) detected at line 200
 []\TU/HelveticaNeue(0)/m/sc/10.95 102
 []


Overfull \hbox (1.29207pt too wide) detected at line 201
 []\TU/HelveticaNeue(0)/m/sc/10.95 102
 []


Overfull \hbox (1.29207pt too wide) detected at line 202
 []\TU/HelveticaNeue(0)/m/sc/10.95 103
 []


Overfull \hbox (1.29207pt too wide) detected at line 203
 []\TU/HelveticaNeue(0)/m/sc/10.95 103
 []


Overfull \hbox (1.29207pt too wide) detected at line 204
 []\TU/HelveticaNeue(0)/m/sc/10.95 103
 []


Overfull \hbox (1.29207pt too wide) detected at line 205
 []\TU/HelveticaNeue(0)/m/sc/10.95 104
 []


Overfull \hbox (1.29207pt too wide) detected at line 206
 []\TU/HelveticaNeue(0)/m/sc/10.95 105
 []


Overfull \hbox (1.29207pt too wide) detected at line 207
 []\TU/HelveticaNeue(0)/m/sc/10.95 105
 []


Overfull \hbox (1.29207pt too wide) detected at line 208
 []\TU/HelveticaNeue(0)/m/sc/10.95 106
 []


Overfull \hbox (1.29207pt too wide) detected at line 209
 []\TU/HelveticaNeue(0)/m/sc/10.95 106
 []


Overfull \hbox (1.29207pt too wide) detected at line 210
 []\TU/HelveticaNeue(0)/m/sc/10.95 106
 []


Overfull \hbox (1.29207pt too wide) detected at line 211
 []\TU/HelveticaNeue(0)/m/sc/10.95 107
 []


Overfull \hbox (1.29207pt too wide) detected at line 212
 []\TU/HelveticaNeue(0)/m/sc/10.95 107
 []


Overfull \hbox (1.29207pt too wide) detected at line 213
 []\TU/HelveticaNeue(0)/m/sc/10.95 108
 []


Overfull \hbox (1.29207pt too wide) detected at line 214
 []\TU/HelveticaNeue(0)/m/sc/10.95 109
 []



LaTeX Info: Redefining \. on input line 215.
LaTeX Info: Redefining \% on input line 215.

Package spanish Warning: Replacing `TU/HelveticaNeue(0)/m/sc' by 
(spanish)                faked small caps on input line 215.

[18]
Overfull \hbox (1.29207pt too wide) detected at line 217
 []\TU/HelveticaNeue(0)/m/sc/10.95 111
 []


Overfull \hbox (1.29207pt too wide) detected at line 218
 []\TU/HelveticaNeue(0)/m/sc/10.95 111
 []


Overfull \hbox (1.29207pt too wide) detected at line 219
 []\TU/HelveticaNeue(0)/m/sc/10.95 112
 []


Overfull \hbox (1.29207pt too wide) detected at line 220
 []\TU/HelveticaNeue(0)/m/sc/10.95 112
 []


Overfull \hbox (1.29207pt too wide) detected at line 221
 []\TU/HelveticaNeue(0)/m/sc/10.95 112
 []


Overfull \hbox (1.29207pt too wide) detected at line 222
 []\TU/HelveticaNeue(0)/m/sc/10.95 113
 []


Overfull \hbox (1.29207pt too wide) detected at line 223
 []\TU/HelveticaNeue(0)/m/sc/10.95 113
 []


Overfull \hbox (1.29207pt too wide) detected at line 224
 []\TU/HelveticaNeue(0)/m/sc/10.95 114
 []


Overfull \hbox (1.29207pt too wide) detected at line 225
 []\TU/HelveticaNeue(0)/m/sc/10.95 114
 []

)
\tf@toc=\write6
\openout6 = `main.toc'.



LaTeX Info: Redefining \. on input line 229.
LaTeX Info: Redefining \% on input line 229.

Package spanish Warning: Replacing `TU/HelveticaNeue(0)/m/sc' by 
(spanish)                faked small caps on input line 229.

[19] (./main.lof
LaTeX Info: Redefining \. on input line 1.
LaTeX Info: Redefining \% on input line 1.



Package spanish Warning: Replacing `TU/HelveticaNeue(0)/m/sc' by 
(spanish)                faked small caps on input line 34.

[20

]
Overfull \hbox (1.29207pt too wide) detected at line 50
 []\TU/HelveticaNeue(0)/m/sc/10.95 108
 []

)
\tf@lof=\write7
\openout7 = `main.lof'.



LaTeX Info: Redefining \. on input line 230.
LaTeX Info: Redefining \% on input line 230.

Package spanish Warning: Replacing `TU/HelveticaNeue(0)/m/sc' by 
(spanish)                faked small caps on input line 230.

[21] (./main.lot
LaTeX Info: Redefining \. on input line 1.
LaTeX Info: Redefining \% on input line 1.


Package spanish Warning: Replacing `TU/HelveticaNeue(0)/m/sc' by 
(spanish)                faked small caps on input line 2.


Package spanish Warning: Replacing `TU/HelveticaNeue(0)/m/sc' by 
(spanish)                faked small caps on input line 3.




Package spanish Warning: Replacing `TU/HelveticaNeue(0)/m/sc' by 
(spanish)                faked small caps on input line 35.

[22

]
Overfull \hbox (1.29207pt too wide) detected at line 42
 []\TU/HelveticaNeue(0)/m/sc/10.95 111
 []


Overfull \hbox (1.29207pt too wide) detected at line 43
 []\TU/HelveticaNeue(0)/m/sc/10.95 112
 []


Overfull \hbox (1.29207pt too wide) detected at line 44
 []\TU/HelveticaNeue(0)/m/sc/10.95 113
 []


Overfull \hbox (1.29207pt too wide) detected at line 45
 []\TU/HelveticaNeue(0)/m/sc/10.95 113
 []


Overfull \hbox (1.29207pt too wide) detected at line 46
 []\TU/HelveticaNeue(0)/m/sc/10.95 114
 []

)
\tf@lot=\write8
\openout8 = `main.lot'.



LaTeX Info: Redefining \. on input line 235.
LaTeX Info: Redefining \% on input line 235.

Package spanish Warning: Replacing `TU/HelveticaNeue(0)/m/sc' by 
(spanish)                faked small caps on input line 235.

[23]

[1


] (./capitulos/capitulo01_onboarding.tex
Capítulo 1.
File: anexos/2 config.png Graphic file (type bmp)
<anexos/2 config.png>

Overfull \hbox (3.09445pt too wide) in paragraph at lines 28--36
 [][] 
 []



[2

]
Package microtype Info: Loading generic protrusion settings for font family
(microtype)             `lmtt' (encoding: TU).
(microtype)             For optimal results, create family-specific settings.
(microtype)             See the microtype manual for details.
File: anexos/3 config.png Graphic file (type bmp)
<anexos/3 config.png>


LaTeX Info: Redefining \. on input line 72.
LaTeX Info: Redefining \% on input line 72.
[3]
Overfull \hbox (16.23581pt too wide) in paragraph at lines 83--83
[]|\TU/HelveticaNeue(0)/m/sc/10.95 AA:BB:CC:DD:EE:FF| 
 []


Overfull \hbox (3.09445pt too wide) in paragraph at lines 77--87
 [][] 
 []



LaTeX Info: Redefining \. on input line 105.
LaTeX Info: Redefining \% on input line 105.
[4]
File: anexos/1 splash.png Graphic file (type bmp)
<anexos/1 splash.png>


LaTeX Info: Redefining \. on input line 134.
LaTeX Info: Redefining \% on input line 134.
[5]

LaTeX Info: Redefining \. on input line 180.
LaTeX Info: Redefining \% on input line 180.
[6]
LaTeX Font Info:    External font `cmex10' loaded for size
(Font)              <9> on input line 181.
LaTeX Font Info:    External font `cmex10' loaded for size
(Font)              <5> on input line 181.


LaTeX Info: Redefining \. on input line 216.
LaTeX Info: Redefining \% on input line 216.
[7]

LaTeX Info: Redefining \. on input line 257.
LaTeX Info: Redefining \% on input line 257.
[8]) (./capitulos/capitulo02_dashboard.tex

LaTeX Info: Redefining \. on input line 5.
LaTeX Info: Redefining \% on input line 5.
[9]
Capítulo 2.
File: anexos/4 principal.png Graphic file (type bmp)
<anexos/4 principal.png>


[10

]

LaTeX Info: Redefining \. on input line 83.
LaTeX Info: Redefining \% on input line 83.
[11]
Overfull \hbox (3.09445pt too wide) in paragraph at lines 98--109
 [][] 
 []



LaTeX Info: Redefining \. on input line 143.
LaTeX Info: Redefining \% on input line 143.
[12]

LaTeX Info: Redefining \. on input line 177.
LaTeX Info: Redefining \% on input line 177.
[13]
File: anexos/arquitectura.y.comunicacion.png Graphic file (type bmp)
<anexos/arquitectura.y.comunicacion.png>


LaTeX Info: Redefining \. on input line 208.
LaTeX Info: Redefining \% on input line 208.
[14]

LaTeX Info: Redefining \. on input line 221.
LaTeX Info: Redefining \% on input line 221.
[15]

LaTeX Info: Redefining \. on input line 252.
LaTeX Info: Redefining \% on input line 252.
[16])

LaTeX Info: Redefining \. on input line 242.
LaTeX Info: Redefining \% on input line 242.
[17]

[18

] (./capitulos/capitulo03_gestion.tex
Capítulo 3.
File: anexos/5 conexion.png Graphic file (type bmp)
<anexos/5 conexion.png>


[19


]
File: anexos/6 aplicaciones.png Graphic file (type bmp)
<anexos/6 aplicaciones.png>


LaTeX Info: Redefining \. on input line 73.
LaTeX Info: Redefining \% on input line 73.
[20]
File: anexos/6 aplicaciones nueva.png Graphic file (type bmp)
<anexos/6 aplicaciones nueva.png>


LaTeX Info: Redefining \. on input line 104.
LaTeX Info: Redefining \% on input line 104.
[21]

LaTeX Info: Redefining \. on input line 140.
LaTeX Info: Redefining \% on input line 140.
[22] (/usr/local/texlive/2025/texmf-dist/tex/latex/listings/lstlang1.sty
File: lstlang1.sty 2024/09/23 1.10c listings language file
)
(/usr/local/texlive/2025/texmf-dist/tex/latex/listings/lstlang1.sty
File: lstlang1.sty 2024/09/23 1.10c listings language file
)
Package hyperref Info: bookmark level for unknown lstlisting defaults to 0 on i
nput line 145.
File: anexos/16 conexiones activas.png Graphic file (type bmp)
<anexos/16 conexiones activas.png>


LaTeX Info: Redefining \. on input line 174.
LaTeX Info: Redefining \% on input line 174.
[23]
File: anexos/10 monitor.png Graphic file (type bmp)
<anexos/10 monitor.png>


LaTeX Info: Redefining \. on input line 199.
LaTeX Info: Redefining \% on input line 199.
[24]

LaTeX Info: Redefining \. on input line 227.
LaTeX Info: Redefining \% on input line 227.
[25]

LaTeX Info: Redefining \. on input line 271.
LaTeX Info: Redefining \% on input line 271.
[26]

LaTeX Info: Redefining \. on input line 300.
LaTeX Info: Redefining \% on input line 300.
[27]
File: anexos/7 seguridad.mailbox.png Graphic file (type bmp)
<anexos/7 seguridad.mailbox.png>


LaTeX Info: Redefining \. on input line 320.
LaTeX Info: Redefining \% on input line 320.
[28]
File: anexos/7 seguridad.mailbox.nuevo.png Graphic file (type bmp)
<anexos/7 seguridad.mailbox.nuevo.png>


LaTeX Info: Redefining \. on input line 345.
LaTeX Info: Redefining \% on input line 345.
[29]
File: anexos/7 seguridad.mailbox.nuevo.selector.archivos.png Graphic file (type
 bmp)
<anexos/7 seguridad.mailbox.nuevo.selector.archivos.png>


LaTeX Info: Redefining \. on input line 373.
LaTeX Info: Redefining \% on input line 373.
[30]
File: anexos/7 seguridad.mailbox.notificaciones.png Graphic file (type bmp)
<anexos/7 seguridad.mailbox.notificaciones.png>


LaTeX Info: Redefining \. on input line 407.
LaTeX Info: Redefining \% on input line 407.
[31]
File: anexos/22 chat.principal.png Graphic file (type bmp)
<anexos/22 chat.principal.png>

Missing character: There is no 接 (U+63A5) in font Helvetica Neue/AAT:mapping=te
x-text;!
Missing character: There is no 收 (U+6536) in font Helvetica Neue/AAT:mapping=te
x-text;!
File: anexos/22 chat.conversaciones.png Graphic file (type bmp)
<anexos/22 chat.conversaciones.png>


LaTeX Info: Redefining \. on input line 438.
LaTeX Info: Redefining \% on input line 438.
[32]
File: anexos/22 chat.mensaje.png Graphic file (type bmp)
<anexos/22 chat.mensaje.png>


LaTeX Info: Redefining \. on input line 459.
LaTeX Info: Redefining \% on input line 459.
[33]
File: anexos/22 chat.agenda.png Graphic file (type bmp)
<anexos/22 chat.agenda.png>


LaTeX Info: Redefining \. on input line 479.
LaTeX Info: Redefining \% on input line 479.
[34]
File: anexos/22 chat.perfiles.png Graphic file (type bmp)
<anexos/22 chat.perfiles.png>


LaTeX Info: Redefining \. on input line 499.
LaTeX Info: Redefining \% on input line 499.
[35]
Underfull \hbox (badness 10000) in paragraph at lines 510--511
[]|\TU/HelveticaNeue(0)/m/sc/10.95 Indicador de disponibilidad (Online/Away/-
 []



LaTeX Info: Redefining \. on input line 522.
LaTeX Info: Redefining \% on input line 522.
[36]
File: anexos/22 chat.historial.png Graphic file (type bmp)
<anexos/22 chat.historial.png>


LaTeX Info: Redefining \. on input line 533.
LaTeX Info: Redefining \% on input line 533.
[37]

LaTeX Info: Redefining \. on input line 551.
LaTeX Info: Redefining \% on input line 551.
[38])

LaTeX Info: Redefining \. on input line 245.
LaTeX Info: Redefining \% on input line 245.
[39] (./capitulos/capitulo04_seguridad.tex
Capítulo 4.
File: anexos/7 seguridad.mailbox.png Graphic file (type bmp)
<anexos/7 seguridad.mailbox.png>

Underfull \hbox (badness 7888) in paragraph at lines 32--32
[]|\TU/HelveticaNeue(0)/m/sc/10.95 Auditoria minima, politicas
 []


Underfull \hbox (badness 3907) in paragraph at lines 34--34
[]|\TU/HelveticaNeue(0)/m/sc/10.95 Auditoria completa, contra-
 []


Underfull \hbox (badness 10000) in paragraph at lines 36--36
[]|\TU/HelveticaNeue(0)/m/sc/10.95 Auditoria en tiempo real,
 []



[40


]
File: anexos/8 politica.png Graphic file (type bmp)
<anexos/8 politica.png>


LaTeX Info: Redefining \. on input line 61.
LaTeX Info: Redefining \% on input line 61.
[41]
LaTeX Font Info:    External font `cmex10' loaded for size
(Font)              <7> on input line 65.
File: anexos/9 proxy.png Graphic file (type bmp)
<anexos/9 proxy.png>


LaTeX Info: Redefining \. on input line 98.
LaTeX Info: Redefining \% on input line 98.
[42]

LaTeX Info: Redefining \. on input line 126.
LaTeX Info: Redefining \% on input line 126.
[43]
Underfull \hbox (badness 10000) in paragraph at lines 145--145
[]|\TU/HelveticaNeue(0)/m/sc/10.95 Todo trafico de red,
 []



LaTeX Info: Redefining \. on input line 167.
LaTeX Info: Redefining \% on input line 167.
[44]

LaTeX Info: Redefining \. on input line 208.
LaTeX Info: Redefining \% on input line 208.
[45]

LaTeX Info: Redefining \. on input line 252.
LaTeX Info: Redefining \% on input line 252.
[46])

LaTeX Info: Redefining \. on input line 248.
LaTeX Info: Redefining \% on input line 248.
[47]

[48

] (./capitulos/capitulo05_visor.tex
Capítulo 5.
File: anexos/11 visor.png Graphic file (type bmp)
<anexos/11 visor.png>


[49


]
File: anexos/13 visor list.png Graphic file (type bmp)
<anexos/13 visor list.png>


LaTeX Info: Redefining \. on input line 80.
LaTeX Info: Redefining \% on input line 80.
[50]
File: anexos/11 visor encriptar.png Graphic file (type bmp)
<anexos/11 visor encriptar.png>


LaTeX Info: Redefining \. on input line 104.
LaTeX Info: Redefining \% on input line 104.
[51]
Underfull \hbox (badness 10000) in paragraph at lines 125--127

 []

File: anexos/14 visor encriptado.png Graphic file (type bmp)
<anexos/14 visor encriptado.png>


LaTeX Info: Redefining \. on input line 142.
LaTeX Info: Redefining \% on input line 142.
[52]

LaTeX Info: Redefining \. on input line 160.
LaTeX Info: Redefining \% on input line 160.
[53]
File: anexos/11 visor exportar.png Graphic file (type bmp)
<anexos/11 visor exportar.png>

Overfull \hbox (3.09445pt too wide) in paragraph at lines 181--194
 [][] 
 []



LaTeX Info: Redefining \. on input line 197.
LaTeX Info: Redefining \% on input line 197.
[54]
File: anexos/12 preview-confidencial.png Graphic file (type bmp)
<anexos/12 preview-confidencial.png>


LaTeX Info: Redefining \. on input line 222.
LaTeX Info: Redefining \% on input line 222.
[55]
File: anexos/12 preview-confidencial-clave.png Graphic file (type bmp)
<anexos/12 preview-confidencial-clave.png>


LaTeX Info: Redefining \. on input line 241.
LaTeX Info: Redefining \% on input line 241.
[56]
File: anexos/12 preview-confidencial-desbloqueado.png Graphic file (type bmp)
<anexos/12 preview-confidencial-desbloqueado.png>


LaTeX Info: Redefining \. on input line 259.
LaTeX Info: Redefining \% on input line 259.
[57]
File: anexos/15 configurador.png Graphic file (type bmp)
<anexos/15 configurador.png>


LaTeX Info: Redefining \. on input line 291.
LaTeX Info: Redefining \% on input line 291.
[58]

LaTeX Info: Redefining \. on input line 313.
LaTeX Info: Redefining \% on input line 313.
[59]

LaTeX Info: Redefining \. on input line 339.
LaTeX Info: Redefining \% on input line 339.
[60]
File: anexos/11 visor.huelladigital.png Graphic file (type bmp)
<anexos/11 visor.huelladigital.png>


LaTeX Info: Redefining \. on input line 376.
LaTeX Info: Redefining \% on input line 376.
[61]
File: anexos/11 visor encriptar.png Graphic file (type bmp)
<anexos/11 visor encriptar.png>


LaTeX Info: Redefining \. on input line 414.
LaTeX Info: Redefining \% on input line 414.
[62]
File: anexos/12 preview-csv.png Graphic file (type bmp)
<anexos/12 preview-csv.png>
File: anexos/12 preview-csv.filtro.png Graphic file (type bmp)
<anexos/12 preview-csv.filtro.png>


LaTeX Info: Redefining \. on input line 438.
LaTeX Info: Redefining \% on input line 438.
[63]
File: anexos/12 preview-csv.buscar.png Graphic file (type bmp)
<anexos/12 preview-csv.buscar.png>


LaTeX Info: Redefining \. on input line 458.
LaTeX Info: Redefining \% on input line 458.
[64]
File: anexos/11 visor.eliminar.nomina.png Graphic file (type bmp)
<anexos/11 visor.eliminar.nomina.png>


LaTeX Info: Redefining \. on input line 479.
LaTeX Info: Redefining \% on input line 479.
[65]
File: anexos/11 visor.cargando.png Graphic file (type bmp)
<anexos/11 visor.cargando.png>
File: anexos/14 visor encriptado.png Graphic file (type bmp)
<anexos/14 visor encriptado.png>


LaTeX Info: Redefining \. on input line 522.
LaTeX Info: Redefining \% on input line 522.
[66]
File: anexos/11 visor encriptar.gpg.png Graphic file (type bmp)
<anexos/11 visor encriptar.gpg.png>


LaTeX Info: Redefining \. on input line 545.
LaTeX Info: Redefining \% on input line 545.
[67]
File: anexos/11 visor exportar.sse.png Graphic file (type bmp)
<anexos/11 visor exportar.sse.png>


LaTeX Info: Redefining \. on input line 567.
LaTeX Info: Redefining \% on input line 567.
[68])

LaTeX Info: Redefining \. on input line 252.
LaTeX Info: Redefining \% on input line 252.
[69]

[70

] (./capitulos/capitulo06_chat.tex
Capítulo 6.
File: anexos/22 chat.principal.png Graphic file (type bmp)
<anexos/22 chat.principal.png>


[71


]
Underfull \hbox (badness 10000) in paragraph at lines 67--68
[]|\TU/HelveticaNeue(0)/m/sc/10.95 Informacion de almacenamiento
 []



LaTeX Info: Redefining \. on input line 79.
LaTeX Info: Redefining \% on input line 79.
[72]

LaTeX Info: Redefining \. on input line 126.
LaTeX Info: Redefining \% on input line 126.
[73]

LaTeX Info: Redefining \. on input line 163.
LaTeX Info: Redefining \% on input line 163.
[74]

LaTeX Info: Redefining \. on input line 213.
LaTeX Info: Redefining \% on input line 213.
[75]

LaTeX Info: Redefining \. on input line 245.
LaTeX Info: Redefining \% on input line 245.
[76]
File: anexos/22 chat.perfiles.png Graphic file (type bmp)
<anexos/22 chat.perfiles.png>


LaTeX Info: Redefining \. on input line 284.
LaTeX Info: Redefining \% on input line 284.
[77]

LaTeX Info: Redefining \. on input line 299.
LaTeX Info: Redefining \% on input line 299.
[78])

LaTeX Info: Redefining \. on input line 256.
LaTeX Info: Redefining \% on input line 256.
[79]

[80

] (./capitulos/capitulo07_configuracion.tex
Capítulo 7.
File: anexos/17 temas.png Graphic file (type bmp)
<anexos/17 temas.png>


[81


]
Underfull \hbox (badness 1755) in paragraph at lines 30--30
\TU/HelveticaNeue(0)/m/sc/10.95 ve, contraste modera-
 []


Underfull \hbox (badness 10000) in paragraph at lines 32--32
[]|\TU/HelveticaNeue(0)/m/sc/10.95 Fondo oscuro, texto
 []


Underfull \hbox (badness 10000) in paragraph at lines 32--32
\TU/HelveticaNeue(0)/m/sc/10.95 claro, menos fatiga
 []


Underfull \hbox (badness 10000) in paragraph at lines 36--36
[]|\TU/HelveticaNeue(0)/m/sc/10.95 Elementos reducidos,
 []


Underfull \hbox (badness 5878) in paragraph at lines 36--37
[]|\TU/HelveticaNeue(0)/m/sc/10.95 Pantallas pequenas, foco en
 []

File: anexos/18 red.png Graphic file (type bmp)
<anexos/18 red.png>


LaTeX Info: Redefining \. on input line 71.
LaTeX Info: Redefining \% on input line 71.
[82]

LaTeX Info: Redefining \. on input line 100.
LaTeX Info: Redefining \% on input line 100.
[83]
File: anexos/19 acceso.png Graphic file (type bmp)
<anexos/19 acceso.png>

Underfull \hbox (badness 1117) in paragraph at lines 133--134
[]|\TU/HelveticaNeue(0)/m/sc/10.95 Acceso total: configuracion del sistema, ges
tion de
 []



LaTeX Info: Redefining \. on input line 145.
LaTeX Info: Redefining \% on input line 145.
[84]
File: anexos/20 updates.png Graphic file (type bmp)
<anexos/20 updates.png>


LaTeX Info: Redefining \. on input line 168.
LaTeX Info: Redefining \% on input line 168.
[85]

LaTeX Info: Redefining \. on input line 197.
LaTeX Info: Redefining \% on input line 197.
[86]
File: anexos/21 info.png Graphic file (type bmp)
<anexos/21 info.png>


LaTeX Info: Redefining \. on input line 238.
LaTeX Info: Redefining \% on input line 238.
[87]
File: anexos/fin sistema.png Graphic file (type bmp)
<anexos/fin sistema.png>


LaTeX Info: Redefining \. on input line 267.
LaTeX Info: Redefining \% on input line 267.
[88]

LaTeX Info: Redefining \. on input line 300.
LaTeX Info: Redefining \% on input line 300.
[89])

LaTeX Info: Redefining \. on input line 260.
LaTeX Info: Redefining \% on input line 260.
[90]

[91

] (./capitulos/capitulo08_alquimia.tex
Capítulo 8.


[92


]

LaTeX Info: Redefining \. on input line 50.
LaTeX Info: Redefining \% on input line 50.
[93]
Missing character: There is no 注 (U+6CE8) in font Helvetica Neue/AAT:mapping=te
x-text;!
Missing character: There is no 入 (U+5165) in font Helvetica Neue/AAT:mapping=te
x-text;!

! Package pgfkeys Error: I do not know the key '/tcb/borderline', to which you 
passed '{0.5pt}{sandraDark}', and I am going to ignore it. Perhaps you misspell
ed it.

See the pgfkeys package documentation for explanation.
Type  H <return>  for immediate help.
 ...                                              
                                                  
l.68 \begin{definicion}
                       
This error message was generated by an \errmessage
command, so I can't give any explicit help.
Pretend that you're Hercule Poirot: Examine all clues,
and deduce the truth by order and method.



LaTeX Info: Redefining \. on input line 78.
LaTeX Info: Redefining \% on input line 78.
[94]

LaTeX Info: Redefining \. on input line 113.
LaTeX Info: Redefining \% on input line 113.
[95]
Overfull \hbox (3.19046pt too wide) in paragraph at lines 136--137
[]\TU/HelveticaNeue(0)/m/sc/10.95 El diccionario de información del documento (
Info Dictionary) contiene campos como Author,
 []

(/usr/local/texlive/2025/texmf-dist/tex/latex/listings/lstlang1.sty
File: lstlang1.sty 2024/09/23 1.10c listings language file
)
(/usr/local/texlive/2025/texmf-dist/tex/latex/listings/lstlang2.sty
File: lstlang2.sty 2024/09/23 1.10c listings language file
)
(/usr/local/texlive/2025/texmf-dist/tex/latex/listings/lstlang3.sty
File: lstlang3.sty 2024/09/23 1.10c listings language file
)

! Package Listings Error: Couldn't load requested language.

See the Listings package documentation for explanation.
Type  H <return>  for immediate help.
 ...                                              
                                                  
l.142 ..., caption={Inyección de Metadata en PDF}]
                                                  
The following languages weren't loadable:
    ,rust$
This may cause errors in the sequel.


! Package Listings Error: language rust undefined.

See the Listings package documentation for explanation.
Type  H <return>  for immediate help.
 ...                                              
                                                  
l.142 ..., caption={Inyección de Metadata en PDF}]
                                                  
The language is not loadable. Try typing  <return>  to proceed.
If that doesn't work, type  X <return>  to quit.



LaTeX Info: Redefining \. on input line 153.
LaTeX Info: Redefining \% on input line 153.
[96]
Missing character: There is no 注 (U+6CE8) in font Helvetica Neue/AAT:mapping=te
x-text;!
Missing character: There is no 入 (U+5165) in font Helvetica Neue/AAT:mapping=te
x-text;!
Missing character: There is no 注 (U+6CE8) in font Helvetica Neue/AAT:mapping=te
x-text;!
Missing character: There is no 入 (U+5165) in font Helvetica Neue/AAT:mapping=te
x-text;!


LaTeX Info: Redefining \. on input line 192.
LaTeX Info: Redefining \% on input line 192.
[97]

LaTeX Info: Redefining \. on input line 235.
LaTeX Info: Redefining \% on input line 235.
[98]
Missing character: There is no → (U+2192) in font Helvetica Neue/AAT:mapping=te
x-text;!
Missing character: There is no → (U+2192) in font Helvetica Neue/AAT:mapping=te
x-text;!
(/usr/local/texlive/2025/texmf-dist/tex/latex/listings/lstlang1.sty
File: lstlang1.sty 2024/09/23 1.10c listings language file
)
(/usr/local/texlive/2025/texmf-dist/tex/latex/listings/lstlang2.sty
File: lstlang2.sty 2024/09/23 1.10c listings language file
)
(/usr/local/texlive/2025/texmf-dist/tex/latex/listings/lstlang3.sty
File: lstlang3.sty 2024/09/23 1.10c listings language file
)

! Package Listings Error: Couldn't load requested language.

See the Listings package documentation for explanation.
Type  H <return>  for immediate help.
 ...                                              
                                                  
l.253 ...=rust, caption={Codificación Zero-Width}]
                                                  
The following languages weren't loadable:
    ,rust$
This may cause errors in the sequel.


! Package Listings Error: language rust undefined.

See the Listings package documentation for explanation.
Type  H <return>  for immediate help.
 ...                                              
                                                  
l.253 ...=rust, caption={Codificación Zero-Width}]
                                                  
The language is not loadable. Try typing  <return>  to proceed.
If that doesn't work, type  X <return>  to quit.



LaTeX Info: Redefining \. on input line 270.
LaTeX Info: Redefining \% on input line 270.
[99]

LaTeX Info: Redefining \. on input line 309.
LaTeX Info: Redefining \% on input line 309.
[100]

LaTeX Info: Redefining \. on input line 357.
LaTeX Info: Redefining \% on input line 357.
[101]

LaTeX Info: Redefining \. on input line 386.
LaTeX Info: Redefining \% on input line 386.
[102]
Missing character: There is no 仍 (U+4ECD) in font Helvetica Neue/AAT:mapping=te
x-text;!
Missing character: There is no 然 (U+7136) in font Helvetica Neue/AAT:mapping=te
x-text;!


LaTeX Info: Redefining \. on input line 419.
LaTeX Info: Redefining \% on input line 419.
[103]
Package microtype Info: Loading generic protrusion settings for font family
(microtype)             `cmtt' (encoding: OT1).
(microtype)             For optimal results, create family-specific settings.
(microtype)             See the microtype manual for details.


LaTeX Info: Redefining \. on input line 464.
LaTeX Info: Redefining \% on input line 464.
[104]
Missing character: There is no → (U+2192) in font Helvetica Neue/AAT:mapping=te
x-text;!
Missing character: There is no → (U+2192) in font Helvetica Neue/AAT:mapping=te
x-text;!
Missing character: There is no → (U+2192) in font Helvetica Neue/AAT:mapping=te
x-text;!
Missing character: There is no → (U+2192) in font Helvetica Neue/AAT:mapping=te
x-text;!
Missing character: There is no → (U+2192) in font Helvetica Neue/AAT:mapping=te
x-text;!
Missing character: There is no → (U+2192) in font Helvetica Neue/AAT:mapping=te
x-text;!
Missing character: There is no → (U+2192) in font Helvetica Neue/AAT:mapping=te
x-text;!
Missing character: There is no → (U+2192) in font Helvetica Neue/AAT:mapping=te
x-text;!
Missing character: There is no → (U+2192) in font Helvetica Neue/AAT:mapping=te
x-text;!
Missing character: There is no → (U+2192) in font Helvetica Neue/AAT:mapping=te
x-text;!
Missing character: There is no → (U+2192) in font Helvetica Neue/AAT:mapping=te
x-text;!
Missing character: There is no → (U+2192) in font Helvetica Neue/AAT:mapping=te
x-text;!
Missing character: There is no → (U+2192) in font Helvetica Neue/AAT:mapping=te
x-text;!
Missing character: There is no → (U+2192) in font Helvetica Neue/AAT:mapping=te
x-text;!
Missing character: There is no → (U+2192) in font Helvetica Neue/AAT:mapping=te
x-text;!
Missing character: There is no → (U+2192) in font Helvetica Neue/AAT:mapping=te
x-text;!


LaTeX Info: Redefining \. on input line 502.
LaTeX Info: Redefining \% on input line 502.
[105]

LaTeX Info: Redefining \. on input line 538.
LaTeX Info: Redefining \% on input line 538.
[106]
File: anexos/11 visor.huelladigital.png Graphic file (type bmp)
<anexos/11 visor.huelladigital.png>


LaTeX Info: Redefining \. on input line 569.
LaTeX Info: Redefining \% on input line 569.
[107]

LaTeX Info: Redefining \. on input line 602.
LaTeX Info: Redefining \% on input line 602.
[108])

LaTeX Info: Redefining \. on input line 268.
LaTeX Info: Redefining \% on input line 268.
[109]

[110

] (./anexos/anexos.tex
Apéndice A.

Underfull \hbox (badness 2409) in paragraph at lines 27--27
[]|\TU/HelveticaNeue(0)/m/sc/10.95 File System, Network, Pro-
 []


Overfull \hbox (3.09447pt too wide) in paragraph at lines 17--30
 [][] 
 []



[111

]
Underfull \hbox (badness 6173) in paragraph at lines 96--96
[]|\TU/HelveticaNeue(0)/m/sc/10.95 Comunicacion cliente-
 []



LaTeX Info: Redefining \. on input line 108.
LaTeX Info: Redefining \% on input line 108.
[112]
Underfull \hbox (badness 2142) in paragraph at lines 119--119
[]|\TU/HelveticaNeue(0)/m/sc/10.95 Hashing de Contrase-
 []



LaTeX Info: Redefining \. on input line 160.
LaTeX Info: Redefining \% on input line 160.
[113]

LaTeX Info: Redefining \. on input line 175.
LaTeX Info: Redefining \% on input line 175.
[114])

LaTeX Info: Redefining \. on input line 274.
LaTeX Info: Redefining \% on input line 274.
[115]
No file main.ind.
(./main.aux
LaTeX Info: Redefining \. on input line 11.
LaTeX Info: Redefining \% on input line 11.
)
 ***********
LaTeX2e <2024-11-01> patch level 2
L3 programming layer <2025-01-18>
 ***********


LaTeX Font Warning: Some font shapes were not available, defaults substituted.


LaTeX Warning: There were multiply-defined labels.

Package rerunfilecheck Info: File `main.out' has not changed.
(rerunfilecheck)             Checksum: CFFB3212CC0E08B9A436F249A0892A75;41225.
 ) 
Here is how much of TeX's memory you used:
 35734 strings out of 473832
 728009 string characters out of 5729482
 1537399 words of memory out of 5000000
 58110 multiletter control sequences out of 15000+600000
 563312 words of font info for 87 fonts, out of 8000000 for 9000
 1348 hyphenation exceptions out of 8191
 98i,13n,105p,1001b,1976s stack positions out of 10000i,1000n,20000p,200000b,200000s

Output written on main.pdf (139 pages).
