\BOOKMARK [0][-]{chapter*.1}{\376\377\000P\000r\000\363\000l\000o\000g\000o}{}% 1
\BOOKMARK [0][-]{chapter*.2}{\376\377\000P\000r\000e\000s\000e\000n\000t\000a\000c\000i\000\363\000n}{}% 2
\BOOKMARK [0][-]{chapter*.3}{\376\377\000A\000g\000r\000a\000d\000e\000c\000i\000m\000i\000e\000n\000t\000o\000s}{}% 3
\BOOKMARK [0][-]{chapter.1}{\376\377\000I\000n\000t\000r\000o\000d\000u\000c\000c\000i\000\363\000n\000\040\000G\000e\000n\000e\000r\000a\000l}{}% 4
\BOOKMARK [1][-]{section.1.1}{\376\377\000L\000a\000\040\000R\000e\000l\000e\000v\000a\000n\000c\000i\000a\000\040\000d\000e\000\040\000l\000a\000\040\000C\000a\000p\000a\000\040\0007}{chapter.1}% 5
\BOOKMARK [2][-]{subsection.1.1.1}{\376\377\000A\000b\000s\000t\000r\000a\000c\000c\000i\000\363\000n\000\040\000L\000\363\000g\000i\000c\000a}{section.1.1}% 6
\BOOKMARK [2][-]{subsection.1.1.2}{\376\377\000O\000r\000q\000u\000e\000s\000t\000a\000c\000i\000\363\000n\000\040\000d\000e\000\040\000I\000n\000t\000e\000n\000c\000i\000\363\000n}{section.1.1}% 7
\BOOKMARK [2][-]{subsection.1.1.3}{\376\377\000Z\000e\000r\000o\000-\000T\000r\000u\000s\000t\000\040\000L\0007}{section.1.1}% 8
\BOOKMARK [1][-]{section.1.2}{\376\377\000C\000o\000n\000t\000e\000x\000t\000u\000a\000l\000i\000z\000a\000c\000i\000\363\000n\000\040\000d\000e\000l\000\040\000P\000r\000o\000b\000l\000e\000m\000a}{chapter.1}% 9
\BOOKMARK [1][-]{section.1.3}{\376\377\000J\000u\000s\000t\000i\000f\000i\000c\000a\000c\000i\000\363\000n\000\040\000d\000e\000l\000\040\000P\000r\000o\000y\000e\000c\000t\000o}{chapter.1}% 10
\BOOKMARK [2][-]{subsection.1.3.1}{\376\377\000I\000n\000t\000e\000g\000r\000a\000c\000i\000\363\000n\000\040\000d\000e\000\040\000S\000i\000s\000t\000e\000m\000a\000s}{section.1.3}% 11
\BOOKMARK [2][-]{subsection.1.3.2}{\376\377\000S\000o\000b\000e\000r\000a\000n\000\355\000a\000\040\000T\000e\000c\000n\000o\000l\000\363\000g\000i\000c\000a}{section.1.3}% 12
\BOOKMARK [2][-]{subsection.1.3.3}{\376\377\000C\000u\000m\000p\000l\000i\000m\000i\000e\000n\000t\000o\000\040\000N\000o\000r\000m\000a\000t\000i\000v\000o}{section.1.3}% 13
\BOOKMARK [1][-]{section.1.4}{\376\377\000O\000b\000j\000e\000t\000i\000v\000o\000s}{chapter.1}% 14
\BOOKMARK [2][-]{subsection.1.4.1}{\376\377\000O\000b\000j\000e\000t\000i\000v\000o\000\040\000G\000e\000n\000e\000r\000a\000l}{section.1.4}% 15
\BOOKMARK [2][-]{subsection.1.4.2}{\376\377\000O\000b\000j\000e\000t\000i\000v\000o\000s\000\040\000E\000s\000p\000e\000c\000\355\000f\000i\000c\000o\000s}{section.1.4}% 16
\BOOKMARK [1][-]{section.1.5}{\376\377\000A\000l\000c\000a\000n\000c\000e\000\040\000d\000e\000l\000\040\000D\000o\000c\000u\000m\000e\000n\000t\000o}{chapter.1}% 17
\BOOKMARK [0][-]{chapter.2}{\376\377\000M\000a\000r\000c\000o\000\040\000T\000e\000\363\000r\000i\000c\000o}{}% 18
\BOOKMARK [1][-]{section.2.1}{\376\377\000E\000s\000t\000a\000d\000o\000\040\000d\000e\000l\000\040\000A\000r\000t\000e}{chapter.2}% 19
\BOOKMARK [1][-]{section.2.2}{\376\377\000F\000u\000n\000d\000a\000m\000e\000n\000t\000o\000s\000\040\000d\000e\000\040\000M\000i\000d\000d\000l\000e\000w\000a\000r\000e}{chapter.2}% 20
\BOOKMARK [1][-]{section.2.3}{\376\377\000A\000r\000q\000u\000i\000t\000e\000c\000t\000u\000r\000a\000\040\000d\000e\000\040\000M\000i\000c\000r\000o\000s\000e\000r\000v\000i\000c\000i\000o\000s}{chapter.2}% 21
\BOOKMARK [1][-]{section.2.4}{\376\377\000S\000e\000g\000u\000r\000i\000d\000a\000d\000\040\000d\000e\000\040\000C\000o\000n\000f\000i\000a\000n\000z\000a\000\040\000C\000e\000r\000o}{chapter.2}% 22
\BOOKMARK [1][-]{section.2.5}{\376\377\000T\000e\000c\000n\000o\000l\000o\000g\000\355\000a\000s\000\040\000E\000m\000e\000r\000g\000e\000n\000t\000e\000s}{chapter.2}% 23
\BOOKMARK [0][-]{chapter.3}{\376\377\000M\000a\000r\000c\000o\000\040\000L\000e\000g\000a\000l}{}% 24
\BOOKMARK [1][-]{section.3.1}{\376\377\000L\000e\000y\000\040\000d\000e\000\040\000I\000n\000f\000o\000g\000o\000b\000i\000e\000r\000n\000o}{chapter.3}% 25
\BOOKMARK [1][-]{section.3.2}{\376\377\000L\000e\000y\000\040\000E\000s\000p\000e\000c\000i\000a\000l\000\040\000c\000o\000n\000t\000r\000a\000\040\000l\000o\000s\000\040\000D\000e\000l\000i\000t\000o\000s\000\040\000I\000n\000f\000o\000r\000m\000\341\000t\000i\000c\000o\000s}{chapter.3}% 26
\BOOKMARK [1][-]{section.3.3}{\376\377\000L\000e\000y\000\040\000s\000o\000b\000r\000e\000\040\000M\000e\000n\000s\000a\000j\000e\000s\000\040\000d\000e\000\040\000D\000a\000t\000o\000s}{chapter.3}% 27
\BOOKMARK [1][-]{section.3.4}{\376\377\000E\000s\000t\000\341\000n\000d\000a\000r\000e\000s\000\040\000I\000S\000O}{chapter.3}% 28
\BOOKMARK [1][-]{section.3.5}{\376\377\000E\000s\000t\000r\000a\000t\000e\000g\000i\000a\000\040\000y\000\040\000D\000e\000f\000e\000n\000s\000a\000:\000\040\000L\000i\000c\000e\000n\000c\000i\000a\000m\000i\000e\000n\000t\000o\000\040\000S\000o\000b\000e\000r\000a\000n\000o}{chapter.3}% 29
\BOOKMARK [2][-]{subsection.3.5.1}{\376\377\000P\000r\000i\000v\000a\000t\000i\000z\000a\000c\000i\000\363\000n\000\040\000d\000e\000\040\000C\000\363\000d\000i\000g\000o\000\040\000D\000e\000r\000i\000v\000a\000d\000o}{section.3.5}% 30
\BOOKMARK [2][-]{subsection.3.5.2}{\376\377\000C\000u\000m\000p\000l\000i\000m\000i\000e\000n\000t\000o\000\040\000y\000\040\000C\000l\000a\000s\000i\000f\000i\000c\000a\000c\000i\000\363\000n}{section.3.5}% 31
\BOOKMARK [2][-]{subsection.3.5.3}{\376\377\000A\000n\000\341\000l\000i\000s\000i\000s\000\040\000d\000e\000\040\000I\000m\000p\000a\000c\000t\000o\000\040\000E\000s\000t\000r\000a\000t\000\351\000g\000i\000c\000o}{section.3.5}% 32
\BOOKMARK [0][-]{chapter.4}{\376\377\000A\000r\000q\000u\000i\000t\000e\000c\000t\000u\000r\000a\000\040\000d\000e\000l\000\040\000E\000c\000o\000s\000i\000s\000t\000e\000m\000a}{}% 33
\BOOKMARK [1][-]{section.4.1}{\376\377\000V\000i\000s\000i\000\363\000n\000\040\000G\000e\000n\000e\000r\000a\000l}{chapter.4}% 34
\BOOKMARK [1][-]{section.4.2}{\376\377\000C\000o\000m\000p\000o\000n\000e\000n\000t\000e\000s\000\040\000P\000r\000i\000n\000c\000i\000p\000a\000l\000e\000s}{chapter.4}% 35
\BOOKMARK [2][-]{subsection.4.2.1}{\376\377\000S\000a\000n\000d\000r\000a\000\040\000S\000e\000r\000v\000e\000r}{section.4.2}% 36
\BOOKMARK [2][-]{subsection.4.2.2}{\376\377\000S\000a\000n\000d\000r\000a\000\040\000U\000I\000\040\000C\000o\000n\000s\000o\000l\000a}{section.4.2}% 37
\BOOKMARK [2][-]{subsection.4.2.3}{\376\377\000S\000a\000n\000d\000r\000a\000\040\000D\000e\000s\000k\000t\000o\000p\000\040\000C\000o\000n\000t\000a\000i\000n\000e\000r}{section.4.2}% 38
\BOOKMARK [2][-]{subsection.4.2.4}{\376\377\000S\000a\000n\000d\000r\000a\000\040\000S\000e\000n\000t\000i\000n\000e\000l}{section.4.2}% 39
\BOOKMARK [1][-]{section.4.3}{\376\377\000M\000o\000d\000e\000l\000o\000\040\000d\000e\000\040\000C\000o\000m\000u\000n\000i\000c\000a\000c\000i\000\363\000n}{chapter.4}% 40
\BOOKMARK [2][-]{subsection.4.3.1}{\376\377\000P\000u\000e\000r\000t\000o\000s\000\040\000y\000\040\000P\000r\000o\000t\000o\000c\000o\000l\000o\000s}{section.4.3}% 41
\BOOKMARK [0][-]{chapter.5}{\376\377\000S\000a\000n\000d\000r\000a\000\040\000S\000e\000r\000v\000e\000r\000:\000\040\000M\000i\000d\000d\000l\000e\000w\000a\000r\000e\000\040\000E\000m\000p\000r\000e\000s\000a\000r\000i\000a\000l\000\040\000d\000e\000\040\000\332\000l\000t\000i\000m\000a\000\040\000G\000e\000n\000e\000r\000a\000c\000i\000\363\000n}{}% 42
\BOOKMARK [1][-]{section.5.1}{\376\377\000F\000u\000n\000d\000a\000m\000e\000n\000t\000a\000c\000i\000\363\000n\000\040\000T\000e\000\363\000r\000i\000c\000a\000\040\000d\000e\000\040\000M\000i\000d\000d\000l\000e\000w\000a\000r\000e}{chapter.5}% 43
\BOOKMARK [2][-]{subsection.5.1.1}{\376\377\000D\000e\000f\000i\000n\000i\000c\000i\000\363\000n\000\040\000y\000\040\000E\000v\000o\000l\000u\000c\000i\000\363\000n\000\040\000d\000e\000l\000\040\000M\000i\000d\000d\000l\000e\000w\000a\000r\000e}{section.5.1}% 44
\BOOKMARK [2][-]{subsection.5.1.2}{\376\377\000E\000n\000t\000e\000r\000p\000r\000i\000s\000e\000\040\000S\000e\000r\000v\000i\000c\000e\000\040\000B\000u\000s\000\040\000\050\000E\000S\000B\000\051}{section.5.1}% 45
\BOOKMARK [2][-]{subsection.5.1.3}{\376\377\000A\000r\000q\000u\000i\000t\000e\000c\000t\000u\000r\000a\000s\000\040\000O\000r\000i\000e\000n\000t\000a\000d\000a\000s\000\040\000a\000\040\000S\000e\000r\000v\000i\000c\000i\000o\000s\000\040\000\050\000S\000O\000A\000\051}{section.5.1}% 46
\BOOKMARK [2][-]{subsection.5.1.4}{\376\377\000M\000i\000d\000d\000l\000e\000w\000a\000r\000e\000\040\000e\000n\000\040\000e\000l\000\040\000C\000o\000n\000t\000e\000x\000t\000o\000\040\000d\000e\000\040\000S\000o\000b\000e\000r\000a\000n\000\355\000a\000\040\000T\000e\000c\000n\000o\000l\000\363\000g\000i\000c\000a}{section.5.1}% 47
\BOOKMARK [1][-]{section.5.2}{\376\377\000O\000b\000j\000e\000t\000i\000v\000o\000\040\000d\000e\000\040\000l\000a\000\040\000P\000l\000a\000t\000a\000f\000o\000r\000m\000a\000\040\000S\000a\000n\000d\000r\000a}{chapter.5}% 48
\BOOKMARK [2][-]{subsection.5.2.1}{\376\377\000C\000o\000n\000e\000c\000t\000i\000v\000i\000d\000a\000d\000\040\000d\000e\000\040\000A\000r\000q\000u\000i\000t\000e\000c\000t\000u\000r\000a\000s\000\040\000H\000e\000t\000e\000r\000o\000g\000\351\000n\000e\000a\000s}{section.5.2}% 49
\BOOKMARK [2][-]{subsection.5.2.2}{\376\377\000O\000r\000q\000u\000e\000s\000t\000a\000c\000i\000\363\000n\000\040\000d\000e\000\040\000E\000n\000v\000i\000r\000o\000n\000m\000e\000n\000t\000s\000\040\000\050\000D\000e\000s\000a\000r\000r\000o\000l\000l\000o\000,\000\040\000Q\000A\000,\000\040\000P\000r\000o\000d\000u\000c\000c\000i\000\363\000n\000\051}{section.5.2}% 50
\BOOKMARK [2][-]{subsection.5.2.3}{\376\377\000I\000n\000t\000e\000r\000o\000p\000e\000r\000a\000b\000i\000l\000i\000d\000a\000d\000\040\000y\000\040\000N\000o\000r\000m\000a\000l\000i\000z\000a\000c\000i\000\363\000n}{section.5.2}% 51
\BOOKMARK [2][-]{subsection.5.2.4}{\376\377\000B\000e\000n\000e\000f\000i\000c\000i\000o\000s\000\040\000E\000s\000t\000r\000a\000t\000\351\000g\000i\000c\000o\000s}{section.5.2}% 52
\BOOKMARK [1][-]{section.5.3}{\376\377\000A\000r\000q\000u\000i\000t\000e\000c\000t\000u\000r\000a\000\040\000T\000\351\000c\000n\000i\000c\000a}{chapter.5}% 53
\BOOKMARK [2][-]{subsection.5.3.1}{\376\377\000S\000t\000a\000c\000k\000\040\000T\000e\000c\000n\000o\000l\000\363\000g\000i\000c\000o}{section.5.3}% 54
\BOOKMARK [2][-]{subsection.5.3.2}{\376\377\000C\000a\000p\000a\000c\000i\000d\000a\000d\000e\000s\000\040\000d\000e\000\040\000R\000e\000n\000d\000i\000m\000i\000e\000n\000t\000o}{section.5.3}% 55
\BOOKMARK [2][-]{subsection.5.3.3}{\376\377\000M\000o\000d\000e\000l\000o\000\040\000d\000e\000\040\000D\000e\000s\000p\000l\000i\000e\000g\000u\000e}{section.5.3}% 56
\BOOKMARK [1][-]{section.5.4}{\376\377\000M\000\363\000d\000u\000l\000o\000s\000\040\000y\000\040\000F\000u\000n\000c\000i\000o\000n\000a\000l\000i\000d\000a\000d\000e\000s}{chapter.5}% 57
\BOOKMARK [2][-]{subsection.5.4.1}{\376\377\000W\000S\000H\000u\000b\000\040\000-\000\040\000C\000e\000n\000t\000r\000o\000\040\000d\000e\000\040\000W\000e\000b\000S\000o\000c\000k\000e\000t\000s\000\040\000c\000o\000n\000\040\000S\000h\000a\000r\000d\000i\000n\000g}{section.5.4}% 58
\BOOKMARK [2][-]{subsection.5.4.2}{\376\377\000M\000o\000d\000u\000l\000o\000s\000A\000P\000P\000\040\000-\000\040\000G\000e\000s\000t\000i\000\363\000n\000\040\000D\000o\000c\000u\000m\000e\000n\000t\000a\000l\000\040\000I\000n\000t\000e\000l\000i\000g\000e\000n\000t\000e}{section.5.4}% 59
\BOOKMARK [2][-]{subsection.5.4.3}{\376\377\000M\000o\000d\000u\000l\000o\000s\000S\000e\000g\000u\000r\000i\000d\000a\000d\000\040\000-\000\040\000S\000e\000g\000u\000r\000i\000d\000a\000d\000\040\000O\000f\000e\000n\000s\000i\000v\000a\000\040\000y\000\040\000C\000r\000i\000p\000t\000o\000g\000r\000a\000f\000\355\000a}{section.5.4}% 60
\BOOKMARK [2][-]{subsection.5.4.4}{\376\377\000L\000e\000g\000a\000c\000y\000\040\000\046\000\040\000P\000H\000P\000\040\000-\000\040\000I\000n\000t\000e\000r\000o\000p\000e\000r\000a\000b\000i\000l\000i\000d\000a\000d\000\040\000H\000\355\000b\000r\000i\000d\000a}{section.5.4}% 61
\BOOKMARK [2][-]{subsection.5.4.5}{\376\377\000I\000d\000e\000n\000t\000i\000d\000a\000d\000\040\000y\000\040\000N\000o\000t\000i\000f\000i\000c\000a\000c\000i\000o\000n\000e\000s}{section.5.4}% 62
\BOOKMARK [2][-]{subsection.5.4.6}{\376\377\000G\000e\000s\000t\000i\000\363\000n\000\040\000F\000i\000n\000a\000n\000c\000i\000e\000r\000a\000\040\000-\000\040\000M\000\363\000d\000u\000l\000o\000\040\000d\000e\000\040\000N\000\363\000m\000i\000n\000a\000s}{section.5.4}% 63
\BOOKMARK [1][-]{section.5.5}{\376\377\000A\000r\000q\000u\000i\000t\000e\000c\000t\000u\000r\000a\000\040\000d\000e\000\040\000S\000e\000g\000u\000r\000i\000d\000a\000d}{chapter.5}% 64
\BOOKMARK [2][-]{subsection.5.5.1}{\376\377\000P\000i\000l\000a\000r\000e\000s\000\040\000d\000e\000\040\000S\000e\000g\000u\000r\000i\000d\000a\000d}{section.5.5}% 65
\BOOKMARK [2][-]{subsection.5.5.2}{\376\377\000C\000r\000i\000p\000t\000o\000g\000r\000a\000f\000\355\000a\000\040\000y\000\040\000P\000r\000o\000t\000e\000c\000c\000i\000\363\000n\000\040\000d\000e\000\040\000D\000a\000t\000o\000s}{section.5.5}% 66
\BOOKMARK [2][-]{subsection.5.5.3}{\376\377\000C\000o\000n\000t\000r\000o\000l\000\040\000d\000e\000\040\000A\000c\000c\000e\000s\000o\000\040\000y\000\040\000A\000u\000t\000e\000n\000t\000i\000c\000a\000c\000i\000\363\000n}{section.5.5}% 67
\BOOKMARK [2][-]{subsection.5.5.4}{\376\377\000D\000e\000t\000e\000c\000c\000i\000\363\000n\000\040\000d\000e\000\040\000A\000n\000o\000m\000a\000l\000\355\000a\000s}{section.5.5}% 68
\BOOKMARK [1][-]{section.5.6}{\376\377\000C\000u\000m\000p\000l\000i\000m\000i\000e\000n\000t\000o\000\040\000N\000o\000r\000m\000a\000t\000i\000v\000o\000\040\000L\000e\000g\000a\000l}{chapter.5}% 69
\BOOKMARK [2][-]{subsection.5.6.1}{\376\377\000L\000e\000y\000\040\000d\000e\000\040\000I\000n\000f\000o\000g\000o\000b\000i\000e\000r\000n\000o}{section.5.6}% 70
\BOOKMARK [2][-]{subsection.5.6.2}{\376\377\000L\000e\000y\000\040\000E\000s\000p\000e\000c\000i\000a\000l\000\040\000c\000o\000n\000t\000r\000a\000\040\000l\000o\000s\000\040\000D\000e\000l\000i\000t\000o\000s\000\040\000I\000n\000f\000o\000r\000m\000\341\000t\000i\000c\000o\000s}{section.5.6}% 71
\BOOKMARK [2][-]{subsection.5.6.3}{\376\377\000L\000e\000y\000\040\000s\000o\000b\000r\000e\000\040\000M\000e\000n\000s\000a\000j\000e\000s\000\040\000d\000e\000\040\000D\000a\000t\000o\000s\000\040\000y\000\040\000F\000i\000r\000m\000a\000s\000\040\000E\000l\000e\000c\000t\000r\000\363\000n\000i\000c\000a\000s}{section.5.6}% 72
\BOOKMARK [2][-]{subsection.5.6.4}{\376\377\000E\000s\000t\000\341\000n\000d\000a\000r\000e\000s\000\040\000I\000n\000t\000e\000r\000n\000a\000c\000i\000o\000n\000a\000l\000e\000s\000\040\000I\000S\000O}{section.5.6}% 73
\BOOKMARK [1][-]{section.5.7}{\376\377\000A\000u\000d\000i\000t\000o\000r\000\355\000a\000\040\000y\000\040\000M\000o\000n\000i\000t\000o\000r\000e\000o}{chapter.5}% 74
\BOOKMARK [2][-]{subsection.5.7.1}{\376\377\000S\000i\000s\000t\000e\000m\000a\000\040\000d\000e\000\040\000L\000o\000g\000s\000\040\000I\000n\000m\000u\000t\000a\000b\000l\000e\000s}{section.5.7}% 75
\BOOKMARK [2][-]{subsection.5.7.2}{\376\377\000T\000r\000a\000z\000a\000\040\000d\000e\000\040\000A\000u\000d\000i\000t\000o\000r\000\355\000a}{section.5.7}% 76
\BOOKMARK [2][-]{subsection.5.7.3}{\376\377\000D\000e\000t\000e\000c\000c\000i\000\363\000n\000\040\000d\000e\000\040\000I\000n\000t\000r\000u\000s\000i\000o\000n\000e\000s}{section.5.7}% 77
\BOOKMARK [1][-]{section.5.8}{\376\377\000C\000o\000n\000c\000l\000u\000s\000i\000o\000n\000e\000s\000\040\000d\000e\000l\000\040\000C\000a\000p\000\355\000t\000u\000l\000o}{chapter.5}% 78
\BOOKMARK [0][-]{chapter.6}{\376\377\000S\000a\000n\000d\000r\000a\000\040\000U\000I\000\040\000C\000o\000n\000s\000o\000l\000a\000:\000\040\000P\000a\000n\000e\000l\000\040\000d\000e\000\040\000A\000d\000m\000i\000n\000i\000s\000t\000r\000a\000c\000i\000\363\000n\000\040\000E\000n\000t\000e\000r\000p\000r\000i\000s\000e}{}% 79
\BOOKMARK [1][-]{section.6.1}{\376\377\000I\000n\000t\000r\000o\000d\000u\000c\000c\000i\000\363\000n\000\040\000y\000\040\000C\000o\000n\000t\000e\000x\000t\000o}{chapter.6}% 80
\BOOKMARK [1][-]{section.6.2}{\376\377\000E\000c\000o\000s\000i\000s\000t\000e\000m\000a\000\040\000T\000e\000c\000n\000o\000l\000\363\000g\000i\000c\000o}{chapter.6}% 81
\BOOKMARK [2][-]{subsection.6.2.1}{\376\377\000B\000a\000c\000k\000e\000n\000d\000\040\000C\000o\000r\000e}{section.6.2}% 82
\BOOKMARK [2][-]{subsection.6.2.2}{\376\377\000C\000o\000m\000u\000n\000i\000c\000a\000c\000i\000\363\000n}{section.6.2}% 83
\BOOKMARK [2][-]{subsection.6.2.3}{\376\377\000B\000a\000s\000e\000\040\000d\000e\000\040\000D\000a\000t\000o\000s}{section.6.2}% 84
\BOOKMARK [1][-]{section.6.3}{\376\377\000A\000r\000q\000u\000i\000t\000e\000c\000t\000u\000r\000a\000\040\000A\000n\000g\000u\000l\000a\000r\000\040\000E\000n\000t\000e\000r\000p\000r\000i\000s\000e}{chapter.6}% 85
\BOOKMARK [2][-]{subsection.6.3.1}{\376\377\000S\000t\000a\000c\000k\000\040\000T\000e\000c\000n\000o\000l\000\363\000g\000i\000c\000o}{section.6.3}% 86
\BOOKMARK [1][-]{section.6.4}{\376\377\000N\000a\000v\000e\000g\000a\000c\000i\000\363\000n\000\040\000y\000\040\000E\000s\000t\000r\000u\000c\000t\000u\000r\000a\000\040\000d\000e\000\040\000l\000a\000\040\000C\000o\000n\000s\000o\000l\000a}{chapter.6}% 87
\BOOKMARK [2][-]{subsection.6.4.1}{\376\377\000M\000\363\000d\000u\000l\000o\000s\000\040\000d\000e\000\040\000N\000a\000v\000e\000g\000a\000c\000i\000\363\000n\000\040\000P\000r\000i\000n\000c\000i\000p\000a\000l}{section.6.4}% 88
\BOOKMARK [2][-]{subsection.6.4.2}{\376\377\000D\000a\000s\000h\000b\000o\000a\000r\000d\000\040\000P\000r\000i\000n\000c\000i\000p\000a\000l}{section.6.4}% 89
\BOOKMARK [1][-]{section.6.5}{\376\377\000S\000e\000g\000u\000r\000i\000d\000a\000d\000\040\000I\000n\000f\000o\000r\000m\000\341\000t\000i\000c\000a}{chapter.6}% 90
\BOOKMARK [2][-]{subsection.6.5.1}{\376\377\000S\000e\000g\000u\000r\000i\000d\000a\000d\000\040\000B\000a\000s\000a\000d\000a\000\040\000e\000n\000\040\000T\000o\000k\000e\000n\000s\000\040\000\050\000J\000W\000T\000\051}{section.6.5}% 91
\BOOKMARK [2][-]{subsection.6.5.2}{\376\377\000W\000e\000b\000\040\000A\000p\000p\000l\000i\000c\000a\000t\000i\000o\000n\000\040\000F\000i\000r\000e\000w\000a\000l\000l\000\040\000\050\000W\000A\000F\000\051}{section.6.5}% 92
\BOOKMARK [2][-]{subsection.6.5.3}{\376\377\000A\000u\000t\000e\000n\000t\000i\000c\000a\000c\000i\000\363\000n\000\040\000M\000u\000l\000t\000i\000f\000a\000c\000t\000o\000r\000\040\000\050\000M\000F\000A\000\051}{section.6.5}% 93
\BOOKMARK [1][-]{section.6.6}{\376\377\000M\000o\000n\000i\000t\000o\000r\000e\000o\000\040\000d\000e\000\040\000R\000e\000d\000\040\000y\000\040\000O\000b\000s\000e\000r\000v\000a\000b\000i\000l\000i\000d\000a\000d}{chapter.6}% 94
\BOOKMARK [2][-]{subsection.6.6.1}{\376\377\000H\000e\000a\000r\000t\000b\000e\000a\000t\000\040\000y\000\040\000L\000a\000t\000e\000n\000c\000i\000a}{section.6.6}% 95
\BOOKMARK [2][-]{subsection.6.6.2}{\376\377\000A\000n\000\341\000l\000i\000s\000i\000s\000\040\000d\000e\000\040\000T\000r\000\341\000f\000i\000c\000o}{section.6.6}% 96
\BOOKMARK [2][-]{subsection.6.6.3}{\376\377\000S\000a\000l\000u\000d\000\040\000d\000e\000\040\000N\000o\000d\000o\000s}{section.6.6}% 97
\BOOKMARK [1][-]{section.6.7}{\376\377\000B\000i\000t\000\341\000c\000o\000r\000a\000\040\000y\000\040\000T\000r\000a\000z\000a\000b\000i\000l\000i\000d\000a\000d}{chapter.6}% 98
\BOOKMARK [2][-]{subsection.6.7.1}{\376\377\000T\000r\000a\000z\000a\000b\000i\000l\000i\000d\000a\000d\000\040\000d\000e\000\040\000T\000r\000a\000n\000s\000a\000c\000c\000i\000o\000n\000e\000s}{section.6.7}% 99
\BOOKMARK [2][-]{subsection.6.7.2}{\376\377\000L\000o\000g\000s\000\040\000d\000e\000\040\000A\000u\000d\000i\000t\000o\000r\000\355\000a}{section.6.7}% 100
\BOOKMARK [1][-]{section.6.8}{\376\377\000O\000r\000q\000u\000e\000s\000t\000a\000c\000i\000\363\000n\000\040\000d\000e\000\040\000P\000r\000o\000c\000e\000s\000o\000s\000\040\000\050\000F\000n\000x\000\040\000E\000n\000g\000i\000n\000e\000\051}{chapter.6}% 101
\BOOKMARK [2][-]{subsection.6.8.1}{\376\377\000G\000e\000s\000t\000i\000\363\000n\000\040\000d\000e\000\040\000P\000I\000D\000s}{section.6.8}% 102
\BOOKMARK [2][-]{subsection.6.8.2}{\376\377\000E\000s\000c\000a\000n\000e\000o\000\040\000d\000e\000\040\000I\000n\000f\000r\000a\000e\000s\000t\000r\000u\000c\000t\000u\000r\000a}{section.6.8}% 103
\BOOKMARK [1][-]{section.6.9}{\376\377\000I\000n\000t\000e\000l\000i\000g\000e\000n\000c\000i\000a\000\040\000A\000r\000t\000i\000f\000i\000c\000i\000a\000l\000\040\000y\000\040\000S\000o\000p\000o\000r\000t\000e}{chapter.6}% 104
\BOOKMARK [2][-]{subsection.6.9.1}{\376\377\000S\000a\000n\000d\000r\000a\000\040\000I\000A\000\040\000-\000\040\000A\000s\000i\000s\000t\000e\000n\000t\000e\000\040\000V\000i\000r\000t\000u\000a\000l}{section.6.9}% 105
\BOOKMARK [1][-]{section.6.10}{\376\377\000N\000o\000r\000m\000a\000t\000i\000v\000a\000s\000\040\000y\000\040\000E\000s\000t\000\341\000n\000d\000a\000r\000e\000s\000\040\000I\000n\000t\000e\000r\000n\000a\000c\000i\000o\000n\000a\000l\000e\000s}{chapter.6}% 106
\BOOKMARK [2][-]{subsection.6.10.1}{\376\377\000I\000S\000O\000/\000I\000E\000C\000\040\0002\0007\0000\0000\0001\000:\000\040\000G\000e\000s\000t\000i\000\363\000n\000\040\000d\000e\000\040\000S\000e\000g\000u\000r\000i\000d\000a\000d}{section.6.10}% 107
\BOOKMARK [2][-]{subsection.6.10.2}{\376\377\000I\000S\000O\000\040\0002\0002\0003\0000\0001\000:\000\040\000C\000o\000n\000t\000i\000n\000u\000i\000d\000a\000d\000\040\000d\000e\000l\000\040\000N\000e\000g\000o\000c\000i\000o}{section.6.10}% 108
\BOOKMARK [2][-]{subsection.6.10.3}{\376\377\000I\000S\000O\000/\000I\000E\000C\000\040\0002\0005\0000\0001\0000\000:\000\040\000C\000a\000l\000i\000d\000a\000d\000\040\000d\000e\000l\000\040\000S\000o\000f\000t\000w\000a\000r\000e}{section.6.10}% 109
\BOOKMARK [1][-]{section.6.11}{\376\377\000C\000o\000m\000u\000n\000i\000c\000a\000c\000i\000\363\000n\000\040\000c\000o\000n\000\040\000S\000a\000n\000d\000r\000a\000\040\000S\000e\000r\000v\000e\000r}{chapter.6}% 110
\BOOKMARK [1][-]{section.6.12}{\376\377\000P\000l\000u\000g\000i\000n\000s\000\040\000y\000\040\000H\000e\000r\000r\000a\000m\000i\000e\000n\000t\000a\000s}{chapter.6}% 111
\BOOKMARK [2][-]{subsection.6.12.1}{\376\377\000E\000s\000c\000a\000n\000e\000a\000r\000\040\000A\000r\000c\000h\000i\000v\000o\000s\000\040\000\050\000s\000a\000n\000d\000a\000\137\000s\000c\000a\000n\000f\000\051}{section.6.12}% 112
\BOOKMARK [2][-]{subsection.6.12.2}{\376\377\000D\000e\000s\000c\000a\000r\000g\000a\000r\000\040\000A\000r\000c\000h\000i\000v\000o\000s\000\040\000S\000e\000g\000u\000r\000o\000s\000\040\000\050\000s\000a\000n\000d\000a\000\137\000d\000w\000l\000\051}{section.6.12}% 113
\BOOKMARK [1][-]{section.6.13}{\376\377\000C\000o\000n\000c\000l\000u\000s\000i\000o\000n\000e\000s\000\040\000d\000e\000l\000\040\000C\000a\000p\000\355\000t\000u\000l\000o}{chapter.6}% 114
\BOOKMARK [0][-]{chapter.7}{\376\377\000S\000a\000n\000d\000r\000a\000\040\000D\000e\000s\000k\000t\000o\000p\000\040\000C\000o\000n\000t\000a\000i\000n\000e\000r\000:\000\040\000P\000l\000a\000t\000a\000f\000o\000r\000m\000a\000\040\000d\000e\000\040\000O\000r\000q\000u\000e\000s\000t\000a\000c\000i\000\363\000n\000\040\000S\000e\000g\000u\000r\000a}{}% 115
\BOOKMARK [1][-]{section.7.1}{\376\377\000V\000i\000s\000i\000\363\000n\000\040\000T\000\351\000c\000n\000i\000c\000a\000\040\000y\000\040\000P\000r\000o\000p\000\363\000s\000i\000t\000o}{chapter.7}% 116
\BOOKMARK [2][-]{subsection.7.1.1}{\376\377\000D\000e\000f\000i\000n\000i\000c\000i\000\363\000n\000\040\000d\000e\000l\000\040\000S\000i\000s\000t\000e\000m\000a}{section.7.1}% 117
\BOOKMARK [1][-]{section.7.2}{\376\377\000S\000t\000a\000c\000k\000\040\000T\000e\000c\000n\000o\000l\000\363\000g\000i\000c\000o}{chapter.7}% 118
\BOOKMARK [2][-]{subsection.7.2.1}{\376\377\000C\000o\000r\000e\000\040\000-\000\040\000R\000u\000s\000t\000\040\000y\000\040\000T\000a\000u\000r\000i\000\040\0002\000.\0000}{section.7.2}% 119
\BOOKMARK [2][-]{subsection.7.2.2}{\376\377\000I\000n\000t\000e\000r\000f\000a\000z\000\040\000-\000\040\000A\000n\000g\000u\000l\000a\000r\000\040\000S\000t\000a\000n\000d\000a\000l\000o\000n\000e}{section.7.2}% 120
\BOOKMARK [1][-]{section.7.3}{\376\377\000E\000s\000t\000\341\000n\000d\000a\000r\000e\000s\000\040\000d\000e\000\040\000S\000e\000g\000u\000r\000i\000d\000a\000d\000\040\000y\000\040\000C\000u\000m\000p\000l\000i\000m\000i\000e\000n\000t\000o\000\040\000N\000o\000r\000m\000a\000t\000i\000v\000o}{chapter.7}% 121
\BOOKMARK [2][-]{subsection.7.3.1}{\376\377\000C\000i\000f\000r\000a\000d\000o\000\040\000y\000\040\000P\000r\000o\000t\000e\000c\000c\000i\000\363\000n\000\040\000d\000e\000\040\000D\000a\000t\000o\000s\000\040\000\050\000I\000S\000O\000/\000I\000E\000C\000\040\0002\0007\0000\0000\0001\000\051}{section.7.3}% 122
\BOOKMARK [1][-]{section.7.4}{\376\377\000A\000r\000q\000u\000i\000t\000e\000c\000t\000u\000r\000a\000\040\000d\000e\000\040\000M\000i\000c\000r\000o\000-\000F\000r\000o\000n\000t\000e\000n\000d\000s\000\040\000A\000i\000s\000l\000a\000d\000o\000s}{chapter.7}% 123
\BOOKMARK [2][-]{subsection.7.4.1}{\376\377\000S\000a\000n\000d\000b\000o\000x\000i\000n\000g\000\040\000y\000\040\000A\000i\000s\000l\000a\000m\000i\000e\000n\000t\000o}{section.7.4}% 124
\BOOKMARK [1][-]{section.7.5}{\376\377\000F\000u\000n\000d\000a\000m\000e\000n\000t\000o\000s\000\040\000C\000i\000e\000n\000t\000\355\000f\000i\000c\000o\000s\000\040\000y\000\040\000T\000\351\000c\000n\000i\000c\000o\000s}{chapter.7}% 125
\BOOKMARK [2][-]{subsection.7.5.1}{\376\377\000S\000e\000g\000u\000r\000i\000d\000a\000d\000\040\000d\000e\000\040\000M\000e\000m\000o\000r\000i\000a\000\040\000e\000n\000\040\000R\000u\000s\000t}{section.7.5}% 126
\BOOKMARK [2][-]{subsection.7.5.2}{\376\377\000C\000r\000i\000p\000t\000o\000g\000r\000a\000f\000\355\000a\000\040\000P\000r\000o\000b\000a\000b\000i\000l\000\355\000s\000t\000i\000c\000a}{section.7.5}% 127
\BOOKMARK [1][-]{section.7.6}{\376\377\000D\000e\000r\000i\000v\000a\000c\000i\000\363\000n\000\040\000d\000e\000\040\000C\000l\000a\000v\000e\000s\000\040\000d\000e\000\040\000A\000l\000t\000a\000\040\000R\000e\000s\000i\000s\000t\000e\000n\000c\000i\000a}{chapter.7}% 128
\BOOKMARK [1][-]{section.7.7}{\376\377\000C\000u\000m\000p\000l\000i\000m\000i\000e\000n\000t\000o\000\040\000L\000e\000g\000a\000l\000\040\000y\000\040\000H\000a\000c\000k\000i\000n\000g\000\040\000\311\000t\000i\000c\000o}{chapter.7}% 129
\BOOKMARK [2][-]{subsection.7.7.1}{\376\377\000P\000r\000i\000n\000c\000i\000p\000i\000o\000\040\000d\000e\000\040\000M\000\355\000n\000i\000m\000o\000\040\000P\000r\000i\000v\000i\000l\000e\000g\000i\000o\000\040\000\050\000P\000o\000L\000P\000\051}{section.7.7}% 130
\BOOKMARK [1][-]{section.7.8}{\376\377\000P\000r\000i\000v\000a\000c\000i\000d\000a\000d\000\040\000y\000\040\000P\000r\000o\000t\000e\000c\000c\000i\000\363\000n\000\040\000d\000e\000\040\000D\000a\000t\000o\000s}{chapter.7}% 131
\BOOKMARK [2][-]{subsection.7.8.1}{\376\377\000C\000u\000m\000p\000l\000i\000m\000i\000e\000n\000t\000o\000\040\000G\000D\000P\000R\000/\000L\000O\000P\000D}{section.7.8}% 132
\BOOKMARK [1][-]{section.7.9}{\376\377\000C\000a\000p\000a\000c\000i\000d\000a\000d\000e\000s\000\040\000d\000e\000l\000\040\000C\000o\000n\000t\000e\000n\000e\000d\000o\000r}{chapter.7}% 133
\BOOKMARK [2][-]{subsection.7.9.1}{\376\377\000I\000n\000s\000p\000e\000c\000t\000o\000r\000\040\000y\000\040\000D\000e\000p\000u\000r\000a\000c\000i\000\363\000n\000\040\000e\000n\000\040\000T\000i\000e\000m\000p\000o\000\040\000R\000e\000a\000l}{section.7.9}% 134
\BOOKMARK [1][-]{section.7.10}{\376\377\000T\000e\000l\000e\000m\000e\000t\000r\000\355\000a\000\040\000y\000\040\000M\000o\000n\000i\000t\000o\000r\000i\000z\000a\000c\000i\000\363\000n}{chapter.7}% 135
\BOOKMARK [1][-]{section.7.11}{\376\377\000A\000c\000t\000u\000a\000l\000i\000z\000a\000c\000i\000o\000n\000e\000s\000\040\000A\000t\000\363\000m\000i\000c\000a\000s\000\040\000y\000\040\000V\000i\000r\000t\000u\000a\000l\000i\000z\000a\000c\000i\000\363\000n}{chapter.7}% 136
\BOOKMARK [1][-]{section.7.12}{\376\377\000I\000n\000t\000e\000g\000r\000a\000c\000i\000\363\000n\000\040\000c\000o\000n\000\040\000e\000l\000\040\000E\000c\000o\000s\000i\000s\000t\000e\000m\000a}{chapter.7}% 137
\BOOKMARK [1][-]{section.7.13}{\376\377\000B\000e\000n\000e\000f\000i\000c\000i\000o\000s\000\040\000d\000e\000l\000\040\000E\000c\000o\000s\000i\000s\000t\000e\000m\000a\000\040\000S\000D\000C}{chapter.7}% 138
\BOOKMARK [1][-]{section.7.14}{\376\377\000C\000o\000n\000c\000l\000u\000s\000i\000o\000n\000e\000s\000\040\000d\000e\000l\000\040\000C\000a\000p\000\355\000t\000u\000l\000o}{chapter.7}% 139
\BOOKMARK [0][-]{chapter.8}{\376\377\000S\000a\000n\000d\000r\000a\000\040\000S\000e\000n\000t\000i\000n\000e\000l\000:\000\040\000M\000o\000t\000o\000r\000\040\000d\000e\000\040\000C\000\341\000l\000c\000u\000l\000o\000\040\000d\000e\000\040\000A\000l\000t\000o\000\040\000R\000e\000n\000d\000i\000m\000i\000e\000n\000t\000o}{}% 140
\BOOKMARK [1][-]{section.8.1}{\376\377\000I\000n\000t\000r\000o\000d\000u\000c\000c\000i\000\363\000n\000\040\000y\000\040\000P\000r\000o\000p\000\363\000s\000i\000t\000o}{chapter.8}% 141
\BOOKMARK [2][-]{subsection.8.1.1}{\376\377\000D\000e\000f\000i\000n\000i\000c\000i\000\363\000n\000\040\000d\000e\000l\000\040\000S\000i\000s\000t\000e\000m\000a}{section.8.1}% 142
\BOOKMARK [1][-]{section.8.2}{\376\377\000A\000r\000q\000u\000i\000t\000e\000c\000t\000u\000r\000a}{chapter.8}% 143
\BOOKMARK [2][-]{subsection.8.2.1}{\376\377\000S\000t\000a\000c\000k\000\040\000T\000e\000c\000n\000o\000l\000\363\000g\000i\000c\000o}{section.8.2}% 144
\BOOKMARK [1][-]{section.8.3}{\376\377\000E\000l\000\040\000M\000o\000t\000o\000r\000\040\000d\000e\000\040\000C\000\341\000l\000c\000u\000l\000o}{chapter.8}% 145
\BOOKMARK [2][-]{subsection.8.3.1}{\376\377\000M\000o\000d\000e\000l\000o\000\040\000d\000e\000\040\000D\000a\000t\000o\000s\000\040\000U\000n\000i\000f\000i\000c\000a\000d\000o}{section.8.3}% 146
\BOOKMARK [2][-]{subsection.8.3.2}{\376\377\000A\000l\000g\000o\000r\000i\000t\000m\000o\000\040\000d\000e\000\040\000F\000u\000s\000i\000\363\000n\000\040\000\050\000I\000n\000-\000M\000e\000m\000o\000r\000y\000\040\000H\000a\000s\000h\000\040\000J\000o\000i\000n\000\051}{section.8.3}% 147
\BOOKMARK [2][-]{subsection.8.3.3}{\376\377\000F\000a\000s\000e\000\040\000d\000e\000\040\000I\000n\000d\000e\000x\000a\000c\000i\000\363\000n\000\040\000\050\000B\000u\000i\000l\000d\000\040\000P\000h\000a\000s\000e\000\051}{section.8.3}% 148
\BOOKMARK [2][-]{subsection.8.3.4}{\376\377\000F\000a\000s\000e\000\040\000d\000e\000\040\000S\000o\000n\000d\000e\000o\000\040\000\050\000P\000r\000o\000b\000e\000\040\000P\000h\000a\000s\000e\000\051}{section.8.3}% 149
\BOOKMARK [2][-]{subsection.8.3.5}{\376\377\000L\000\363\000g\000i\000c\000a\000\040\000d\000e\000\040\000T\000i\000e\000m\000p\000o\000\040\000y\000\040\000J\000e\000r\000a\000r\000q\000u\000\355\000a}{section.8.3}% 150
\BOOKMARK [1][-]{section.8.4}{\376\377\000I\000n\000g\000e\000n\000i\000e\000r\000\355\000a\000\040\000d\000e\000\040\000R\000e\000n\000d\000i\000m\000i\000e\000n\000t\000o}{chapter.8}% 151
\BOOKMARK [2][-]{subsection.8.4.1}{\376\377\000E\000l\000\040\000P\000r\000o\000b\000l\000e\000m\000a\000\040\000`\000`\000S\000t\000o\000p\000-\000a\000n\000d\000-\000W\000a\000i\000t\000'\000'}{section.8.4}% 152
\BOOKMARK [2][-]{subsection.8.4.2}{\376\377\000L\000a\000\040\000S\000o\000l\000u\000c\000i\000\363\000n\000:\000\040\000A\000s\000y\000n\000c\000\040\000S\000t\000r\000e\000a\000m\000i\000n\000g\000\040\000\046\000\040\000Z\000e\000r\000o\000-\000C\000o\000p\000y\000\040\000D\000e\000s\000e\000r\000i\000a\000l\000i\000z\000a\000t\000i\000o\000n}{section.8.4}% 153
\BOOKMARK [1][-]{section.8.5}{\376\377\000P\000r\000o\000y\000e\000c\000c\000i\000\363\000n\000\040\000y\000\040\000A\000u\000d\000i\000t\000o\000r\000\355\000a}{chapter.8}% 154
\BOOKMARK [1][-]{section.8.6}{\376\377\000E\000j\000e\000c\000u\000c\000i\000\363\000n\000\040\000C\000o\000n\000t\000r\000o\000l\000a\000d\000a\000\040\000\050\000M\000a\000n\000i\000f\000i\000e\000s\000t\000o\000\040\000d\000e\000\040\000C\000a\000r\000g\000a\000\051}{chapter.8}% 155
\BOOKMARK [2][-]{subsection.8.6.1}{\376\377\000E\000s\000t\000r\000u\000c\000t\000u\000r\000a\000\040\000d\000e\000l\000\040\000M\000a\000n\000i\000f\000i\000e\000s\000t\000o}{section.8.6}% 156
\BOOKMARK [1][-]{section.8.7}{\376\377\000C\000o\000n\000c\000l\000u\000s\000i\000o\000n\000e\000s\000\040\000d\000e\000l\000\040\000C\000a\000p\000\355\000t\000u\000l\000o}{chapter.8}% 157
\BOOKMARK [0][-]{chapter.9}{\376\377\000E\000s\000t\000\341\000n\000d\000a\000r\000e\000s\000\040\000d\000e\000\040\000S\000e\000g\000u\000r\000i\000d\000a\000d}{}% 158
\BOOKMARK [1][-]{section.9.1}{\376\377\000M\000o\000d\000e\000l\000o\000\040\000d\000e\000\040\000S\000e\000g\000u\000r\000i\000d\000a\000d\000\040\000M\000u\000l\000t\000i\000c\000a\000p\000a}{chapter.9}% 159
\BOOKMARK [1][-]{section.9.2}{\376\377\000P\000r\000i\000n\000c\000i\000p\000i\000o\000s\000\040\000d\000e\000\040\000S\000e\000g\000u\000r\000i\000d\000a\000d}{chapter.9}% 160
\BOOKMARK [2][-]{subsection.9.2.1}{\376\377\000S\000e\000g\000u\000r\000i\000d\000a\000d\000\040\000p\000o\000r\000\040\000D\000i\000s\000e\000\361\000o\000\040\000\050\000S\000e\000c\000u\000r\000i\000t\000y\000\040\000b\000y\000\040\000D\000e\000s\000i\000g\000n\000\051}{section.9.2}% 161
\BOOKMARK [2][-]{subsection.9.2.2}{\376\377\000C\000o\000n\000f\000i\000a\000n\000z\000a\000\040\000C\000e\000r\000o\000\040\000\050\000Z\000e\000r\000o\000\040\000T\000r\000u\000s\000t\000\051}{section.9.2}% 162
\BOOKMARK [1][-]{section.9.3}{\376\377\000C\000r\000i\000p\000t\000o\000g\000r\000a\000f\000\355\000a\000\040\000I\000m\000p\000l\000e\000m\000e\000n\000t\000a\000d\000a}{chapter.9}% 163
\BOOKMARK [2][-]{subsection.9.3.1}{\376\377\000C\000i\000f\000r\000a\000d\000o\000\040\000d\000e\000\040\000D\000a\000t\000o\000s}{section.9.3}% 164
\BOOKMARK [2][-]{subsection.9.3.2}{\376\377\000G\000e\000s\000t\000i\000\363\000n\000\040\000d\000e\000\040\000C\000o\000n\000t\000r\000a\000s\000e\000\361\000a\000s}{section.9.3}% 165
\BOOKMARK [1][-]{section.9.4}{\376\377\000A\000u\000t\000e\000n\000t\000i\000c\000a\000c\000i\000\363\000n\000\040\000y\000\040\000A\000u\000t\000o\000r\000i\000z\000a\000c\000i\000\363\000n}{chapter.9}% 166
\BOOKMARK [2][-]{subsection.9.4.1}{\376\377\000A\000u\000t\000e\000n\000t\000i\000c\000a\000c\000i\000\363\000n\000\040\000M\000u\000l\000t\000i\000f\000a\000c\000t\000o\000r\000\040\000\050\000M\000F\000A\000\051}{section.9.4}% 167
\BOOKMARK [2][-]{subsection.9.4.2}{\376\377\000A\000u\000t\000o\000r\000i\000z\000a\000c\000i\000\363\000n}{section.9.4}% 168
\BOOKMARK [1][-]{section.9.5}{\376\377\000C\000u\000m\000p\000l\000i\000m\000i\000e\000n\000t\000o\000\040\000N\000o\000r\000m\000a\000t\000i\000v\000o}{chapter.9}% 169
\BOOKMARK [1][-]{section.9.6}{\376\377\000G\000e\000s\000t\000i\000\363\000n\000\040\000d\000e\000\040\000I\000n\000c\000i\000d\000e\000n\000t\000e\000s}{chapter.9}% 170
\BOOKMARK [0][-]{chapter.10}{\376\377\000C\000o\000n\000c\000l\000u\000s\000i\000o\000n\000e\000s\000\040\000y\000\040\000R\000e\000c\000o\000m\000e\000n\000d\000a\000c\000i\000o\000n\000e\000s}{}% 171
\BOOKMARK [1][-]{section.10.1}{\376\377\000C\000o\000n\000c\000l\000u\000s\000i\000o\000n\000e\000s}{chapter.10}% 172
\BOOKMARK [2][-]{subsection.10.1.1}{\376\377\000A\000r\000q\000u\000i\000t\000e\000c\000t\000u\000r\000a\000\040\000M\000o\000d\000e\000r\000n\000a}{section.10.1}% 173
\BOOKMARK [2][-]{subsection.10.1.2}{\376\377\000S\000o\000b\000e\000r\000a\000n\000\355\000a\000\040\000T\000e\000c\000n\000o\000l\000\363\000g\000i\000c\000a}{section.10.1}% 174
\BOOKMARK [2][-]{subsection.10.1.3}{\376\377\000C\000u\000m\000p\000l\000i\000m\000i\000e\000n\000t\000o\000\040\000L\000e\000g\000a\000l}{section.10.1}% 175
\BOOKMARK [2][-]{subsection.10.1.4}{\376\377\000S\000e\000g\000u\000r\000i\000d\000a\000d}{section.10.1}% 176
\BOOKMARK [2][-]{subsection.10.1.5}{\376\377\000E\000s\000c\000a\000l\000a\000b\000i\000l\000i\000d\000a\000d}{section.10.1}% 177
\BOOKMARK [1][-]{section.10.2}{\376\377\000R\000e\000c\000o\000m\000e\000n\000d\000a\000c\000i\000o\000n\000e\000s}{chapter.10}% 178
\BOOKMARK [1][-]{section.10.3}{\376\377\000T\000r\000a\000b\000a\000j\000o\000\040\000F\000u\000t\000u\000r\000o}{chapter.10}% 179
\BOOKMARK [0][-]{chapter*.26}{\376\377\000R\000e\000f\000e\000r\000e\000n\000c\000i\000a\000s\000\040\000B\000i\000b\000l\000i\000o\000g\000r\000\341\000f\000i\000c\000a\000s}{}% 180
\BOOKMARK [0][-]{appendix.Alph1}{\376\377\000A\000n\000e\000x\000o\000s}{}% 181
\BOOKMARK [1][-]{section.Alph1.1}{\376\377\000A\000n\000e\000x\000o\000\040\000A\000:\000\040\000G\000l\000o\000s\000a\000r\000i\000o\000\040\000d\000e\000\040\000T\000\351\000r\000m\000i\000n\000o\000s}{appendix.Alph1}% 182
