\BOOKMARK [0][-]{chapter*.1}{\376\377\000F\000i\000l\000o\000s\000o\000f\000\355\000a\000\040\000y\000\040\000P\000r\000i\000n\000c\000i\000p\000i\000o\000s}{}% 1
\BOOKMARK [0][-]{chapter*.2}{\376\377\000G\000l\000o\000s\000a\000r\000i\000o\000\040\000d\000e\000\040\000T\000\351\000r\000m\000i\000n\000o\000s}{}% 2
\BOOKMARK [-1][-]{part.1}{\376\377\000I\000\040\000F\000u\000n\000d\000a\000m\000e\000n\000t\000o\000s\000\040\000y\000\040\000P\000r\000i\000m\000e\000r\000o\000s\000\040\000P\000a\000s\000o\000s}{}% 3
\BOOKMARK [0][-]{chapter.1}{\376\377\000I\000n\000i\000c\000i\000o\000\040\000d\000e\000\040\000S\000e\000s\000i\000\363\000n}{part.1}% 4
\BOOKMARK [1][-]{section.1.1}{\376\377\000P\000r\000e\000s\000e\000n\000t\000a\000c\000i\000\363\000n\000\040\000d\000e\000l\000\040\000S\000i\000s\000t\000e\000m\000a}{chapter.1}% 5
\BOOKMARK [1][-]{section.1.2}{\376\377\000P\000a\000n\000t\000a\000l\000l\000a\000\040\000d\000e\000\040\000L\000o\000g\000i\000n}{chapter.1}% 6
\BOOKMARK [1][-]{section.1.3}{\376\377\000A\000u\000t\000e\000n\000t\000i\000c\000a\000c\000i\000\363\000n\000\040\000d\000e\000\040\000D\000o\000s\000\040\000F\000a\000c\000t\000o\000r\000e\000s}{chapter.1}% 7
\BOOKMARK [1][-]{section.1.4}{\376\377\000P\000a\000n\000t\000a\000l\000l\000a\000\040\000P\000r\000i\000n\000c\000i\000p\000a\000l}{chapter.1}% 8
\BOOKMARK [1][-]{section.1.5}{\376\377\000C\000o\000n\000f\000i\000g\000u\000r\000a\000c\000i\000\363\000n\000\040\000d\000e\000\040\000U\000s\000u\000a\000r\000i\000o}{chapter.1}% 9
\BOOKMARK [1][-]{section.1.6}{\376\377\000C\000i\000e\000r\000r\000e\000\040\000d\000e\000\040\000S\000e\000s\000i\000\363\000n}{chapter.1}% 10
\BOOKMARK [1][-]{section.1.7}{\376\377\000A\000r\000q\000u\000i\000t\000e\000c\000t\000u\000r\000a\000\040\000T\000\351\000c\000n\000i\000c\000a\000\040\000d\000e\000l\000\040\000S\000i\000s\000t\000e\000m\000a}{chapter.1}% 11
\BOOKMARK [-1][-]{part.2}{\376\377\000I\000I\000\040\000M\000\363\000d\000u\000l\000o\000\040\000d\000e\000\040\000A\000f\000i\000l\000i\000a\000c\000i\000\363\000n}{}% 12
\BOOKMARK [0][-]{chapter.2}{\376\377\000M\000\363\000d\000u\000l\000o\000\040\000d\000e\000\040\000A\000f\000i\000l\000i\000a\000c\000i\000\363\000n}{part.2}% 13
\BOOKMARK [1][-]{section.2.1}{\376\377\000D\000e\000s\000c\000r\000i\000p\000c\000i\000\363\000n\000\040\000G\000e\000n\000e\000r\000a\000l}{chapter.2}% 14
\BOOKMARK [1][-]{section.2.2}{\376\377\000A\000c\000c\000e\000s\000o\000\040\000a\000l\000\040\000M\000\363\000d\000u\000l\000o}{chapter.2}% 15
\BOOKMARK [1][-]{section.2.3}{\376\377\000D\000a\000t\000o\000s\000\040\000M\000i\000l\000i\000t\000a\000r\000e\000s}{chapter.2}% 16
\BOOKMARK [1][-]{section.2.4}{\376\377\000D\000a\000t\000o\000s\000\040\000d\000e\000\040\000S\000u\000e\000l\000d\000o\000\040\000e\000\040\000I\000n\000d\000i\000c\000a\000d\000o\000r\000e\000s}{chapter.2}% 17
\BOOKMARK [1][-]{section.2.5}{\376\377\000A\000s\000i\000g\000n\000a\000c\000i\000o\000n\000e\000s\000\040\000y\000\040\000C\000o\000m\000p\000l\000e\000m\000e\000n\000t\000o\000s}{chapter.2}% 18
\BOOKMARK [1][-]{section.2.6}{\376\377\000D\000i\000r\000e\000c\000c\000i\000\363\000n\000\040\000y\000\040\000D\000a\000t\000o\000s\000\040\000F\000\355\000s\000i\000c\000o\000s}{chapter.2}% 19
\BOOKMARK [1][-]{section.2.7}{\376\377\000C\000o\000n\000s\000u\000l\000t\000a\000r\000\040\000N\000e\000t\000o\000s}{chapter.2}% 20
\BOOKMARK [1][-]{section.2.8}{\376\377\000G\000r\000u\000p\000o\000\040\000F\000a\000m\000i\000l\000i\000a\000r\000\040\000\050\000A\000r\000t\000.\000\040\0008\000\051}{chapter.2}% 21
\BOOKMARK [1][-]{section.2.9}{\376\377\000E\000m\000i\000t\000i\000r\000\040\000T\000I\000M}{chapter.2}% 22
\BOOKMARK [1][-]{section.2.10}{\376\377\000L\000i\000b\000e\000r\000a\000c\000i\000o\000n\000e\000s}{chapter.2}% 23
\BOOKMARK [-1][-]{part.3}{\376\377\000I\000I\000I\000\040\000T\000a\000r\000j\000e\000t\000a\000\040\000d\000e\000\040\000I\000d\000e\000n\000t\000i\000f\000i\000c\000a\000c\000i\000\363\000n\000\040\000M\000i\000l\000i\000t\000a\000r}{}% 24
\BOOKMARK [0][-]{chapter.3}{\376\377\000T\000a\000r\000j\000e\000t\000a\000\040\000d\000e\000\040\000I\000d\000e\000n\000t\000i\000f\000i\000c\000a\000c\000i\000\363\000n\000\040\000M\000i\000l\000i\000t\000a\000r\000\040\000\050\000T\000I\000M\000\051}{part.3}% 25
\BOOKMARK [1][-]{section.3.1}{\376\377\000I\000n\000t\000r\000o\000d\000u\000c\000c\000i\000\363\000n}{chapter.3}% 26
\BOOKMARK [1][-]{section.3.2}{\376\377\000I\000n\000d\000i\000c\000a\000d\000o\000r\000e\000s\000\040\000d\000e\000l\000\040\000M\000\363\000d\000u\000l\000o}{chapter.3}% 27
\BOOKMARK [1][-]{section.3.3}{\376\377\000L\000i\000b\000e\000r\000a\000c\000i\000\363\000n\000\040\000d\000e\000\040\000T\000I\000M}{chapter.3}% 28
\BOOKMARK [1][-]{section.3.4}{\376\377\000A\000p\000r\000o\000b\000a\000c\000i\000\363\000n\000\040\000d\000e\000\040\000T\000I\000M}{chapter.3}% 29
\BOOKMARK [1][-]{section.3.5}{\376\377\000T\000i\000p\000o\000s\000\040\000d\000e\000\040\000T\000I\000M}{chapter.3}% 30
\BOOKMARK [1][-]{section.3.6}{\376\377\000D\000a\000t\000o\000s\000\040\000e\000n\000\040\000l\000a\000\040\000T\000I\000M}{chapter.3}% 31
\BOOKMARK [1][-]{section.3.7}{\376\377\000E\000s\000p\000e\000c\000i\000f\000i\000c\000a\000c\000i\000o\000n\000e\000s\000\040\000d\000e\000\040\000F\000o\000t\000o\000g\000r\000a\000f\000\355\000a}{chapter.3}% 32
\BOOKMARK [1][-]{section.3.8}{\376\377\000E\000s\000t\000a\000d\000o\000s\000\040\000d\000e\000\040\000S\000o\000l\000i\000c\000i\000t\000u\000d}{chapter.3}% 33
\BOOKMARK [1][-]{section.3.9}{\376\377\000R\000e\000d\000\040\000S\000a\000n\000i\000t\000a\000r\000i\000a\000\040\000M\000i\000l\000i\000t\000a\000r}{chapter.3}% 34
\BOOKMARK [-1][-]{part.4}{\376\377\000I\000V\000\040\000P\000r\000e\000s\000t\000a\000c\000i\000o\000n\000e\000s\000\040\000S\000o\000c\000i\000a\000l\000e\000s}{}% 35
\BOOKMARK [0][-]{chapter.4}{\376\377\000M\000\363\000d\000u\000l\000o\000\040\000d\000e\000\040\000P\000r\000e\000s\000t\000a\000c\000i\000o\000n\000e\000s\000\040\000S\000o\000c\000i\000a\000l\000e\000s}{part.4}% 36
\BOOKMARK [1][-]{section.4.1}{\376\377\000D\000e\000s\000c\000r\000i\000p\000c\000i\000\363\000n\000\040\000G\000e\000n\000e\000r\000a\000l}{chapter.4}% 37
\BOOKMARK [1][-]{section.4.2}{\376\377\000A\000c\000c\000e\000s\000o\000\040\000a\000l\000\040\000M\000\363\000d\000u\000l\000o}{chapter.4}% 38
\BOOKMARK [1][-]{section.4.3}{\376\377\000S\000u\000b\000m\000\363\000d\000u\000l\000o\000s\000\040\000D\000i\000s\000p\000o\000n\000i\000b\000l\000e\000s}{chapter.4}% 39
\BOOKMARK [1][-]{section.4.4}{\376\377\000F\000u\000n\000d\000a\000m\000e\000n\000t\000o\000\040\000M\000a\000t\000e\000m\000\341\000t\000i\000c\000o\000\040\000-\000\040\000A\000s\000i\000g\000n\000a\000c\000i\000\363\000n\000\040\000d\000e\000\040\000A\000n\000t\000i\000g\000\374\000e\000d\000a\000d\000\040\000\050\000A\000r\000t\000.\000\040\0005\0007\000\051}{chapter.4}% 40
\BOOKMARK [1][-]{section.4.5}{\376\377\000A\000n\000t\000i\000c\000i\000p\000o\000s\000\040\000d\000e\000l\000\040\000F\000i\000d\000e\000i\000c\000o\000m\000i\000s\000o}{chapter.4}% 41
\BOOKMARK [1][-]{section.4.6}{\376\377\000L\000i\000s\000t\000a\000\040\000y\000\040\000S\000o\000l\000i\000c\000i\000t\000u\000d\000\040\000d\000e\000\040\000A\000n\000t\000i\000c\000i\000p\000o\000s}{chapter.4}% 42
\BOOKMARK [1][-]{section.4.7}{\376\377\000F\000i\000n\000i\000q\000u\000i\000t\000o\000s}{chapter.4}% 43
\BOOKMARK [1][-]{section.4.8}{\376\377\000G\000e\000s\000t\000i\000\363\000n\000\040\000J\000u\000d\000i\000c\000i\000a\000l\000\040\000\050\000A\000r\000t\000.\000\040\0006\0000\000\040\000y\000\040\0006\0001\000\051}{chapter.4}% 44
\BOOKMARK [1][-]{section.4.9}{\376\377\000M\000o\000v\000i\000m\000i\000e\000n\000t\000o\000s\000\040\000d\000e\000l\000\040\000F\000i\000d\000e\000i\000c\000o\000m\000i\000s\000o}{chapter.4}% 45
\BOOKMARK [1][-]{section.4.10}{\376\377\000\323\000r\000d\000e\000n\000e\000s\000\040\000d\000e\000\040\000P\000a\000g\000o}{chapter.4}% 46
\BOOKMARK [1][-]{section.4.11}{\376\377\000P\000r\000o\000c\000e\000s\000a\000m\000i\000e\000n\000t\000o\000\040\000e\000n\000\040\000L\000o\000t\000e}{chapter.4}% 47
\BOOKMARK [1][-]{section.4.12}{\376\377\000R\000e\000p\000o\000r\000t\000e\000s}{chapter.4}% 48
\BOOKMARK [-1][-]{part.5}{\376\377\000V\000\040\000N\000\363\000m\000i\000n\000a\000\040\000d\000e\000\040\000P\000e\000n\000s\000i\000o\000n\000a\000d\000o\000s}{}% 49
\BOOKMARK [0][-]{chapter.5}{\376\377\000M\000\363\000d\000u\000l\000o\000\040\000d\000e\000\040\000N\000\363\000m\000i\000n\000a\000\040\000d\000e\000\040\000P\000e\000n\000s\000i\000o\000n\000a\000d\000o\000s}{part.5}% 50
\BOOKMARK [1][-]{section.5.1}{\376\377\000D\000e\000s\000c\000r\000i\000p\000c\000i\000\363\000n\000\040\000G\000e\000n\000e\000r\000a\000l}{chapter.5}% 51
\BOOKMARK [1][-]{section.5.2}{\376\377\000S\000u\000b\000m\000\363\000d\000u\000l\000o\000s\000\040\000D\000i\000s\000p\000o\000n\000i\000b\000l\000e\000s}{chapter.5}% 52
\BOOKMARK [1][-]{section.5.3}{\376\377\000C\000\341\000l\000c\000u\000l\000o\000s\000\040\000d\000e\000\040\000N\000\363\000m\000i\000n\000a\000\040\000-\000\040\000R\000e\000s\000e\000r\000v\000a\000\040\000A\000c\000t\000i\000v\000a\000\040\000\050\000A\000r\000t\000.\000\040\0003\0004\000\040\000y\000\040\0003\0008\000\051}{chapter.5}% 53
\BOOKMARK [1][-]{section.5.4}{\376\377\000T\000a\000b\000u\000l\000a\000d\000o\000r\000\040\000d\000e\000\040\000C\000o\000n\000c\000e\000p\000t\000o\000s}{chapter.5}% 54
\BOOKMARK [1][-]{section.5.5}{\376\377\000V\000e\000c\000t\000o\000r\000\040\000d\000e\000\040\000S\000o\000b\000r\000e\000v\000i\000v\000i\000e\000n\000t\000e\000s\000\040\000e\000\040\000I\000n\000v\000a\000l\000i\000d\000e\000z\000\040\000\050\000A\000r\000t\000.\000\040\0004\0003\000\040\000y\000\040\0004\0006\000\051}{chapter.5}% 55
\BOOKMARK [1][-]{section.5.6}{\376\377\000I\000n\000t\000e\000g\000r\000a\000c\000i\000\363\000n\000\040\000S\000i\000s\000t\000e\000m\000a\000\040\000P\000a\000t\000r\000i\000a}{chapter.5}% 56
\BOOKMARK [1][-]{section.5.7}{\376\377\000R\000e\000t\000r\000o\000a\000c\000t\000i\000v\000o\000s\000\040\000\050\000A\000r\000t\000.\000\040\0003\0009\000\040\000-\000\040\000H\000o\000m\000o\000l\000o\000g\000a\000c\000i\000\363\000n\000\051}{chapter.5}% 57
\BOOKMARK [1][-]{section.5.8}{\376\377\000C\000a\000l\000c\000u\000l\000a\000d\000o\000r\000a\000\040\000d\000e\000\040\000P\000e\000n\000s\000i\000o\000n\000e\000s}{chapter.5}% 58
\BOOKMARK [1][-]{section.5.9}{\376\377\000E\000s\000t\000a\000d\000o\000s\000\040\000d\000e\000l\000\040\000C\000\341\000l\000c\000u\000l\000o}{chapter.5}% 59
\BOOKMARK [1][-]{section.5.10}{\376\377\000C\000o\000n\000s\000u\000l\000t\000a\000\040\000d\000e\000\040\000P\000a\000g\000o\000s}{chapter.5}% 60
\BOOKMARK [1][-]{section.5.11}{\376\377\000R\000e\000p\000o\000r\000t\000e\000s\000\040\000d\000e\000l\000\040\000M\000\363\000d\000u\000l\000o}{chapter.5}% 61
\BOOKMARK [-1][-]{part.6}{\376\377\000V\000I\000\040\000C\000o\000n\000f\000i\000g\000u\000r\000a\000c\000i\000o\000n\000e\000s\000\040\000d\000e\000l\000\040\000S\000i\000s\000t\000e\000m\000a}{}% 62
\BOOKMARK [0][-]{chapter.6}{\376\377\000M\000\363\000d\000u\000l\000o\000\040\000d\000e\000\040\000C\000o\000n\000f\000i\000g\000u\000r\000a\000c\000i\000\363\000n}{part.6}% 63
\BOOKMARK [1][-]{section.6.1}{\376\377\000D\000e\000s\000c\000r\000i\000p\000c\000i\000\363\000n\000\040\000G\000e\000n\000e\000r\000a\000l}{chapter.6}% 64
\BOOKMARK [1][-]{section.6.2}{\376\377\000S\000u\000b\000m\000\363\000d\000u\000l\000o\000s\000\040\000D\000i\000s\000p\000o\000n\000i\000b\000l\000e\000s}{chapter.6}% 65
\BOOKMARK [1][-]{section.6.3}{\376\377\000P\000a\000r\000\341\000m\000e\000t\000r\000o\000s\000\040\000d\000e\000l\000\040\000S\000i\000s\000t\000e\000m\000a}{chapter.6}% 66
\BOOKMARK [1][-]{section.6.4}{\376\377\000T\000a\000s\000a\000\040\000d\000e\000l\000\040\000B\000a\000n\000c\000o\000\040\000C\000e\000n\000t\000r\000a\000l\000\040\000d\000e\000\040\000V\000e\000n\000e\000z\000u\000e\000l\000a}{chapter.6}% 67
\BOOKMARK [1][-]{section.6.5}{\376\377\000D\000i\000r\000e\000c\000t\000i\000v\000a\000s\000\040\000P\000D\000F}{chapter.6}% 68
\BOOKMARK [1][-]{section.6.6}{\376\377\000A\000u\000t\000h\000\040\000D\000a\000t\000a\000\040\000\050\000S\000e\000g\000u\000r\000i\000d\000a\000d\000\051}{chapter.6}% 69
\BOOKMARK [1][-]{section.6.7}{\376\377\000L\000o\000g\000s\000\040\000d\000e\000\040\000A\000u\000d\000i\000t\000o\000r\000\355\000a}{chapter.6}% 70
\BOOKMARK [1][-]{section.6.8}{\376\377\000B\000i\000t\000\341\000c\000o\000r\000a\000\040\000d\000e\000\040\000C\000a\000m\000b\000i\000o\000s}{chapter.6}% 71
\BOOKMARK [1][-]{section.6.9}{\376\377\000R\000e\000s\000p\000a\000l\000d\000o\000\040\000y\000\040\000R\000e\000s\000t\000a\000u\000r\000a\000c\000i\000\363\000n}{chapter.6}% 72
\BOOKMARK [1][-]{section.6.10}{\376\377\000U\000s\000u\000a\000r\000i\000o\000s\000\040\000y\000\040\000P\000e\000r\000m\000i\000s\000o\000s}{chapter.6}% 73
